

Microchip MPLAB XC8 Assembler V2.31 build 20201012212115 
                                                                                               Mon Aug 09 00:50:56 2021

Microchip MPLAB XC8 C Compiler v2.31 (Free license) build 20201012212115 Og1 
     1                           	processor	16F887
     2                           	pagewidth 120
     3                           	opt	flic
     4                           	psect	cinit,global,class=CODE,merge=1,delta=2
     5                           	psect	bssBANK0,global,class=BANK0,space=1,delta=1,noexec
     6                           	psect	cstackCOMMON,global,class=COMMON,space=1,delta=1,noexec
     7                           	psect	cstackBANK0,global,class=BANK0,space=1,delta=1,noexec
     8                           	psect	maintext,global,class=CODE,split=1,delta=2
     9                           	psect	text1,local,class=CODE,merge=1,delta=2
    10                           	psect	text2,local,class=CODE,merge=1,delta=2
    11                           	psect	text3,local,class=CODE,merge=1,delta=2,group=1
    12                           	psect	text4,local,class=CODE,merge=1,delta=2
    13                           	psect	text5,local,class=CODE,merge=1,delta=2
    14                           	psect	text6,local,class=CODE,merge=1,delta=2
    15                           	psect	text7,local,class=CODE,merge=1,delta=2
    16                           	psect	text8,local,class=CODE,merge=1,delta=2
    17                           	psect	config,global,abs,ovrld,class=CONFIG,space=4,delta=2,noexec
    18                           	dabs	1,0x7E,2
    19  0000                     
    20                           ; Version 2.20
    21                           ; Generated 12/02/2020 GMT
    22                           ; 
    23                           ; Copyright © 2020, Microchip Technology Inc. and its subsidiaries ("Microchip")
    24                           ; All rights reserved.
    25                           ; 
    26                           ; This software is developed by Microchip Technology Inc. and its subsidiaries ("Microch
      +                          ip").
    27                           ; 
    28                           ; Redistribution and use in source and binary forms, with or without modification, are
    29                           ; permitted provided that the following conditions are met:
    30                           ; 
    31                           ;     1. Redistributions of source code must retain the above copyright notice, this lis
      +                          t of
    32                           ;        conditions and the following disclaimer.
    33                           ; 
    34                           ;     2. Redistributions in binary form must reproduce the above copyright notice, this 
      +                          list
    35                           ;        of conditions and the following disclaimer in the documentation and/or other
    36                           ;        materials provided with the distribution.
    37                           ; 
    38                           ;     3. Microchip's name may not be used to endorse or promote products derived from th
      +                          is
    39                           ;        software without specific prior written permission.
    40                           ; 
    41                           ; THIS SOFTWARE IS PROVIDED BY MICROCHIP "AS IS" AND ANY EXPRESS OR IMPLIED WARRANTIES,
    42                           ; INCLUDING, BUT NOT LIMITED TO, THE IMPLIED WARRANTIES OF MERCHANTABILITY AND FITNESS F
      +                          OR
    43                           ; PURPOSE ARE DISCLAIMED.  IN NO EVENT SHALL MICROCHIP BE LIABLE FOR ANY DIRECT, INDIREC
      +                          T,
    44                           ; INCIDENTAL, SPECIAL, EXEMPLARY, OR CONSEQUENTIAL DAMAGES (INCLUDING BUT NOT LIMITED TO
    45                           ; PROCUREMENT OF SUBSTITUTE GOODS OR SERVICES; LOSS OF USE, DATA OR PROFITS; OR BUSINESS
    46                           ; INTERRUPTION) HOWSOEVER CAUSED AND ON ANY THEORY OF LIABILITY, WHETHER IN CONTRACT, ST
      +                          RICT
    47                           ; LIABILITY, OR TORT (INCLUDING NEGLIGENCE OR OTHERWISE) ARISING IN ANY WAY OUT OF THE U
      +                          SE OF
    48                           ; THIS SOFTWARE, EVEN IF ADVISED OF THE POSSIBILITY OF SUCH DAMAGE.
    49                           ; 
    50                           ; 
    51                           ; Code-generator required, PIC16F887 Definitions
    52                           ; 
    53                           ; SFR Addresses
    54  0000                     	;# 
    55  0001                     	;# 
    56  0002                     	;# 
    57  0003                     	;# 
    58  0004                     	;# 
    59  0005                     	;# 
    60  0006                     	;# 
    61  0007                     	;# 
    62  0008                     	;# 
    63  0009                     	;# 
    64  000A                     	;# 
    65  000B                     	;# 
    66  000C                     	;# 
    67  000D                     	;# 
    68  000E                     	;# 
    69  000E                     	;# 
    70  000F                     	;# 
    71  0010                     	;# 
    72  0011                     	;# 
    73  0012                     	;# 
    74  0013                     	;# 
    75  0014                     	;# 
    76  0015                     	;# 
    77  0015                     	;# 
    78  0016                     	;# 
    79  0017                     	;# 
    80  0018                     	;# 
    81  0019                     	;# 
    82  001A                     	;# 
    83  001B                     	;# 
    84  001B                     	;# 
    85  001C                     	;# 
    86  001D                     	;# 
    87  001E                     	;# 
    88  001F                     	;# 
    89  0081                     	;# 
    90  0085                     	;# 
    91  0086                     	;# 
    92  0087                     	;# 
    93  0088                     	;# 
    94  0089                     	;# 
    95  008C                     	;# 
    96  008D                     	;# 
    97  008E                     	;# 
    98  008F                     	;# 
    99  0090                     	;# 
   100  0091                     	;# 
   101  0092                     	;# 
   102  0093                     	;# 
   103  0093                     	;# 
   104  0093                     	;# 
   105  0094                     	;# 
   106  0095                     	;# 
   107  0096                     	;# 
   108  0097                     	;# 
   109  0098                     	;# 
   110  0099                     	;# 
   111  009A                     	;# 
   112  009B                     	;# 
   113  009C                     	;# 
   114  009D                     	;# 
   115  009E                     	;# 
   116  009F                     	;# 
   117  0105                     	;# 
   118  0107                     	;# 
   119  0108                     	;# 
   120  0109                     	;# 
   121  010C                     	;# 
   122  010C                     	;# 
   123  010D                     	;# 
   124  010E                     	;# 
   125  010F                     	;# 
   126  0185                     	;# 
   127  0187                     	;# 
   128  0188                     	;# 
   129  0189                     	;# 
   130  018C                     	;# 
   131  018D                     	;# 
   132  0000                     	;# 
   133  0001                     	;# 
   134  0002                     	;# 
   135  0003                     	;# 
   136  0004                     	;# 
   137  0005                     	;# 
   138  0006                     	;# 
   139  0007                     	;# 
   140  0008                     	;# 
   141  0009                     	;# 
   142  000A                     	;# 
   143  000B                     	;# 
   144  000C                     	;# 
   145  000D                     	;# 
   146  000E                     	;# 
   147  000E                     	;# 
   148  000F                     	;# 
   149  0010                     	;# 
   150  0011                     	;# 
   151  0012                     	;# 
   152  0013                     	;# 
   153  0014                     	;# 
   154  0015                     	;# 
   155  0015                     	;# 
   156  0016                     	;# 
   157  0017                     	;# 
   158  0018                     	;# 
   159  0019                     	;# 
   160  001A                     	;# 
   161  001B                     	;# 
   162  001B                     	;# 
   163  001C                     	;# 
   164  001D                     	;# 
   165  001E                     	;# 
   166  001F                     	;# 
   167  0081                     	;# 
   168  0085                     	;# 
   169  0086                     	;# 
   170  0087                     	;# 
   171  0088                     	;# 
   172  0089                     	;# 
   173  008C                     	;# 
   174  008D                     	;# 
   175  008E                     	;# 
   176  008F                     	;# 
   177  0090                     	;# 
   178  0091                     	;# 
   179  0092                     	;# 
   180  0093                     	;# 
   181  0093                     	;# 
   182  0093                     	;# 
   183  0094                     	;# 
   184  0095                     	;# 
   185  0096                     	;# 
   186  0097                     	;# 
   187  0098                     	;# 
   188  0099                     	;# 
   189  009A                     	;# 
   190  009B                     	;# 
   191  009C                     	;# 
   192  009D                     	;# 
   193  009E                     	;# 
   194  009F                     	;# 
   195  0105                     	;# 
   196  0107                     	;# 
   197  0108                     	;# 
   198  0109                     	;# 
   199  010C                     	;# 
   200  010C                     	;# 
   201  010D                     	;# 
   202  010E                     	;# 
   203  010F                     	;# 
   204  0185                     	;# 
   205  0187                     	;# 
   206  0188                     	;# 
   207  0189                     	;# 
   208  018C                     	;# 
   209  018D                     	;# 
   210  0000                     	;# 
   211  0001                     	;# 
   212  0002                     	;# 
   213  0003                     	;# 
   214  0004                     	;# 
   215  0005                     	;# 
   216  0006                     	;# 
   217  0007                     	;# 
   218  0008                     	;# 
   219  0009                     	;# 
   220  000A                     	;# 
   221  000B                     	;# 
   222  000C                     	;# 
   223  000D                     	;# 
   224  000E                     	;# 
   225  000E                     	;# 
   226  000F                     	;# 
   227  0010                     	;# 
   228  0011                     	;# 
   229  0012                     	;# 
   230  0013                     	;# 
   231  0014                     	;# 
   232  0015                     	;# 
   233  0015                     	;# 
   234  0016                     	;# 
   235  0017                     	;# 
   236  0018                     	;# 
   237  0019                     	;# 
   238  001A                     	;# 
   239  001B                     	;# 
   240  001B                     	;# 
   241  001C                     	;# 
   242  001D                     	;# 
   243  001E                     	;# 
   244  001F                     	;# 
   245  0081                     	;# 
   246  0085                     	;# 
   247  0086                     	;# 
   248  0087                     	;# 
   249  0088                     	;# 
   250  0089                     	;# 
   251  008C                     	;# 
   252  008D                     	;# 
   253  008E                     	;# 
   254  008F                     	;# 
   255  0090                     	;# 
   256  0091                     	;# 
   257  0092                     	;# 
   258  0093                     	;# 
   259  0093                     	;# 
   260  0093                     	;# 
   261  0094                     	;# 
   262  0095                     	;# 
   263  0096                     	;# 
   264  0097                     	;# 
   265  0098                     	;# 
   266  0099                     	;# 
   267  009A                     	;# 
   268  009B                     	;# 
   269  009C                     	;# 
   270  009D                     	;# 
   271  009E                     	;# 
   272  009F                     	;# 
   273  0105                     	;# 
   274  0107                     	;# 
   275  0108                     	;# 
   276  0109                     	;# 
   277  010C                     	;# 
   278  010C                     	;# 
   279  010D                     	;# 
   280  010E                     	;# 
   281  010F                     	;# 
   282  0185                     	;# 
   283  0187                     	;# 
   284  0188                     	;# 
   285  0189                     	;# 
   286  018C                     	;# 
   287  018D                     	;# 
   288  0013                     _SSPBUF	set	19
   289  0014                     _SSPCON	set	20
   290  0005                     _PORTA	set	5
   291  0008                     _PORTD	set	8
   292  0006                     _PORTB	set	6
   293  0063                     _SSPIF	set	99
   294  005E                     _PEIE	set	94
   295  005F                     _GIE	set	95
   296  0091                     _SSPCON2bits	set	145
   297  0087                     _TRISCbits	set	135
   298  0094                     _SSPSTAT	set	148
   299  0093                     _SSPADD	set	147
   300  0091                     _SSPCON2	set	145
   301  008F                     _OSCCONbits	set	143
   302  0088                     _TRISD	set	136
   303  0085                     _TRISA	set	133
   304  0086                     _TRISB	set	134
   305  0463                     _SSPIE	set	1123
   306  043C                     _TRISC4	set	1084
   307  043B                     _TRISC3	set	1083
   308  0189                     _ANSELH	set	393
   309  0188                     _ANSEL	set	392
   310                           
   311                           	psect	cinit
   312  07F9                     start_initialization:	
   313                           ; #config settings
   314                           
   315  07F9                     __initialization:
   316                           
   317                           ; Clear objects allocated to BANK0
   318  07F9  1283               	bcf	3,5	;RP0=0, select bank0
   319  07FA  1303               	bcf	3,6	;RP1=0, select bank0
   320  07FB  01AB               	clrf	__pbssBANK0& (0+127)
   321  07FC                     end_of_initialization:	
   322                           ;End of C runtime variable initialization code
   323                           
   324  07FC                     __end_of__initialization:
   325  07FC  0183               	clrf	3
   326  07FD  120A  118A  2F3B   	ljmp	_main	;jump to C main() function
   327                           
   328                           	psect	bssBANK0
   329  002B                     __pbssBANK0:
   330  002B                     _inv:
   331  002B                     	ds	1
   332                           
   333                           	psect	cstackCOMMON
   334  0070                     __pcstackCOMMON:
   335  0070                     ?_setup:
   336  0070                     ?_I2C_Master_Start:	
   337                           ; 1 bytes @ 0x0
   338                           
   339  0070                     ??_I2C_Master_Start:	
   340                           ; 1 bytes @ 0x0
   341                           
   342  0070                     ?_I2C_Master_Write:	
   343                           ; 1 bytes @ 0x0
   344                           
   345  0070                     ?_I2C_Master_Stop:	
   346                           ; 1 bytes @ 0x0
   347                           
   348  0070                     ??_I2C_Master_Stop:	
   349                           ; 1 bytes @ 0x0
   350                           
   351  0070                     ?_main:	
   352                           ; 1 bytes @ 0x0
   353                           
   354  0070                     ?_I2C_Master_Wait:	
   355                           ; 1 bytes @ 0x0
   356                           
   357  0070                     ??_I2C_Master_Wait:	
   358                           ; 1 bytes @ 0x0
   359                           
   360  0070                     ?_I2C_Master_Read:	
   361                           ; 1 bytes @ 0x0
   362                           
   363  0070                     ?___lldiv:	
   364                           ; 2 bytes @ 0x0
   365                           
   366  0070                     I2C_Master_Write@d:	
   367                           ; 4 bytes @ 0x0
   368                           
   369  0070                     I2C_Master_Read@a:	
   370                           ; 2 bytes @ 0x0
   371                           
   372  0070                     ___lldiv@divisor:	
   373                           ; 2 bytes @ 0x0
   374                           
   375                           
   376                           ; 4 bytes @ 0x0
   377  0070                     	ds	2
   378  0072                     ??_I2C_Master_Write:
   379  0072                     ??_I2C_Master_Read:	
   380                           ; 1 bytes @ 0x2
   381                           
   382                           
   383                           ; 1 bytes @ 0x2
   384  0072                     	ds	2
   385  0074                     I2C_Master_Read@temp:
   386  0074                     ___lldiv@dividend:	
   387                           ; 2 bytes @ 0x4
   388                           
   389                           
   390                           ; 4 bytes @ 0x4
   391  0074                     	ds	4
   392  0078                     ??___lldiv:
   393                           
   394                           ; 1 bytes @ 0x8
   395  0078                     	ds	1
   396  0079                     ___lldiv@quotient:
   397                           
   398                           ; 4 bytes @ 0x9
   399  0079                     	ds	4
   400  007D                     ___lldiv@counter:
   401                           
   402                           ; 1 bytes @ 0xD
   403  007D                     	ds	1
   404  007E                     ??_setup:
   405                           
   406                           	psect	cstackBANK0
   407  0020                     __pcstackBANK0:	
   408                           ; 1 bytes @ 0xE
   409                           
   410  0020                     ?_I2C_Master_Init:
   411  0020                     I2C_Master_Init@c:	
   412                           ; 1 bytes @ 0x0
   413                           
   414                           
   415                           ; 4 bytes @ 0x0
   416  0020                     	ds	4
   417  0024                     ??_I2C_Master_Init:
   418                           
   419                           ; 1 bytes @ 0x4
   420  0024                     	ds	4
   421  0028                     ??_main:
   422                           
   423                           ; 1 bytes @ 0x8
   424  0028                     	ds	3
   425                           
   426                           	psect	maintext
   427  073B                     __pmaintext:	
   428 ;;
   429 ;;Main: autosize = 0, tempsize = 3, incstack = 0, save=0
   430 ;;
   431 ;; *************** function _main *****************
   432 ;; Defined at:
   433 ;;		line 48 in file "I2CMAESTRO.c"
   434 ;; Parameters:    Size  Location     Type
   435 ;;		None
   436 ;; Auto vars:     Size  Location     Type
   437 ;;		None
   438 ;; Return value:  Size  Location     Type
   439 ;;                  1    wreg      void 
   440 ;; Registers used:
   441 ;;		wreg, status,2, status,0, pclath, cstack
   442 ;; Tracked objects:
   443 ;;		On entry : B00/0
   444 ;;		On exit  : 0/0
   445 ;;		Unchanged: 0/0
   446 ;; Data sizes:     COMMON   BANK0   BANK1   BANK3   BANK2
   447 ;;      Params:         0       0       0       0       0
   448 ;;      Locals:         0       0       0       0       0
   449 ;;      Temps:          0       3       0       0       0
   450 ;;      Totals:         0       3       0       0       0
   451 ;;Total ram usage:        3 bytes
   452 ;; Hardware stack levels required when called:    3
   453 ;; This function calls:
   454 ;;		_I2C_Master_Read
   455 ;;		_I2C_Master_Start
   456 ;;		_I2C_Master_Stop
   457 ;;		_I2C_Master_Write
   458 ;;		_setup
   459 ;; This function is called by:
   460 ;;		Startup code after reset
   461 ;; This function uses a non-reentrant model
   462 ;;
   463                           
   464                           
   465                           ;psect for function _main
   466  073B                     _main:
   467  073B                     l884:	
   468                           ;incstack = 0
   469                           ; Regs used in _main: [wreg+status,2+status,0+pclath+cstack]
   470                           
   471                           
   472                           ;I2CMAESTRO.c: 49:     setup();
   473  073B  120A  118A  264B  120A  118A  	fcall	_setup
   474  0740                     l39:	
   475                           ;I2CMAESTRO.c: 50:     while(1){
   476                           
   477                           
   478                           ;I2CMAESTRO.c: 52:         I2C_Master_Start();
   479  0740  120A  118A  2622  120A  118A  	fcall	_I2C_Master_Start
   480                           
   481                           ;I2CMAESTRO.c: 53:         I2C_Master_Write(0x51);
   482  0745  3051               	movlw	81
   483  0746  00F0               	movwf	I2C_Master_Write@d
   484  0747  3000               	movlw	0
   485  0748  00F1               	movwf	I2C_Master_Write@d+1
   486  0749  120A  118A  2634  120A  118A  	fcall	_I2C_Master_Write
   487                           
   488                           ;I2CMAESTRO.c: 54:         PORTB = I2C_Master_Read(0);
   489  074E  3000               	movlw	0
   490  074F  00F0               	movwf	I2C_Master_Read@a
   491  0750  00F1               	movwf	I2C_Master_Read@a+1
   492  0751  120A  118A  266F  120A  118A  	fcall	_I2C_Master_Read
   493  0756  0870               	movf	?_I2C_Master_Read,w
   494  0757  1283               	bcf	3,5	;RP0=0, select bank0
   495  0758  1303               	bcf	3,6	;RP1=0, select bank0
   496  0759  0086               	movwf	6	;volatile
   497                           
   498                           ;I2CMAESTRO.c: 55:         I2C_Master_Stop();
   499  075A  120A  118A  262B  120A  118A  	fcall	_I2C_Master_Stop
   500  075F                     l886:
   501                           
   502                           ;I2CMAESTRO.c: 56:         _delay((unsigned long)((200)*(8000000/4000.0)));
   503  075F  3003               	movlw	3
   504  0760  1283               	bcf	3,5	;RP0=0, select bank0
   505  0761  1303               	bcf	3,6	;RP1=0, select bank0
   506  0762  00AA               	movwf	??_main+2
   507  0763  3008               	movlw	8
   508  0764  00A9               	movwf	??_main+1
   509  0765  3076               	movlw	118
   510  0766  00A8               	movwf	??_main
   511  0767                     u217:
   512  0767  0BA8               	decfsz	??_main,f
   513  0768  2F67               	goto	u217
   514  0769  0BA9               	decfsz	??_main+1,f
   515  076A  2F67               	goto	u217
   516  076B  0BAA               	decfsz	??_main+2,f
   517  076C  2F67               	goto	u217
   518  076D  0000               	nop
   519  076E                     l888:
   520                           
   521                           ;I2CMAESTRO.c: 58:         I2C_Master_Start();
   522  076E  120A  118A  2622  120A  118A  	fcall	_I2C_Master_Start
   523  0773                     l890:
   524                           
   525                           ;I2CMAESTRO.c: 59:         I2C_Master_Write(0x61);
   526  0773  3061               	movlw	97
   527  0774  00F0               	movwf	I2C_Master_Write@d
   528  0775  3000               	movlw	0
   529  0776  00F1               	movwf	I2C_Master_Write@d+1
   530  0777  120A  118A  2634  120A  118A  	fcall	_I2C_Master_Write
   531  077C                     l892:
   532                           
   533                           ;I2CMAESTRO.c: 60:         PORTD = I2C_Master_Read(0);
   534  077C  3000               	movlw	0
   535  077D  00F0               	movwf	I2C_Master_Read@a
   536  077E  00F1               	movwf	I2C_Master_Read@a+1
   537  077F  120A  118A  266F  120A  118A  	fcall	_I2C_Master_Read
   538  0784  0870               	movf	?_I2C_Master_Read,w
   539  0785  1283               	bcf	3,5	;RP0=0, select bank0
   540  0786  1303               	bcf	3,6	;RP1=0, select bank0
   541  0787  0088               	movwf	8	;volatile
   542  0788                     l894:
   543                           
   544                           ;I2CMAESTRO.c: 61:         I2C_Master_Stop();
   545  0788  120A  118A  262B  120A  118A  	fcall	_I2C_Master_Stop
   546  078D                     l896:
   547                           
   548                           ;I2CMAESTRO.c: 62:         _delay((unsigned long)((200)*(8000000/4000.0)));
   549  078D  3003               	movlw	3
   550  078E  1283               	bcf	3,5	;RP0=0, select bank0
   551  078F  1303               	bcf	3,6	;RP1=0, select bank0
   552  0790  00AA               	movwf	??_main+2
   553  0791  3008               	movlw	8
   554  0792  00A9               	movwf	??_main+1
   555  0793  3076               	movlw	118
   556  0794  00A8               	movwf	??_main
   557  0795                     u227:
   558  0795  0BA8               	decfsz	??_main,f
   559  0796  2F95               	goto	u227
   560  0797  0BA9               	decfsz	??_main+1,f
   561  0798  2F95               	goto	u227
   562  0799  0BAA               	decfsz	??_main+2,f
   563  079A  2F95               	goto	u227
   564  079B  0000               	nop
   565                           
   566                           ;I2CMAESTRO.c: 64:         I2C_Master_Start();
   567  079C  120A  118A  2622  120A  118A  	fcall	_I2C_Master_Start
   568                           
   569                           ;I2CMAESTRO.c: 65:         I2C_Master_Write(0x80);
   570  07A1  3080               	movlw	128
   571  07A2  00F0               	movwf	I2C_Master_Write@d
   572  07A3  3000               	movlw	0
   573  07A4  00F1               	movwf	I2C_Master_Write@d+1
   574  07A5  120A  118A  2634  120A  118A  	fcall	_I2C_Master_Write
   575                           
   576                           ;I2CMAESTRO.c: 66:         I2C_Master_Write(0xF3);
   577  07AA  30F3               	movlw	243
   578  07AB  00F0               	movwf	I2C_Master_Write@d
   579  07AC  3000               	movlw	0
   580  07AD  00F1               	movwf	I2C_Master_Write@d+1
   581  07AE  120A  118A  2634  120A  118A  	fcall	_I2C_Master_Write
   582                           
   583                           ;I2CMAESTRO.c: 67:         I2C_Master_Stop();
   584  07B3  120A  118A  262B  120A  118A  	fcall	_I2C_Master_Stop
   585  07B8                     l898:
   586                           
   587                           ;I2CMAESTRO.c: 68:         _delay((unsigned long)((200)*(8000000/4000.0)));
   588  07B8  3003               	movlw	3
   589  07B9  1283               	bcf	3,5	;RP0=0, select bank0
   590  07BA  1303               	bcf	3,6	;RP1=0, select bank0
   591  07BB  00AA               	movwf	??_main+2
   592  07BC  3008               	movlw	8
   593  07BD  00A9               	movwf	??_main+1
   594  07BE  3076               	movlw	118
   595  07BF  00A8               	movwf	??_main
   596  07C0                     u237:
   597  07C0  0BA8               	decfsz	??_main,f
   598  07C1  2FC0               	goto	u237
   599  07C2  0BA9               	decfsz	??_main+1,f
   600  07C3  2FC0               	goto	u237
   601  07C4  0BAA               	decfsz	??_main+2,f
   602  07C5  2FC0               	goto	u237
   603  07C6  0000               	nop
   604  07C7                     l900:
   605                           
   606                           ;I2CMAESTRO.c: 70:         I2C_Master_Start();
   607  07C7  120A  118A  2622  120A  118A  	fcall	_I2C_Master_Start
   608  07CC                     l902:
   609                           
   610                           ;I2CMAESTRO.c: 71:         I2C_Master_Write(0x81);
   611  07CC  3081               	movlw	129
   612  07CD  00F0               	movwf	I2C_Master_Write@d
   613  07CE  3000               	movlw	0
   614  07CF  00F1               	movwf	I2C_Master_Write@d+1
   615  07D0  120A  118A  2634  120A  118A  	fcall	_I2C_Master_Write
   616  07D5                     l904:
   617                           
   618                           ;I2CMAESTRO.c: 72:         PORTA = I2C_Master_Read(0);
   619  07D5  3000               	movlw	0
   620  07D6  00F0               	movwf	I2C_Master_Read@a
   621  07D7  00F1               	movwf	I2C_Master_Read@a+1
   622  07D8  120A  118A  266F  120A  118A  	fcall	_I2C_Master_Read
   623  07DD  0870               	movf	?_I2C_Master_Read,w
   624  07DE  1283               	bcf	3,5	;RP0=0, select bank0
   625  07DF  1303               	bcf	3,6	;RP1=0, select bank0
   626  07E0  0085               	movwf	5	;volatile
   627  07E1                     l906:
   628                           
   629                           ;I2CMAESTRO.c: 73:         I2C_Master_Stop();
   630  07E1  120A  118A  262B  120A  118A  	fcall	_I2C_Master_Stop
   631  07E6                     l908:
   632                           
   633                           ;I2CMAESTRO.c: 74:         _delay((unsigned long)((200)*(8000000/4000.0)));
   634  07E6  3003               	movlw	3
   635  07E7  1283               	bcf	3,5	;RP0=0, select bank0
   636  07E8  1303               	bcf	3,6	;RP1=0, select bank0
   637  07E9  00AA               	movwf	??_main+2
   638  07EA  3008               	movlw	8
   639  07EB  00A9               	movwf	??_main+1
   640  07EC  3076               	movlw	118
   641  07ED  00A8               	movwf	??_main
   642  07EE                     u247:
   643  07EE  0BA8               	decfsz	??_main,f
   644  07EF  2FEE               	goto	u247
   645  07F0  0BA9               	decfsz	??_main+1,f
   646  07F1  2FEE               	goto	u247
   647  07F2  0BAA               	decfsz	??_main+2,f
   648  07F3  2FEE               	goto	u247
   649  07F4  0000               	nop
   650  07F5  2F40               	goto	l39
   651  07F6  120A  118A  2800   	ljmp	start
   652  07F9                     __end_of_main:
   653                           
   654                           	psect	text1
   655  064B                     __ptext1:	
   656 ;; *************** function _setup *****************
   657 ;; Defined at:
   658 ;;		line 81 in file "I2CMAESTRO.c"
   659 ;; Parameters:    Size  Location     Type
   660 ;;		None
   661 ;; Auto vars:     Size  Location     Type
   662 ;;		None
   663 ;; Return value:  Size  Location     Type
   664 ;;                  1    wreg      void 
   665 ;; Registers used:
   666 ;;		wreg, status,2, status,0, pclath, cstack
   667 ;; Tracked objects:
   668 ;;		On entry : 0/0
   669 ;;		On exit  : 0/0
   670 ;;		Unchanged: 0/0
   671 ;; Data sizes:     COMMON   BANK0   BANK1   BANK3   BANK2
   672 ;;      Params:         0       0       0       0       0
   673 ;;      Locals:         0       0       0       0       0
   674 ;;      Temps:          0       0       0       0       0
   675 ;;      Totals:         0       0       0       0       0
   676 ;;Total ram usage:        0 bytes
   677 ;; Hardware stack levels used:    1
   678 ;; Hardware stack levels required when called:    2
   679 ;; This function calls:
   680 ;;		_I2C_Master_Init
   681 ;; This function is called by:
   682 ;;		_main
   683 ;; This function uses a non-reentrant model
   684 ;;
   685                           
   686                           
   687                           ;psect for function _setup
   688  064B                     _setup:
   689  064B                     l852:	
   690                           ;incstack = 0
   691                           ; Regs used in _setup: [wreg+status,2+status,0+pclath+cstack]
   692                           
   693                           
   694                           ;I2CMAESTRO.c: 82:     ANSEL = 0;
   695  064B  1683               	bsf	3,5	;RP0=1, select bank3
   696  064C  1703               	bsf	3,6	;RP1=1, select bank3
   697  064D  0188               	clrf	8	;volatile
   698                           
   699                           ;I2CMAESTRO.c: 83:     ANSELH = 0;
   700  064E  0189               	clrf	9	;volatile
   701                           
   702                           ;I2CMAESTRO.c: 84:     TRISB = 0;
   703  064F  1683               	bsf	3,5	;RP0=1, select bank1
   704  0650  1303               	bcf	3,6	;RP1=0, select bank1
   705  0651  0186               	clrf	6	;volatile
   706                           
   707                           ;I2CMAESTRO.c: 85:     TRISA = 0;
   708  0652  0185               	clrf	5	;volatile
   709                           
   710                           ;I2CMAESTRO.c: 86:     TRISD = 0;
   711  0653  0188               	clrf	8	;volatile
   712                           
   713                           ;I2CMAESTRO.c: 87:     PORTA = 0;
   714  0654  1283               	bcf	3,5	;RP0=0, select bank0
   715  0655  1303               	bcf	3,6	;RP1=0, select bank0
   716  0656  0185               	clrf	5	;volatile
   717                           
   718                           ;I2CMAESTRO.c: 88:     PORTB = 0;
   719  0657  0186               	clrf	6	;volatile
   720                           
   721                           ;I2CMAESTRO.c: 89:     PORTD = 0;
   722  0658  0188               	clrf	8	;volatile
   723  0659                     l854:
   724                           
   725                           ;I2CMAESTRO.c: 91:     OSCCONbits.IRCF2 = 1;
   726  0659  1683               	bsf	3,5	;RP0=1, select bank1
   727  065A  1303               	bcf	3,6	;RP1=0, select bank1
   728  065B  170F               	bsf	15,6	;volatile
   729  065C                     l856:
   730                           
   731                           ;I2CMAESTRO.c: 92:     OSCCONbits.IRCF1 = 1;
   732  065C  168F               	bsf	15,5	;volatile
   733  065D                     l858:
   734                           
   735                           ;I2CMAESTRO.c: 93:     OSCCONbits.IRCF0 = 1;
   736  065D  160F               	bsf	15,4	;volatile
   737  065E                     l860:
   738                           
   739                           ;I2CMAESTRO.c: 94:     OSCCONbits.SCS = 1;
   740  065E  140F               	bsf	15,0	;volatile
   741  065F                     l862:
   742                           
   743                           ;I2CMAESTRO.c: 95:     I2C_Master_Init(100000);
   744  065F  3000               	movlw	0
   745  0660  1283               	bcf	3,5	;RP0=0, select bank0
   746  0661  1303               	bcf	3,6	;RP1=0, select bank0
   747  0662  00A3               	movwf	I2C_Master_Init@c+3
   748  0663  3001               	movlw	1
   749  0664  00A2               	movwf	I2C_Master_Init@c+2
   750  0665  3086               	movlw	134
   751  0666  00A1               	movwf	I2C_Master_Init@c+1
   752  0667  30A0               	movlw	160
   753  0668  00A0               	movwf	I2C_Master_Init@c
   754  0669  120A  118A  269D  120A  118A  	fcall	_I2C_Master_Init
   755  066E                     l45:
   756  066E  0008               	return
   757  066F                     __end_of_setup:
   758                           
   759                           	psect	text2
   760  069D                     __ptext2:	
   761 ;; *************** function _I2C_Master_Init *****************
   762 ;; Defined at:
   763 ;;		line 11 in file "I2C.c"
   764 ;; Parameters:    Size  Location     Type
   765 ;;  c               4    0[BANK0 ] const unsigned long 
   766 ;; Auto vars:     Size  Location     Type
   767 ;;		None
   768 ;; Return value:  Size  Location     Type
   769 ;;                  1    wreg      void 
   770 ;; Registers used:
   771 ;;		wreg, status,2, status,0, pclath, cstack
   772 ;; Tracked objects:
   773 ;;		On entry : 0/0
   774 ;;		On exit  : 0/0
   775 ;;		Unchanged: 0/0
   776 ;; Data sizes:     COMMON   BANK0   BANK1   BANK3   BANK2
   777 ;;      Params:         0       4       0       0       0
   778 ;;      Locals:         0       0       0       0       0
   779 ;;      Temps:          0       4       0       0       0
   780 ;;      Totals:         0       8       0       0       0
   781 ;;Total ram usage:        8 bytes
   782 ;; Hardware stack levels used:    1
   783 ;; Hardware stack levels required when called:    1
   784 ;; This function calls:
   785 ;;		___lldiv
   786 ;; This function is called by:
   787 ;;		_setup
   788 ;; This function uses a non-reentrant model
   789 ;;
   790                           
   791                           
   792                           ;psect for function _I2C_Master_Init
   793  069D                     _I2C_Master_Init:
   794  069D                     l840:	
   795                           ;incstack = 0
   796                           ; Regs used in _I2C_Master_Init: [wreg+status,2+status,0+pclath+cstack]
   797                           
   798                           
   799                           ;I2C.c: 11: void I2C_Master_Init(const unsigned long c);I2C.c: 12: {;I2C.c: 13:     SSPC
      +                          ON = 0b00101000;
   800  069D  3028               	movlw	40
   801  069E  1283               	bcf	3,5	;RP0=0, select bank0
   802  069F  1303               	bcf	3,6	;RP1=0, select bank0
   803  06A0  0094               	movwf	20	;volatile
   804  06A1                     l842:
   805                           
   806                           ;I2C.c: 14:     SSPCON2 = 0;
   807  06A1  1683               	bsf	3,5	;RP0=1, select bank1
   808  06A2  1303               	bcf	3,6	;RP1=0, select bank1
   809  06A3  0191               	clrf	17	;volatile
   810  06A4                     l844:
   811                           
   812                           ;I2C.c: 15:     SSPADD = (8000000/(4*c))-1;
   813  06A4  1283               	bcf	3,5	;RP0=0, select bank0
   814  06A5  1303               	bcf	3,6	;RP1=0, select bank0
   815  06A6  0820               	movf	I2C_Master_Init@c,w
   816  06A7  00A4               	movwf	??_I2C_Master_Init
   817  06A8  0821               	movf	I2C_Master_Init@c+1,w
   818  06A9  00A5               	movwf	??_I2C_Master_Init+1
   819  06AA  0822               	movf	I2C_Master_Init@c+2,w
   820  06AB  00A6               	movwf	??_I2C_Master_Init+2
   821  06AC  0823               	movf	I2C_Master_Init@c+3,w
   822  06AD  00A7               	movwf	??_I2C_Master_Init+3
   823  06AE  3002               	movlw	2
   824  06AF                     u195:
   825  06AF  1003               	clrc
   826  06B0  0DA4               	rlf	??_I2C_Master_Init,f
   827  06B1  0DA5               	rlf	??_I2C_Master_Init+1,f
   828  06B2  0DA6               	rlf	??_I2C_Master_Init+2,f
   829  06B3  0DA7               	rlf	??_I2C_Master_Init+3,f
   830  06B4                     u190:
   831  06B4  3EFF               	addlw	-1
   832  06B5  1D03               	skipz
   833  06B6  2EAF               	goto	u195
   834  06B7  0827               	movf	??_I2C_Master_Init+3,w
   835  06B8  00F3               	movwf	___lldiv@divisor+3
   836  06B9  0826               	movf	??_I2C_Master_Init+2,w
   837  06BA  00F2               	movwf	___lldiv@divisor+2
   838  06BB  0825               	movf	??_I2C_Master_Init+1,w
   839  06BC  00F1               	movwf	___lldiv@divisor+1
   840  06BD  0824               	movf	??_I2C_Master_Init,w
   841  06BE  00F0               	movwf	___lldiv@divisor
   842  06BF  3000               	movlw	0
   843  06C0  00F7               	movwf	___lldiv@dividend+3
   844  06C1  307A               	movlw	122
   845  06C2  00F6               	movwf	___lldiv@dividend+2
   846  06C3  3012               	movlw	18
   847  06C4  00F5               	movwf	___lldiv@dividend+1
   848  06C5  3000               	movlw	0
   849  06C6  00F4               	movwf	___lldiv@dividend
   850  06C7  120A  118A  26D5  120A  118A  	fcall	___lldiv
   851  06CC  0870               	movf	?___lldiv,w
   852  06CD  3EFF               	addlw	255
   853  06CE  1683               	bsf	3,5	;RP0=1, select bank1
   854  06CF  1303               	bcf	3,6	;RP1=0, select bank1
   855  06D0  0093               	movwf	19	;volatile
   856  06D1                     l846:
   857                           
   858                           ;I2C.c: 16:     SSPSTAT = 0;
   859  06D1  0194               	clrf	20	;volatile
   860  06D2                     l848:
   861                           
   862                           ;I2C.c: 17:     TRISCbits.TRISC3 = 1;
   863  06D2  1587               	bsf	7,3	;volatile
   864  06D3                     l850:
   865                           
   866                           ;I2C.c: 18:     TRISCbits.TRISC4 = 1;
   867  06D3  1607               	bsf	7,4	;volatile
   868  06D4                     l74:
   869  06D4  0008               	return
   870  06D5                     __end_of_I2C_Master_Init:
   871                           
   872                           	psect	text3
   873  06D5                     __ptext3:	
   874 ;; *************** function ___lldiv *****************
   875 ;; Defined at:
   876 ;;		line 5 in file "C:\Program Files\Microchip\xc8\v2.31\pic\sources\c90\common\__lldiv.c"
   877 ;; Parameters:    Size  Location     Type
   878 ;;  divisor         4    0[COMMON] unsigned long 
   879 ;;  dividend        4    4[COMMON] unsigned long 
   880 ;; Auto vars:     Size  Location     Type
   881 ;;  quotient        4    9[COMMON] unsigned long 
   882 ;;  counter         1   13[COMMON] unsigned char 
   883 ;; Return value:  Size  Location     Type
   884 ;;                  4    0[COMMON] unsigned long 
   885 ;; Registers used:
   886 ;;		wreg, status,2, status,0
   887 ;; Tracked objects:
   888 ;;		On entry : 0/0
   889 ;;		On exit  : 0/0
   890 ;;		Unchanged: 0/0
   891 ;; Data sizes:     COMMON   BANK0   BANK1   BANK3   BANK2
   892 ;;      Params:         8       0       0       0       0
   893 ;;      Locals:         5       0       0       0       0
   894 ;;      Temps:          1       0       0       0       0
   895 ;;      Totals:        14       0       0       0       0
   896 ;;Total ram usage:       14 bytes
   897 ;; Hardware stack levels used:    1
   898 ;; This function calls:
   899 ;;		Nothing
   900 ;; This function is called by:
   901 ;;		_I2C_Master_Init
   902 ;; This function uses a non-reentrant model
   903 ;;
   904                           
   905                           
   906                           ;psect for function ___lldiv
   907  06D5                     ___lldiv:
   908  06D5                     l816:	
   909                           ;incstack = 0
   910                           ; Regs used in ___lldiv: [wreg+status,2+status,0]
   911                           
   912  06D5  3000               	movlw	0
   913  06D6  00FC               	movwf	___lldiv@quotient+3
   914  06D7  3000               	movlw	0
   915  06D8  00FB               	movwf	___lldiv@quotient+2
   916  06D9  3000               	movlw	0
   917  06DA  00FA               	movwf	___lldiv@quotient+1
   918  06DB  3000               	movlw	0
   919  06DC  00F9               	movwf	___lldiv@quotient
   920  06DD  0873               	movf	___lldiv@divisor+3,w
   921  06DE  0472               	iorwf	___lldiv@divisor+2,w
   922  06DF  0471               	iorwf	___lldiv@divisor+1,w
   923  06E0  0470               	iorwf	___lldiv@divisor,w
   924  06E1  1903               	skipnz
   925  06E2  2EE4               	goto	u121
   926  06E3  2EE5               	goto	u120
   927  06E4                     u121:
   928  06E4  2F32               	goto	l836
   929  06E5                     u120:
   930  06E5                     l818:
   931  06E5  01FD               	clrf	___lldiv@counter
   932  06E6  0AFD               	incf	___lldiv@counter,f
   933  06E7  2EF5               	goto	l822
   934  06E8                     l820:
   935  06E8  3001               	movlw	1
   936  06E9  00F8               	movwf	??___lldiv
   937  06EA                     u135:
   938  06EA  1003               	clrc
   939  06EB  0DF0               	rlf	___lldiv@divisor,f
   940  06EC  0DF1               	rlf	___lldiv@divisor+1,f
   941  06ED  0DF2               	rlf	___lldiv@divisor+2,f
   942  06EE  0DF3               	rlf	___lldiv@divisor+3,f
   943  06EF  0BF8               	decfsz	??___lldiv,f
   944  06F0  2EEA               	goto	u135
   945  06F1  3001               	movlw	1
   946  06F2  00F8               	movwf	??___lldiv
   947  06F3  0878               	movf	??___lldiv,w
   948  06F4  07FD               	addwf	___lldiv@counter,f
   949  06F5                     l822:
   950  06F5  1FF3               	btfss	___lldiv@divisor+3,7
   951  06F6  2EF8               	goto	u141
   952  06F7  2EF9               	goto	u140
   953  06F8                     u141:
   954  06F8  2EE8               	goto	l820
   955  06F9                     u140:
   956  06F9                     l824:
   957  06F9  3001               	movlw	1
   958  06FA  00F8               	movwf	??___lldiv
   959  06FB                     u155:
   960  06FB  1003               	clrc
   961  06FC  0DF9               	rlf	___lldiv@quotient,f
   962  06FD  0DFA               	rlf	___lldiv@quotient+1,f
   963  06FE  0DFB               	rlf	___lldiv@quotient+2,f
   964  06FF  0DFC               	rlf	___lldiv@quotient+3,f
   965  0700  0BF8               	decfsz	??___lldiv,f
   966  0701  2EFB               	goto	u155
   967  0702                     l826:
   968  0702  0873               	movf	___lldiv@divisor+3,w
   969  0703  0277               	subwf	___lldiv@dividend+3,w
   970  0704  1D03               	skipz
   971  0705  2F10               	goto	u165
   972  0706  0872               	movf	___lldiv@divisor+2,w
   973  0707  0276               	subwf	___lldiv@dividend+2,w
   974  0708  1D03               	skipz
   975  0709  2F10               	goto	u165
   976  070A  0871               	movf	___lldiv@divisor+1,w
   977  070B  0275               	subwf	___lldiv@dividend+1,w
   978  070C  1D03               	skipz
   979  070D  2F10               	goto	u165
   980  070E  0870               	movf	___lldiv@divisor,w
   981  070F  0274               	subwf	___lldiv@dividend,w
   982  0710                     u165:
   983  0710  1C03               	skipc
   984  0711  2F13               	goto	u161
   985  0712  2F14               	goto	u160
   986  0713                     u161:
   987  0713  2F23               	goto	l832
   988  0714                     u160:
   989  0714                     l828:
   990  0714  0870               	movf	___lldiv@divisor,w
   991  0715  02F4               	subwf	___lldiv@dividend,f
   992  0716  0871               	movf	___lldiv@divisor+1,w
   993  0717  1C03               	skipc
   994  0718  0F71               	incfsz	___lldiv@divisor+1,w
   995  0719  02F5               	subwf	___lldiv@dividend+1,f
   996  071A  0872               	movf	___lldiv@divisor+2,w
   997  071B  1C03               	skipc
   998  071C  0F72               	incfsz	___lldiv@divisor+2,w
   999  071D  02F6               	subwf	___lldiv@dividend+2,f
  1000  071E  0873               	movf	___lldiv@divisor+3,w
  1001  071F  1C03               	skipc
  1002  0720  0F73               	incfsz	___lldiv@divisor+3,w
  1003  0721  02F7               	subwf	___lldiv@dividend+3,f
  1004  0722                     l830:
  1005  0722  1479               	bsf	___lldiv@quotient,0
  1006  0723                     l832:
  1007  0723  3001               	movlw	1
  1008  0724                     u175:
  1009  0724  1003               	clrc
  1010  0725  0CF3               	rrf	___lldiv@divisor+3,f
  1011  0726  0CF2               	rrf	___lldiv@divisor+2,f
  1012  0727  0CF1               	rrf	___lldiv@divisor+1,f
  1013  0728  0CF0               	rrf	___lldiv@divisor,f
  1014  0729  3EFF               	addlw	-1
  1015  072A  1D03               	skipz
  1016  072B  2F24               	goto	u175
  1017  072C                     l834:
  1018  072C  3001               	movlw	1
  1019  072D  02FD               	subwf	___lldiv@counter,f
  1020  072E  1D03               	btfss	3,2
  1021  072F  2F31               	goto	u181
  1022  0730  2F32               	goto	u180
  1023  0731                     u181:
  1024  0731  2EF9               	goto	l824
  1025  0732                     u180:
  1026  0732                     l836:
  1027  0732  087C               	movf	___lldiv@quotient+3,w
  1028  0733  00F3               	movwf	?___lldiv+3
  1029  0734  087B               	movf	___lldiv@quotient+2,w
  1030  0735  00F2               	movwf	?___lldiv+2
  1031  0736  087A               	movf	___lldiv@quotient+1,w
  1032  0737  00F1               	movwf	?___lldiv+1
  1033  0738  0879               	movf	___lldiv@quotient,w
  1034  0739  00F0               	movwf	?___lldiv
  1035  073A                     l222:
  1036  073A  0008               	return
  1037  073B                     __end_of___lldiv:
  1038                           
  1039                           	psect	text4
  1040  0634                     __ptext4:	
  1041 ;; *************** function _I2C_Master_Write *****************
  1042 ;; Defined at:
  1043 ;;		line 60 in file "I2C.c"
  1044 ;; Parameters:    Size  Location     Type
  1045 ;;  d               2    0[COMMON] unsigned int 
  1046 ;; Auto vars:     Size  Location     Type
  1047 ;;		None
  1048 ;; Return value:  Size  Location     Type
  1049 ;;                  1    wreg      void 
  1050 ;; Registers used:
  1051 ;;		wreg, status,2, status,0, pclath, cstack
  1052 ;; Tracked objects:
  1053 ;;		On entry : 0/0
  1054 ;;		On exit  : 0/0
  1055 ;;		Unchanged: 0/0
  1056 ;; Data sizes:     COMMON   BANK0   BANK1   BANK3   BANK2
  1057 ;;      Params:         2       0       0       0       0
  1058 ;;      Locals:         0       0       0       0       0
  1059 ;;      Temps:          0       0       0       0       0
  1060 ;;      Totals:         2       0       0       0       0
  1061 ;;Total ram usage:        2 bytes
  1062 ;; Hardware stack levels used:    1
  1063 ;; Hardware stack levels required when called:    1
  1064 ;; This function calls:
  1065 ;;		_I2C_Master_Wait
  1066 ;; This function is called by:
  1067 ;;		_main
  1068 ;; This function uses a non-reentrant model
  1069 ;;
  1070                           
  1071                           
  1072                           ;psect for function _I2C_Master_Write
  1073  0634                     _I2C_Master_Write:
  1074  0634                     l864:	
  1075                           ;incstack = 0
  1076                           ; Regs used in _I2C_Master_Write: [wreg+status,2+status,0+pclath+cstack]
  1077                           
  1078                           
  1079                           ;I2C.c: 60: void I2C_Master_Write(unsigned d);I2C.c: 61: {;I2C.c: 62:     I2C_Master_Wai
      +                          t();
  1080  0634  120A  118A  263E  120A  118A  	fcall	_I2C_Master_Wait
  1081  0639                     l866:
  1082                           
  1083                           ;I2C.c: 63:     SSPBUF = d;
  1084  0639  0870               	movf	I2C_Master_Write@d,w
  1085  063A  1283               	bcf	3,5	;RP0=0, select bank0
  1086  063B  1303               	bcf	3,6	;RP1=0, select bank0
  1087  063C  0093               	movwf	19	;volatile
  1088  063D                     l92:
  1089  063D  0008               	return
  1090  063E                     __end_of_I2C_Master_Write:
  1091                           
  1092                           	psect	text5
  1093  062B                     __ptext5:	
  1094 ;; *************** function _I2C_Master_Stop *****************
  1095 ;; Defined at:
  1096 ;;		line 50 in file "I2C.c"
  1097 ;; Parameters:    Size  Location     Type
  1098 ;;		None
  1099 ;; Auto vars:     Size  Location     Type
  1100 ;;		None
  1101 ;; Return value:  Size  Location     Type
  1102 ;;                  1    wreg      void 
  1103 ;; Registers used:
  1104 ;;		wreg, status,2, status,0, pclath, cstack
  1105 ;; Tracked objects:
  1106 ;;		On entry : 0/0
  1107 ;;		On exit  : 0/0
  1108 ;;		Unchanged: 0/0
  1109 ;; Data sizes:     COMMON   BANK0   BANK1   BANK3   BANK2
  1110 ;;      Params:         0       0       0       0       0
  1111 ;;      Locals:         0       0       0       0       0
  1112 ;;      Temps:          0       0       0       0       0
  1113 ;;      Totals:         0       0       0       0       0
  1114 ;;Total ram usage:        0 bytes
  1115 ;; Hardware stack levels used:    1
  1116 ;; Hardware stack levels required when called:    1
  1117 ;; This function calls:
  1118 ;;		_I2C_Master_Wait
  1119 ;; This function is called by:
  1120 ;;		_main
  1121 ;; This function uses a non-reentrant model
  1122 ;;
  1123                           
  1124                           
  1125                           ;psect for function _I2C_Master_Stop
  1126  062B                     _I2C_Master_Stop:
  1127  062B                     l768:	
  1128                           ;incstack = 0
  1129                           ; Regs used in _I2C_Master_Stop: [wreg+status,2+status,0+pclath+cstack]
  1130                           
  1131                           
  1132                           ;I2C.c: 52:     I2C_Master_Wait();
  1133  062B  120A  118A  263E  120A  118A  	fcall	_I2C_Master_Wait
  1134  0630                     l770:
  1135                           
  1136                           ;I2C.c: 53:     SSPCON2bits.PEN = 1;
  1137  0630  1683               	bsf	3,5	;RP0=1, select bank1
  1138  0631  1303               	bcf	3,6	;RP1=0, select bank1
  1139  0632  1511               	bsf	17,2	;volatile
  1140  0633                     l89:
  1141  0633  0008               	return
  1142  0634                     __end_of_I2C_Master_Stop:
  1143                           
  1144                           	psect	text6
  1145  0622                     __ptext6:	
  1146 ;; *************** function _I2C_Master_Start *****************
  1147 ;; Defined at:
  1148 ;;		line 34 in file "I2C.c"
  1149 ;; Parameters:    Size  Location     Type
  1150 ;;		None
  1151 ;; Auto vars:     Size  Location     Type
  1152 ;;		None
  1153 ;; Return value:  Size  Location     Type
  1154 ;;                  1    wreg      void 
  1155 ;; Registers used:
  1156 ;;		wreg, status,2, status,0, pclath, cstack
  1157 ;; Tracked objects:
  1158 ;;		On entry : 0/0
  1159 ;;		On exit  : 0/0
  1160 ;;		Unchanged: 0/0
  1161 ;; Data sizes:     COMMON   BANK0   BANK1   BANK3   BANK2
  1162 ;;      Params:         0       0       0       0       0
  1163 ;;      Locals:         0       0       0       0       0
  1164 ;;      Temps:          0       0       0       0       0
  1165 ;;      Totals:         0       0       0       0       0
  1166 ;;Total ram usage:        0 bytes
  1167 ;; Hardware stack levels used:    1
  1168 ;; Hardware stack levels required when called:    1
  1169 ;; This function calls:
  1170 ;;		_I2C_Master_Wait
  1171 ;; This function is called by:
  1172 ;;		_main
  1173 ;; This function uses a non-reentrant model
  1174 ;;
  1175                           
  1176                           
  1177                           ;psect for function _I2C_Master_Start
  1178  0622                     _I2C_Master_Start:
  1179  0622                     l744:	
  1180                           ;incstack = 0
  1181                           ; Regs used in _I2C_Master_Start: [wreg+status,2+status,0+pclath+cstack]
  1182                           
  1183                           
  1184                           ;I2C.c: 36:     I2C_Master_Wait();
  1185  0622  120A  118A  263E  120A  118A  	fcall	_I2C_Master_Wait
  1186  0627                     l746:
  1187                           
  1188                           ;I2C.c: 37:     SSPCON2bits.SEN = 1;
  1189  0627  1683               	bsf	3,5	;RP0=1, select bank1
  1190  0628  1303               	bcf	3,6	;RP1=0, select bank1
  1191  0629  1411               	bsf	17,0	;volatile
  1192  062A                     l83:
  1193  062A  0008               	return
  1194  062B                     __end_of_I2C_Master_Start:
  1195                           
  1196                           	psect	text7
  1197  066F                     __ptext7:	
  1198 ;; *************** function _I2C_Master_Read *****************
  1199 ;; Defined at:
  1200 ;;		line 69 in file "I2C.c"
  1201 ;; Parameters:    Size  Location     Type
  1202 ;;  a               2    0[COMMON] unsigned short 
  1203 ;; Auto vars:     Size  Location     Type
  1204 ;;  temp            2    4[COMMON] unsigned short 
  1205 ;; Return value:  Size  Location     Type
  1206 ;;                  2    0[COMMON] unsigned short 
  1207 ;; Registers used:
  1208 ;;		wreg, status,2, status,0, pclath, cstack
  1209 ;; Tracked objects:
  1210 ;;		On entry : 0/0
  1211 ;;		On exit  : 0/0
  1212 ;;		Unchanged: 0/0
  1213 ;; Data sizes:     COMMON   BANK0   BANK1   BANK3   BANK2
  1214 ;;      Params:         2       0       0       0       0
  1215 ;;      Locals:         2       0       0       0       0
  1216 ;;      Temps:          2       0       0       0       0
  1217 ;;      Totals:         6       0       0       0       0
  1218 ;;Total ram usage:        6 bytes
  1219 ;; Hardware stack levels used:    1
  1220 ;; Hardware stack levels required when called:    1
  1221 ;; This function calls:
  1222 ;;		_I2C_Master_Wait
  1223 ;; This function is called by:
  1224 ;;		_main
  1225 ;; This function uses a non-reentrant model
  1226 ;;
  1227                           
  1228                           
  1229                           ;psect for function _I2C_Master_Read
  1230  066F                     _I2C_Master_Read:
  1231  066F                     l868:	
  1232                           ;incstack = 0
  1233                           ; Regs used in _I2C_Master_Read: [wreg+status,2+status,0+pclath+cstack]
  1234                           
  1235                           
  1236                           ;I2C.c: 69: unsigned short I2C_Master_Read(unsigned short a);I2C.c: 70: {;I2C.c: 71:    
      +                           unsigned short temp;;I2C.c: 72:     I2C_Master_Wait();
  1237  066F  120A  118A  263E  120A  118A  	fcall	_I2C_Master_Wait
  1238  0674                     l870:
  1239                           
  1240                           ;I2C.c: 73:     SSPCON2bits.RCEN = 1;
  1241  0674  1683               	bsf	3,5	;RP0=1, select bank1
  1242  0675  1303               	bcf	3,6	;RP1=0, select bank1
  1243  0676  1591               	bsf	17,3	;volatile
  1244                           
  1245                           ;I2C.c: 74:     I2C_Master_Wait();
  1246  0677  120A  118A  263E  120A  118A  	fcall	_I2C_Master_Wait
  1247  067C                     l872:
  1248                           
  1249                           ;I2C.c: 75:     temp = SSPBUF;
  1250  067C  1283               	bcf	3,5	;RP0=0, select bank0
  1251  067D  1303               	bcf	3,6	;RP1=0, select bank0
  1252  067E  0813               	movf	19,w	;volatile
  1253  067F  00F2               	movwf	??_I2C_Master_Read
  1254  0680  01F3               	clrf	??_I2C_Master_Read+1
  1255  0681  0872               	movf	??_I2C_Master_Read,w
  1256  0682  00F4               	movwf	I2C_Master_Read@temp
  1257  0683  0873               	movf	??_I2C_Master_Read+1,w
  1258  0684  00F5               	movwf	I2C_Master_Read@temp+1
  1259  0685                     l874:
  1260                           
  1261                           ;I2C.c: 76:     I2C_Master_Wait();
  1262  0685  120A  118A  263E  120A  118A  	fcall	_I2C_Master_Wait
  1263  068A                     l876:
  1264                           
  1265                           ;I2C.c: 77:     if(a == 1){
  1266  068A  0370               	decf	I2C_Master_Read@a,w
  1267  068B  0471               	iorwf	I2C_Master_Read@a+1,w
  1268  068C  1D03               	btfss	3,2
  1269  068D  2E8F               	goto	u201
  1270  068E  2E90               	goto	u200
  1271  068F                     u201:
  1272  068F  2E94               	goto	l95
  1273  0690                     u200:
  1274  0690                     l878:
  1275                           
  1276                           ;I2C.c: 78:         SSPCON2bits.ACKDT = 0;
  1277  0690  1683               	bsf	3,5	;RP0=1, select bank1
  1278  0691  1303               	bcf	3,6	;RP1=0, select bank1
  1279  0692  1291               	bcf	17,5	;volatile
  1280                           
  1281                           ;I2C.c: 79:     }else{
  1282  0693  2E97               	goto	l96
  1283  0694                     l95:
  1284                           
  1285                           ;I2C.c: 80:         SSPCON2bits.ACKDT = 1;
  1286  0694  1683               	bsf	3,5	;RP0=1, select bank1
  1287  0695  1303               	bcf	3,6	;RP1=0, select bank1
  1288  0696  1691               	bsf	17,5	;volatile
  1289  0697                     l96:	
  1290                           ;I2C.c: 81:     }
  1291                           
  1292                           
  1293                           ;I2C.c: 82:     SSPCON2bits.ACKEN = 1;
  1294  0697  1611               	bsf	17,4	;volatile
  1295  0698                     l880:
  1296                           
  1297                           ;I2C.c: 83:     return temp;
  1298  0698  0875               	movf	I2C_Master_Read@temp+1,w
  1299  0699  00F1               	movwf	?_I2C_Master_Read+1
  1300  069A  0874               	movf	I2C_Master_Read@temp,w
  1301  069B  00F0               	movwf	?_I2C_Master_Read
  1302  069C                     l97:
  1303  069C  0008               	return
  1304  069D                     __end_of_I2C_Master_Read:
  1305                           
  1306                           	psect	text8
  1307  063E                     __ptext8:	
  1308 ;; *************** function _I2C_Master_Wait *****************
  1309 ;; Defined at:
  1310 ;;		line 27 in file "I2C.c"
  1311 ;; Parameters:    Size  Location     Type
  1312 ;;		None
  1313 ;; Auto vars:     Size  Location     Type
  1314 ;;		None
  1315 ;; Return value:  Size  Location     Type
  1316 ;;                  1    wreg      void 
  1317 ;; Registers used:
  1318 ;;		wreg, status,2
  1319 ;; Tracked objects:
  1320 ;;		On entry : 0/0
  1321 ;;		On exit  : 0/0
  1322 ;;		Unchanged: 0/0
  1323 ;; Data sizes:     COMMON   BANK0   BANK1   BANK3   BANK2
  1324 ;;      Params:         0       0       0       0       0
  1325 ;;      Locals:         0       0       0       0       0
  1326 ;;      Temps:          0       0       0       0       0
  1327 ;;      Totals:         0       0       0       0       0
  1328 ;;Total ram usage:        0 bytes
  1329 ;; Hardware stack levels used:    1
  1330 ;; This function calls:
  1331 ;;		Nothing
  1332 ;; This function is called by:
  1333 ;;		_I2C_Master_Start
  1334 ;;		_I2C_Master_Stop
  1335 ;;		_I2C_Master_Write
  1336 ;;		_I2C_Master_Read
  1337 ;;		_I2C_Master_RepeatedStart
  1338 ;; This function uses a non-reentrant model
  1339 ;;
  1340                           
  1341                           
  1342                           ;psect for function _I2C_Master_Wait
  1343  063E                     _I2C_Master_Wait:
  1344  063E                     l728:	
  1345                           ;incstack = 0
  1346                           ; Regs used in _I2C_Master_Wait: [wreg+status,2]
  1347                           
  1348  063E                     l77:	
  1349                           ;I2C.c: 29:     while ((SSPSTAT & 0x04) || (SSPCON2 & 0x1F));
  1350                           
  1351  063E  1683               	bsf	3,5	;RP0=1, select bank1
  1352  063F  1303               	bcf	3,6	;RP1=0, select bank1
  1353  0640  1914               	btfsc	20,2	;volatile
  1354  0641  2E43               	goto	u91
  1355  0642  2E44               	goto	u90
  1356  0643                     u91:
  1357  0643  2E3E               	goto	l77
  1358  0644                     u90:
  1359  0644                     l730:
  1360  0644  0811               	movf	17,w	;volatile
  1361  0645  391F               	andlw	31
  1362  0646  1D03               	btfss	3,2
  1363  0647  2E49               	goto	u101
  1364  0648  2E4A               	goto	u100
  1365  0649                     u101:
  1366  0649  2E3E               	goto	l77
  1367  064A                     u100:
  1368  064A                     l80:
  1369  064A  0008               	return
  1370  064B                     __end_of_I2C_Master_Wait:
  1371  007E                     btemp	set	126	;btemp
  1372  007E                     wtemp0	set	126
  1373                           
  1374                           	psect	config
  1375                           
  1376                           ;Config register CONFIG1 @ 0x2007
  1377                           ;	Oscillator Selection bits
  1378                           ;	FOSC = INTRC_NOCLKOUT, INTOSCIO oscillator: I/O function on RA6/OSC2/CLKOUT pin, I/O f
      +                          unction on RA7/OSC1/CLKIN
  1379                           ;	Watchdog Timer Enable bit
  1380                           ;	WDTE = OFF, WDT disabled and can be enabled by SWDTEN bit of the WDTCON register
  1381                           ;	Power-up Timer Enable bit
  1382                           ;	PWRTE = OFF, PWRT disabled
  1383                           ;	RE3/MCLR pin function select bit
  1384                           ;	MCLRE = OFF, RE3/MCLR pin function is digital input, MCLR internally tied to VDD
  1385                           ;	Code Protection bit
  1386                           ;	CP = OFF, Program memory code protection is disabled
  1387                           ;	Data Code Protection bit
  1388                           ;	CPD = OFF, Data memory code protection is disabled
  1389                           ;	Brown Out Reset Selection bits
  1390                           ;	BOREN = OFF, BOR disabled
  1391                           ;	Internal External Switchover bit
  1392                           ;	IESO = OFF, Internal/External Switchover mode is disabled
  1393                           ;	Fail-Safe Clock Monitor Enabled bit
  1394                           ;	FCMEN = OFF, Fail-Safe Clock Monitor is disabled
  1395                           ;	Low Voltage Programming Enable bit
  1396                           ;	LVP = OFF, RB3 pin has digital I/O, HV on MCLR must be used for programming
  1397                           ;	In-Circuit Debugger Mode bit
  1398                           ;	DEBUG = 0x1, unprogrammed default
  1399  2007                     	org	8199
  1400  2007  20D4               	dw	8404
  1401                           
  1402                           ;Config register CONFIG2 @ 0x2008
  1403                           ;	Brown-out Reset Selection bit
  1404                           ;	BOR4V = BOR40V, Brown-out Reset set to 4.0V
  1405                           ;	Flash Program Memory Self Write Enable bits
  1406                           ;	WRT = OFF, Write protection off
  1407  2008                     	org	8200
  1408  2008  3FFF               	dw	16383

Data Sizes:
    Strings     0
    Constant    0
    Data        0
    BSS         1
    Persistent  0
    Stack       0

Auto Spaces:
    Space          Size  Autos    Used
    COMMON           14     14      14
    BANK0            80     11      12
    BANK1            80      0       0
    BANK3            96      0       0
    BANK2            96      0       0

Pointer List with Targets:

    None.

Critical Paths under _main in COMMON

    _I2C_Master_Init->___lldiv

Critical Paths under _main in BANK0

    _setup->_I2C_Master_Init

Critical Paths under _main in BANK1

    None.

Critical Paths under _main in BANK3

    None.

Critical Paths under _main in BANK2

    None.

Call Graph Tables:

 ---------------------------------------------------------------------------------
 (Depth) Function   	        Calls       Base Space   Used Autos Params    Refs
 ---------------------------------------------------------------------------------
 (0) _main                                                 3     3      0    1087
                                              8 BANK0      3     3      0
                    _I2C_Master_Read
                   _I2C_Master_Start
                    _I2C_Master_Stop
                   _I2C_Master_Write
                              _setup
 ---------------------------------------------------------------------------------
 (1) _setup                                                0     0      0     412
                    _I2C_Master_Init
 ---------------------------------------------------------------------------------
 (2) _I2C_Master_Init                                      8     4      4     412
                                              0 BANK0      8     4      4
                            ___lldiv
 ---------------------------------------------------------------------------------
 (3) ___lldiv                                             14     6      8     314
                                              0 COMMON    14     6      8
 ---------------------------------------------------------------------------------
 (1) _I2C_Master_Write                                     2     0      2     402
                                              0 COMMON     2     0      2
                    _I2C_Master_Wait
 ---------------------------------------------------------------------------------
 (1) _I2C_Master_Stop                                      0     0      0       0
                    _I2C_Master_Wait
 ---------------------------------------------------------------------------------
 (1) _I2C_Master_Start                                     0     0      0       0
                    _I2C_Master_Wait
 ---------------------------------------------------------------------------------
 (1) _I2C_Master_Read                                      6     4      2     273
                                              0 COMMON     6     4      2
                    _I2C_Master_Wait
 ---------------------------------------------------------------------------------
 (2) _I2C_Master_Wait                                      0     0      0       0
 ---------------------------------------------------------------------------------
 Estimated maximum stack depth 3
 ---------------------------------------------------------------------------------

 Call Graph Graphs:

 _main (ROOT)
   _I2C_Master_Read
     _I2C_Master_Wait
   _I2C_Master_Start
     _I2C_Master_Wait
   _I2C_Master_Stop
     _I2C_Master_Wait
   _I2C_Master_Write
     _I2C_Master_Wait
   _setup
     _I2C_Master_Init
       ___lldiv

 Address spaces:
Name               Size   Autos  Total    Cost      Usage
BITCOMMON            E      0       0       0        0.0%
EEDATA             100      0       0       0        0.0%
NULL                 0      0       0       0        0.0%
CODE                 0      0       0       0        0.0%
COMMON               E      E       E       1      100.0%
BITSFR0              0      0       0       1        0.0%
SFR0                 0      0       0       1        0.0%
BITSFR1              0      0       0       2        0.0%
SFR1                 0      0       0       2        0.0%
STACK                0      0       0       2        0.0%
ABS                  0      0      1A       3        0.0%
BITBANK0            50      0       0       4        0.0%
BITSFR3              0      0       0       4        0.0%
SFR3                 0      0       0       4        0.0%
BANK0               50      B       C       5       15.0%
BITSFR2              0      0       0       5        0.0%
SFR2                 0      0       0       5        0.0%
BITBANK1            50      0       0       6        0.0%
BANK1               50      0       0       7        0.0%
BITBANK3            60      0       0       8        0.0%
BANK3               60      0       0       9        0.0%
BITBANK2            60      0       0      10        0.0%
BANK2               60      0       0      11        0.0%
DATA                 0      0      1A      12        0.0%


Microchip Technology PIC Macro Assembler V2.31 build 20201012212115 
Symbol Table                                                                                   Mon Aug 09 00:50:56 2021

                       l45 066E                         l39 0740                         l80 064A  
                       l74 06D4                         l83 062A                         l92 063D  
                       l77 063E                         l95 0694                         l96 0697  
                       l97 069C                         l89 0633                         u90 0644  
                       u91 0643                        l222 073A                        l730 0644  
                      l820 06E8                        l900 07C7                        l830 0722  
                      l822 06F5                        l902 07CC                        l728 063E  
                      l744 0622                        l832 0723                        l824 06F9  
                      l816 06D5                        l840 069D                        l904 07D5  
                      l746 0627                        l770 0630                        l834 072C  
                      l826 0702                        l818 06E5                        l850 06D3  
                      l842 06A1                        l906 07E1                        l828 0714  
                      l836 0732                        l844 06A4                        l860 065E  
                      l852 064B                        l908 07E6                        l870 0674  
                      l846 06D1                        l862 065F                        l854 0659  
                      l880 0698                        l872 067C                        l768 062B  
                      l864 0634                        l848 06D2                        l856 065C  
                      l874 0685                        l866 0639                        l858 065D  
                      l890 0773                        l876 068A                        l868 066F  
                      l892 077C                        l884 073B                        l878 0690  
                      l894 0788                        l886 075F                        l896 078D  
                      l888 076E                        l898 07B8                        _GIE 005F  
                      u100 064A                        u101 0649                        u200 0690  
                      u120 06E5                        u201 068F                        u121 06E4  
                      u140 06F9                        u141 06F8                        u135 06EA  
                      u160 0714                        u161 0713                        u217 0767  
                      u155 06FB                        u227 0795                        u180 0732  
                      u181 0731                        u165 0710                        u237 07C0  
                      u190 06B4                        u175 0724                        u247 07EE  
                      u195 06AF                        _inv 002B                       _PEIE 005E  
                     _main 073B                       btemp 007E                       start 0000  
         ?_I2C_Master_Init 0020           ?_I2C_Master_Read 0070           ?_I2C_Master_Wait 0070  
         ?_I2C_Master_Stop 0070                      ?_main 0070                      _ANSEL 0188  
          __end_of___lldiv 073B                      _PORTA 0005                      _PORTB 0006  
                    _PORTD 0008                      _TRISA 0085                      _TRISB 0086  
                    _TRISD 0088                      _SSPIE 0463                      _SSPIF 0063  
                    _setup 064B                      status 0003                      wtemp0 007E  
          __initialization 07F9               __end_of_main 07F9                     ??_main 0028  
        ?_I2C_Master_Start 0070          ?_I2C_Master_Write 0070         ??_I2C_Master_Start 0070  
       ??_I2C_Master_Write 0072                     ?_setup 0070                     _ANSELH 0189  
                   _SSPADD 0093                     _TRISC3 043B                     _TRISC4 043C  
                   _SSPCON 0014                     _SSPBUF 0013                  ??___lldiv 0078  
  __end_of__initialization 07FC             __pcstackCOMMON 0070              __end_of_setup 066F  
                  ??_setup 007E                 __pbssBANK0 002B                 __pmaintext 073B  
                  _SSPCON2 0091                    _SSPSTAT 0094                    ___lldiv 06D5  
                  __ptext1 064B                    __ptext2 069D                    __ptext3 06D5  
                  __ptext4 0634                    __ptext5 062B                    __ptext6 0622  
                  __ptext7 066F                    __ptext8 063E   __size_of_I2C_Master_Init 0038  
 __size_of_I2C_Master_Read 002E   __size_of_I2C_Master_Wait 000D   __size_of_I2C_Master_Stop 0009  
     end_of_initialization 07FC  __size_of_I2C_Master_Start 0009  __size_of_I2C_Master_Write 000A  
          ___lldiv@divisor 0070            ___lldiv@counter 007D           I2C_Master_Init@c 0020  
         I2C_Master_Read@a 0070                  _TRISCbits 0087        start_initialization 07F9  
        ??_I2C_Master_Init 0024          ??_I2C_Master_Read 0072          ??_I2C_Master_Wait 0070  
        ??_I2C_Master_Stop 0070                  ___latbits 0002              __pcstackBANK0 0020  
         _I2C_Master_Start 0622           _I2C_Master_Write 0634                   ?___lldiv 0070  
           __size_of_setup 0024        I2C_Master_Read@temp 0074           __size_of___lldiv 0066  
          _I2C_Master_Init 069D            _I2C_Master_Read 066F            _I2C_Master_Wait 063E  
          _I2C_Master_Stop 062B              __size_of_main 00BE   __end_of_I2C_Master_Start 062B  
 __end_of_I2C_Master_Write 063E           ___lldiv@dividend 0074                 _OSCCONbits 008F  
  __end_of_I2C_Master_Init 06D5    __end_of_I2C_Master_Read 069D    __end_of_I2C_Master_Wait 064B  
  __end_of_I2C_Master_Stop 0634           ___lldiv@quotient 0079          I2C_Master_Write@d 0070  
              _SSPCON2bits 0091  
