

Microchip MPLAB XC8 Assembler V2.31 build 20201012212115 
                                                                                               Mon Aug 09 00:28:36 2021

Microchip MPLAB XC8 C Compiler v2.31 (Free license) build 20201012212115 Og1 
     1                           	processor	16F887
     2                           	pagewidth 120
     3                           	opt	flic
     4                           	psect	nvCOMMON,global,class=COMMON,space=1,delta=1,noexec
     5                           	psect	cinit,global,class=CODE,merge=1,delta=2
     6                           	psect	bssCOMMON,global,class=COMMON,space=1,delta=1,noexec
     7                           	psect	cstackCOMMON,global,class=COMMON,space=1,delta=1,noexec
     8                           	psect	maintext,global,class=CODE,split=1,delta=2
     9                           	psect	text1,local,class=CODE,merge=1,delta=2
    10                           	psect	text2,local,class=CODE,merge=1,delta=2
    11                           	psect	text3,local,class=CODE,merge=1,delta=2
    12                           	psect	intentry,global,class=CODE,delta=2
    13                           	psect	config,global,abs,ovrld,class=CONFIG,space=4,delta=2,noexec
    14                           	dabs	1,0x7E,2
    15  0000                     
    16                           ; Version 2.20
    17                           ; Generated 12/02/2020 GMT
    18                           ; 
    19                           ; Copyright © 2020, Microchip Technology Inc. and its subsidiaries ("Microchip")
    20                           ; All rights reserved.
    21                           ; 
    22                           ; This software is developed by Microchip Technology Inc. and its subsidiaries ("Microch
      +                          ip").
    23                           ; 
    24                           ; Redistribution and use in source and binary forms, with or without modification, are
    25                           ; permitted provided that the following conditions are met:
    26                           ; 
    27                           ;     1. Redistributions of source code must retain the above copyright notice, this lis
      +                          t of
    28                           ;        conditions and the following disclaimer.
    29                           ; 
    30                           ;     2. Redistributions in binary form must reproduce the above copyright notice, this 
      +                          list
    31                           ;        of conditions and the following disclaimer in the documentation and/or other
    32                           ;        materials provided with the distribution.
    33                           ; 
    34                           ;     3. Microchip's name may not be used to endorse or promote products derived from th
      +                          is
    35                           ;        software without specific prior written permission.
    36                           ; 
    37                           ; THIS SOFTWARE IS PROVIDED BY MICROCHIP "AS IS" AND ANY EXPRESS OR IMPLIED WARRANTIES,
    38                           ; INCLUDING, BUT NOT LIMITED TO, THE IMPLIED WARRANTIES OF MERCHANTABILITY AND FITNESS F
      +                          OR
    39                           ; PURPOSE ARE DISCLAIMED.  IN NO EVENT SHALL MICROCHIP BE LIABLE FOR ANY DIRECT, INDIREC
      +                          T,
    40                           ; INCIDENTAL, SPECIAL, EXEMPLARY, OR CONSEQUENTIAL DAMAGES (INCLUDING BUT NOT LIMITED TO
    41                           ; PROCUREMENT OF SUBSTITUTE GOODS OR SERVICES; LOSS OF USE, DATA OR PROFITS; OR BUSINESS
    42                           ; INTERRUPTION) HOWSOEVER CAUSED AND ON ANY THEORY OF LIABILITY, WHETHER IN CONTRACT, ST
      +                          RICT
    43                           ; LIABILITY, OR TORT (INCLUDING NEGLIGENCE OR OTHERWISE) ARISING IN ANY WAY OUT OF THE U
      +                          SE OF
    44                           ; THIS SOFTWARE, EVEN IF ADVISED OF THE POSSIBILITY OF SUCH DAMAGE.
    45                           ; 
    46                           ; 
    47                           ; Code-generator required, PIC16F887 Definitions
    48                           ; 
    49                           ; SFR Addresses
    50  0000                     	;# 
    51  0001                     	;# 
    52  0002                     	;# 
    53  0003                     	;# 
    54  0004                     	;# 
    55  0005                     	;# 
    56  0006                     	;# 
    57  0007                     	;# 
    58  0008                     	;# 
    59  0009                     	;# 
    60  000A                     	;# 
    61  000B                     	;# 
    62  000C                     	;# 
    63  000D                     	;# 
    64  000E                     	;# 
    65  000E                     	;# 
    66  000F                     	;# 
    67  0010                     	;# 
    68  0011                     	;# 
    69  0012                     	;# 
    70  0013                     	;# 
    71  0014                     	;# 
    72  0015                     	;# 
    73  0015                     	;# 
    74  0016                     	;# 
    75  0017                     	;# 
    76  0018                     	;# 
    77  0019                     	;# 
    78  001A                     	;# 
    79  001B                     	;# 
    80  001B                     	;# 
    81  001C                     	;# 
    82  001D                     	;# 
    83  001E                     	;# 
    84  001F                     	;# 
    85  0081                     	;# 
    86  0085                     	;# 
    87  0086                     	;# 
    88  0087                     	;# 
    89  0088                     	;# 
    90  0089                     	;# 
    91  008C                     	;# 
    92  008D                     	;# 
    93  008E                     	;# 
    94  008F                     	;# 
    95  0090                     	;# 
    96  0091                     	;# 
    97  0092                     	;# 
    98  0093                     	;# 
    99  0093                     	;# 
   100  0093                     	;# 
   101  0094                     	;# 
   102  0095                     	;# 
   103  0096                     	;# 
   104  0097                     	;# 
   105  0098                     	;# 
   106  0099                     	;# 
   107  009A                     	;# 
   108  009B                     	;# 
   109  009C                     	;# 
   110  009D                     	;# 
   111  009E                     	;# 
   112  009F                     	;# 
   113  0105                     	;# 
   114  0107                     	;# 
   115  0108                     	;# 
   116  0109                     	;# 
   117  010C                     	;# 
   118  010C                     	;# 
   119  010D                     	;# 
   120  010E                     	;# 
   121  010F                     	;# 
   122  0185                     	;# 
   123  0187                     	;# 
   124  0188                     	;# 
   125  0189                     	;# 
   126  018C                     	;# 
   127  018D                     	;# 
   128  0000                     	;# 
   129  0001                     	;# 
   130  0002                     	;# 
   131  0003                     	;# 
   132  0004                     	;# 
   133  0005                     	;# 
   134  0006                     	;# 
   135  0007                     	;# 
   136  0008                     	;# 
   137  0009                     	;# 
   138  000A                     	;# 
   139  000B                     	;# 
   140  000C                     	;# 
   141  000D                     	;# 
   142  000E                     	;# 
   143  000E                     	;# 
   144  000F                     	;# 
   145  0010                     	;# 
   146  0011                     	;# 
   147  0012                     	;# 
   148  0013                     	;# 
   149  0014                     	;# 
   150  0015                     	;# 
   151  0015                     	;# 
   152  0016                     	;# 
   153  0017                     	;# 
   154  0018                     	;# 
   155  0019                     	;# 
   156  001A                     	;# 
   157  001B                     	;# 
   158  001B                     	;# 
   159  001C                     	;# 
   160  001D                     	;# 
   161  001E                     	;# 
   162  001F                     	;# 
   163  0081                     	;# 
   164  0085                     	;# 
   165  0086                     	;# 
   166  0087                     	;# 
   167  0088                     	;# 
   168  0089                     	;# 
   169  008C                     	;# 
   170  008D                     	;# 
   171  008E                     	;# 
   172  008F                     	;# 
   173  0090                     	;# 
   174  0091                     	;# 
   175  0092                     	;# 
   176  0093                     	;# 
   177  0093                     	;# 
   178  0093                     	;# 
   179  0094                     	;# 
   180  0095                     	;# 
   181  0096                     	;# 
   182  0097                     	;# 
   183  0098                     	;# 
   184  0099                     	;# 
   185  009A                     	;# 
   186  009B                     	;# 
   187  009C                     	;# 
   188  009D                     	;# 
   189  009E                     	;# 
   190  009F                     	;# 
   191  0105                     	;# 
   192  0107                     	;# 
   193  0108                     	;# 
   194  0109                     	;# 
   195  010C                     	;# 
   196  010C                     	;# 
   197  010D                     	;# 
   198  010E                     	;# 
   199  010F                     	;# 
   200  0185                     	;# 
   201  0187                     	;# 
   202  0188                     	;# 
   203  0189                     	;# 
   204  018C                     	;# 
   205  018D                     	;# 
   206  0000                     	;# 
   207  0001                     	;# 
   208  0002                     	;# 
   209  0003                     	;# 
   210  0004                     	;# 
   211  0005                     	;# 
   212  0006                     	;# 
   213  0007                     	;# 
   214  0008                     	;# 
   215  0009                     	;# 
   216  000A                     	;# 
   217  000B                     	;# 
   218  000C                     	;# 
   219  000D                     	;# 
   220  000E                     	;# 
   221  000E                     	;# 
   222  000F                     	;# 
   223  0010                     	;# 
   224  0011                     	;# 
   225  0012                     	;# 
   226  0013                     	;# 
   227  0014                     	;# 
   228  0015                     	;# 
   229  0015                     	;# 
   230  0016                     	;# 
   231  0017                     	;# 
   232  0018                     	;# 
   233  0019                     	;# 
   234  001A                     	;# 
   235  001B                     	;# 
   236  001B                     	;# 
   237  001C                     	;# 
   238  001D                     	;# 
   239  001E                     	;# 
   240  001F                     	;# 
   241  0081                     	;# 
   242  0085                     	;# 
   243  0086                     	;# 
   244  0087                     	;# 
   245  0088                     	;# 
   246  0089                     	;# 
   247  008C                     	;# 
   248  008D                     	;# 
   249  008E                     	;# 
   250  008F                     	;# 
   251  0090                     	;# 
   252  0091                     	;# 
   253  0092                     	;# 
   254  0093                     	;# 
   255  0093                     	;# 
   256  0093                     	;# 
   257  0094                     	;# 
   258  0095                     	;# 
   259  0096                     	;# 
   260  0097                     	;# 
   261  0098                     	;# 
   262  0099                     	;# 
   263  009A                     	;# 
   264  009B                     	;# 
   265  009C                     	;# 
   266  009D                     	;# 
   267  009E                     	;# 
   268  009F                     	;# 
   269  0105                     	;# 
   270  0107                     	;# 
   271  0108                     	;# 
   272  0109                     	;# 
   273  010C                     	;# 
   274  010C                     	;# 
   275  010D                     	;# 
   276  010E                     	;# 
   277  010F                     	;# 
   278  0185                     	;# 
   279  0187                     	;# 
   280  0188                     	;# 
   281  0189                     	;# 
   282  018C                     	;# 
   283  018D                     	;# 
   284                           
   285                           	psect	nvCOMMON
   286  0075                     __pnvCOMMON:
   287  0075                     _CONT:
   288  0075                     	ds	1
   289  0006                     _PORTB	set	6
   290  000B                     _INTCONbits	set	11
   291  0008                     _PORTD	set	8
   292  0006                     _PORTBbits	set	6
   293  0014                     _SSPCONbits	set	20
   294  000C                     _PIR1bits	set	12
   295  0013                     _SSPBUF	set	19
   296  0014                     _SSPCON	set	20
   297  0058                     _RBIF	set	88
   298  0063                     _SSPIF	set	99
   299  005E                     _PEIE	set	94
   300  005F                     _GIE	set	95
   301  008F                     _OSCCONbits	set	143
   302  0096                     _IOCBbits	set	150
   303  0095                     _WPUB	set	149
   304  0081                     _OPTION_REGbits	set	129
   305  0088                     _TRISDbits	set	136
   306  0086                     _TRISBbits	set	134
   307  0094                     _SSPSTATbits	set	148
   308  0091                     _SSPCON2bits	set	145
   309  0087                     _TRISCbits	set	135
   310  0094                     _SSPSTAT	set	148
   311  0093                     _SSPADD	set	147
   312  0091                     _SSPCON2	set	145
   313  04A0                     _BF	set	1184
   314  0463                     _SSPIE	set	1123
   315  043C                     _TRISC4	set	1084
   316  043B                     _TRISC3	set	1083
   317  0189                     _ANSELH	set	393
   318  0188                     _ANSEL	set	392
   319                           
   320                           	psect	cinit
   321  000F                     start_initialization:	
   322                           ; #config settings
   323                           
   324  000F                     __initialization:
   325                           
   326                           ; Clear objects allocated to COMMON
   327  000F  01F6               	clrf	__pbssCOMMON& (0+127)
   328  0010                     end_of_initialization:	
   329                           ;End of C runtime variable initialization code
   330                           
   331  0010                     __end_of__initialization:
   332  0010  0183               	clrf	3
   333  0011  120A  118A  28D2   	ljmp	_main	;jump to C main() function
   334                           
   335                           	psect	bssCOMMON
   336  0076                     __pbssCOMMON:
   337  0076                     _C:
   338  0076                     	ds	1
   339                           
   340                           	psect	cstackCOMMON
   341  0070                     __pcstackCOMMON:
   342  0070                     ?_setup:
   343  0070                     ?_I2C_Slave_Init:	
   344                           ; 1 bytes @ 0x0
   345                           
   346  0070                     ?_isr:	
   347                           ; 1 bytes @ 0x0
   348                           
   349  0070                     ??_isr:	
   350                           ; 1 bytes @ 0x0
   351                           
   352  0070                     ?_main:	
   353                           ; 1 bytes @ 0x0
   354                           
   355                           
   356                           ; 1 bytes @ 0x0
   357  0070                     	ds	3
   358  0073                     ??_I2C_Slave_Init:
   359  0073                     I2C_Slave_Init@address:	
   360                           ; 1 bytes @ 0x3
   361                           
   362                           
   363                           ; 1 bytes @ 0x3
   364  0073                     	ds	1
   365  0074                     ??_setup:
   366  0074                     ??_main:	
   367                           ; 1 bytes @ 0x4
   368                           
   369                           
   370                           ; 1 bytes @ 0x4
   371  0074                     	ds	1
   372                           
   373                           	psect	maintext
   374  00D2                     __pmaintext:	
   375 ;;
   376 ;;Main: autosize = 0, tempsize = 1, incstack = 0, save=0
   377 ;;
   378 ;; *************** function _main *****************
   379 ;; Defined at:
   380 ;;		line 95 in file "I2CESCLAVO2.c"
   381 ;; Parameters:    Size  Location     Type
   382 ;;		None
   383 ;; Auto vars:     Size  Location     Type
   384 ;;		None
   385 ;; Return value:  Size  Location     Type
   386 ;;                  1    wreg      void 
   387 ;; Registers used:
   388 ;;		wreg, status,2, status,0, pclath, cstack
   389 ;; Tracked objects:
   390 ;;		On entry : B00/0
   391 ;;		On exit  : 0/0
   392 ;;		Unchanged: 0/0
   393 ;; Data sizes:     COMMON   BANK0   BANK1   BANK3   BANK2
   394 ;;      Params:         0       0       0       0       0
   395 ;;      Locals:         0       0       0       0       0
   396 ;;      Temps:          1       0       0       0       0
   397 ;;      Totals:         1       0       0       0       0
   398 ;;Total ram usage:        1 bytes
   399 ;; Hardware stack levels required when called:    3
   400 ;; This function calls:
   401 ;;		_setup
   402 ;; This function is called by:
   403 ;;		Startup code after reset
   404 ;; This function uses a non-reentrant model
   405 ;;
   406                           
   407                           
   408                           ;psect for function _main
   409  00D2                     _main:
   410  00D2                     l871:	
   411                           ;incstack = 0
   412                           ; Regs used in _main: [wreg+status,2+status,0+pclath+cstack]
   413                           
   414                           
   415                           ;I2CESCLAVO2.c: 96:     setup();
   416  00D2  120A  118A  2095  120A  118A  	fcall	_setup
   417  00D7                     l873:
   418                           
   419                           ;I2CESCLAVO2.c: 101:         CONT = PORTD;
   420  00D7  1283               	bcf	3,5	;RP0=0, select bank0
   421  00D8  1303               	bcf	3,6	;RP1=0, select bank0
   422  00D9  0808               	movf	8,w	;volatile
   423  00DA  00F4               	movwf	??_main
   424  00DB  0874               	movf	??_main,w
   425  00DC  00F5               	movwf	_CONT
   426  00DD  28D7               	goto	l873
   427  00DE  120A  118A  280C   	ljmp	start
   428  00E1                     __end_of_main:
   429                           
   430                           	psect	text1
   431  0095                     __ptext1:	
   432 ;; *************** function _setup *****************
   433 ;; Defined at:
   434 ;;		line 108 in file "I2CESCLAVO2.c"
   435 ;; Parameters:    Size  Location     Type
   436 ;;		None
   437 ;; Auto vars:     Size  Location     Type
   438 ;;		None
   439 ;; Return value:  Size  Location     Type
   440 ;;                  1    wreg      void 
   441 ;; Registers used:
   442 ;;		wreg, status,2, status,0, pclath, cstack
   443 ;; Tracked objects:
   444 ;;		On entry : 0/0
   445 ;;		On exit  : 0/0
   446 ;;		Unchanged: 0/0
   447 ;; Data sizes:     COMMON   BANK0   BANK1   BANK3   BANK2
   448 ;;      Params:         0       0       0       0       0
   449 ;;      Locals:         0       0       0       0       0
   450 ;;      Temps:          0       0       0       0       0
   451 ;;      Totals:         0       0       0       0       0
   452 ;;Total ram usage:        0 bytes
   453 ;; Hardware stack levels used:    1
   454 ;; Hardware stack levels required when called:    2
   455 ;; This function calls:
   456 ;;		_I2C_Slave_Init
   457 ;; This function is called by:
   458 ;;		_main
   459 ;; This function uses a non-reentrant model
   460 ;;
   461                           
   462                           
   463                           ;psect for function _setup
   464  0095                     _setup:
   465  0095                     l743:	
   466                           ;incstack = 0
   467                           ; Regs used in _setup: [wreg+status,2+status,0+pclath+cstack]
   468                           
   469                           
   470                           ;I2CESCLAVO2.c: 109:     ANSEL = 0;
   471  0095  1683               	bsf	3,5	;RP0=1, select bank3
   472  0096  1703               	bsf	3,6	;RP1=1, select bank3
   473  0097  0188               	clrf	8	;volatile
   474                           
   475                           ;I2CESCLAVO2.c: 110:     ANSELH = 0;
   476  0098  0189               	clrf	9	;volatile
   477  0099                     l745:
   478                           
   479                           ;I2CESCLAVO2.c: 112:     TRISBbits.TRISB0 = 1;
   480  0099  1683               	bsf	3,5	;RP0=1, select bank1
   481  009A  1303               	bcf	3,6	;RP1=0, select bank1
   482  009B  1406               	bsf	6,0	;volatile
   483  009C                     l747:
   484                           
   485                           ;I2CESCLAVO2.c: 113:     TRISBbits.TRISB1 = 1;
   486  009C  1486               	bsf	6,1	;volatile
   487  009D                     l749:
   488                           
   489                           ;I2CESCLAVO2.c: 115:     TRISDbits.TRISD0 = 0;
   490  009D  1008               	bcf	8,0	;volatile
   491  009E                     l751:
   492                           
   493                           ;I2CESCLAVO2.c: 116:     TRISDbits.TRISD1 = 0;
   494  009E  1088               	bcf	8,1	;volatile
   495  009F                     l753:
   496                           
   497                           ;I2CESCLAVO2.c: 117:     TRISDbits.TRISD2 = 0;
   498  009F  1108               	bcf	8,2	;volatile
   499  00A0                     l755:
   500                           
   501                           ;I2CESCLAVO2.c: 118:     TRISDbits.TRISD3 = 0;
   502  00A0  1188               	bcf	8,3	;volatile
   503  00A1                     l757:
   504                           
   505                           ;I2CESCLAVO2.c: 121:     OPTION_REGbits.nRBPU = 0;
   506  00A1  1381               	bcf	1,7	;volatile
   507  00A2                     l759:
   508                           
   509                           ;I2CESCLAVO2.c: 122:     WPUB = 0b00000011;
   510  00A2  3003               	movlw	3
   511  00A3  0095               	movwf	21	;volatile
   512  00A4                     l761:
   513                           
   514                           ;I2CESCLAVO2.c: 123:     IOCBbits.IOCB0 = 1;
   515  00A4  1416               	bsf	22,0	;volatile
   516  00A5                     l763:
   517                           
   518                           ;I2CESCLAVO2.c: 124:     IOCBbits.IOCB1 = 1;
   519  00A5  1496               	bsf	22,1	;volatile
   520  00A6                     l765:
   521                           
   522                           ;I2CESCLAVO2.c: 127:     OSCCONbits.IRCF2 = 1;
   523  00A6  170F               	bsf	15,6	;volatile
   524  00A7                     l767:
   525                           
   526                           ;I2CESCLAVO2.c: 128:     OSCCONbits.IRCF1 = 1;
   527  00A7  168F               	bsf	15,5	;volatile
   528  00A8                     l769:
   529                           
   530                           ;I2CESCLAVO2.c: 129:     OSCCONbits.IRCF0 = 1;
   531  00A8  160F               	bsf	15,4	;volatile
   532  00A9                     l771:
   533                           
   534                           ;I2CESCLAVO2.c: 130:     OSCCONbits.SCS = 1;
   535  00A9  140F               	bsf	15,0	;volatile
   536  00AA                     l773:
   537                           
   538                           ;I2CESCLAVO2.c: 131:     I2C_Slave_Init(0x60);
   539  00AA  3060               	movlw	96
   540  00AB  120A  118A  20B8  120A  118A  	fcall	_I2C_Slave_Init
   541  00B0                     l775:
   542                           
   543                           ;I2CESCLAVO2.c: 134:     INTCONbits.GIE = 1;
   544  00B0  178B               	bsf	11,7	;volatile
   545  00B1                     l777:
   546                           
   547                           ;I2CESCLAVO2.c: 135:     INTCONbits.RBIF = 1;
   548  00B1  140B               	bsf	11,0	;volatile
   549  00B2                     l779:
   550                           
   551                           ;I2CESCLAVO2.c: 136:     INTCONbits.RBIE = 0;
   552  00B2  118B               	bcf	11,3	;volatile
   553  00B3                     l781:
   554                           
   555                           ;I2CESCLAVO2.c: 138:     PORTB = 0x00;
   556  00B3  1283               	bcf	3,5	;RP0=0, select bank0
   557  00B4  1303               	bcf	3,6	;RP1=0, select bank0
   558  00B5  0186               	clrf	6	;volatile
   559  00B6                     l783:
   560                           
   561                           ;I2CESCLAVO2.c: 139:     PORTD = 0x00;
   562  00B6  0188               	clrf	8	;volatile
   563  00B7                     l133:
   564  00B7  0008               	return
   565  00B8                     __end_of_setup:
   566                           
   567                           	psect	text2
   568  00B8                     __ptext2:	
   569 ;; *************** function _I2C_Slave_Init *****************
   570 ;; Defined at:
   571 ;;		line 88 in file "I2C.c"
   572 ;; Parameters:    Size  Location     Type
   573 ;;  address         1    wreg     unsigned char 
   574 ;; Auto vars:     Size  Location     Type
   575 ;;  address         1    3[COMMON] unsigned char 
   576 ;; Return value:  Size  Location     Type
   577 ;;                  1    wreg      void 
   578 ;; Registers used:
   579 ;;		wreg
   580 ;; Tracked objects:
   581 ;;		On entry : 0/0
   582 ;;		On exit  : 0/0
   583 ;;		Unchanged: 0/0
   584 ;; Data sizes:     COMMON   BANK0   BANK1   BANK3   BANK2
   585 ;;      Params:         0       0       0       0       0
   586 ;;      Locals:         1       0       0       0       0
   587 ;;      Temps:          0       0       0       0       0
   588 ;;      Totals:         1       0       0       0       0
   589 ;;Total ram usage:        1 bytes
   590 ;; Hardware stack levels used:    1
   591 ;; Hardware stack levels required when called:    1
   592 ;; This function calls:
   593 ;;		Nothing
   594 ;; This function is called by:
   595 ;;		_setup
   596 ;; This function uses a non-reentrant model
   597 ;;
   598                           
   599                           
   600                           ;psect for function _I2C_Slave_Init
   601  00B8                     _I2C_Slave_Init:
   602                           
   603                           ;incstack = 0
   604                           ; Regs used in _I2C_Slave_Init: [wreg]
   605                           ;I2C_Slave_Init@address stored from wreg
   606  00B8  00F3               	movwf	I2C_Slave_Init@address
   607  00B9                     l725:
   608                           
   609                           ;I2C.c: 88: void I2C_Slave_Init(uint8_t address);I2C.c: 89: {;I2C.c: 90:     SSPADD = ad
      +                          dress;
   610  00B9  0873               	movf	I2C_Slave_Init@address,w
   611  00BA  1683               	bsf	3,5	;RP0=1, select bank1
   612  00BB  1303               	bcf	3,6	;RP1=0, select bank1
   613  00BC  0093               	movwf	19	;volatile
   614                           
   615                           ;I2C.c: 91:     SSPCON = 0x36;
   616  00BD  3036               	movlw	54
   617  00BE  1283               	bcf	3,5	;RP0=0, select bank0
   618  00BF  1303               	bcf	3,6	;RP1=0, select bank0
   619  00C0  0094               	movwf	20	;volatile
   620                           
   621                           ;I2C.c: 92:     SSPSTAT = 0x80;
   622  00C1  3080               	movlw	128
   623  00C2  1683               	bsf	3,5	;RP0=1, select bank1
   624  00C3  1303               	bcf	3,6	;RP1=0, select bank1
   625  00C4  0094               	movwf	20	;volatile
   626                           
   627                           ;I2C.c: 93:     SSPCON2 = 0x01;
   628  00C5  3001               	movlw	1
   629  00C6  0091               	movwf	17	;volatile
   630  00C7                     l727:
   631                           
   632                           ;I2C.c: 94:     TRISC3 = 1;
   633  00C7  1587               	bsf	7,3	;volatile
   634  00C8                     l729:
   635                           
   636                           ;I2C.c: 95:     TRISC4 = 1;
   637  00C8  1607               	bsf	7,4	;volatile
   638  00C9                     l731:
   639                           
   640                           ;I2C.c: 96:     GIE = 1;
   641  00C9  178B               	bsf	11,7	;volatile
   642  00CA                     l733:
   643                           
   644                           ;I2C.c: 97:     PEIE = 1;
   645  00CA  170B               	bsf	11,6	;volatile
   646  00CB                     l735:
   647                           
   648                           ;I2C.c: 98:     SSPIF = 0;
   649  00CB  1283               	bcf	3,5	;RP0=0, select bank0
   650  00CC  1303               	bcf	3,6	;RP1=0, select bank0
   651  00CD  118C               	bcf	12,3	;volatile
   652  00CE                     l737:
   653                           
   654                           ;I2C.c: 99:     SSPIE = 1;
   655  00CE  1683               	bsf	3,5	;RP0=1, select bank1
   656  00CF  1303               	bcf	3,6	;RP1=0, select bank1
   657  00D0  158C               	bsf	12,3	;volatile
   658  00D1                     l55:
   659  00D1  0008               	return
   660  00D2                     __end_of_I2C_Slave_Init:
   661                           
   662                           	psect	text3
   663  0014                     __ptext3:	
   664 ;; *************** function _isr *****************
   665 ;; Defined at:
   666 ;;		line 46 in file "I2CESCLAVO2.c"
   667 ;; Parameters:    Size  Location     Type
   668 ;;		None
   669 ;; Auto vars:     Size  Location     Type
   670 ;;		None
   671 ;; Return value:  Size  Location     Type
   672 ;;                  1    wreg      void 
   673 ;; Registers used:
   674 ;;		wreg, status,2, status,0
   675 ;; Tracked objects:
   676 ;;		On entry : 0/0
   677 ;;		On exit  : 0/0
   678 ;;		Unchanged: 0/0
   679 ;; Data sizes:     COMMON   BANK0   BANK1   BANK3   BANK2
   680 ;;      Params:         0       0       0       0       0
   681 ;;      Locals:         0       0       0       0       0
   682 ;;      Temps:          3       0       0       0       0
   683 ;;      Totals:         3       0       0       0       0
   684 ;;Total ram usage:        3 bytes
   685 ;; Hardware stack levels used:    1
   686 ;; This function calls:
   687 ;;		Nothing
   688 ;; This function is called by:
   689 ;;		Interrupt level 1
   690 ;; This function uses a non-reentrant model
   691 ;;
   692                           
   693                           
   694                           ;psect for function _isr
   695  0014                     _isr:
   696  0014                     i1l825:
   697                           
   698                           ;I2CESCLAVO2.c: 47:    if(PIR1bits.SSPIF == 1){
   699  0014  1283               	bcf	3,5	;RP0=0, select bank0
   700  0015  1303               	bcf	3,6	;RP1=0, select bank0
   701  0016  1D8C               	btfss	12,3	;volatile
   702  0017  2819               	goto	u5_21
   703  0018  281A               	goto	u5_20
   704  0019                     u5_21:
   705  0019  287B               	goto	i1l106
   706  001A                     u5_20:
   707  001A                     i1l827:
   708                           
   709                           ;I2CESCLAVO2.c: 49:         SSPCONbits.CKP = 0;
   710  001A  1214               	bcf	20,4	;volatile
   711                           
   712                           ;I2CESCLAVO2.c: 51:         if ((SSPCONbits.SSPOV) || (SSPCONbits.WCOL)){
   713  001B  1B14               	btfsc	20,6	;volatile
   714  001C  281E               	goto	u6_21
   715  001D  281F               	goto	u6_20
   716  001E                     u6_21:
   717  001E  2823               	goto	i1l831
   718  001F                     u6_20:
   719  001F                     i1l829:
   720  001F  1F94               	btfss	20,7	;volatile
   721  0020  2822               	goto	u7_21
   722  0021  2823               	goto	u7_20
   723  0022                     u7_21:
   724  0022  282A               	goto	i1l839
   725  0023                     u7_20:
   726  0023                     i1l831:
   727                           
   728                           ;I2CESCLAVO2.c: 52:             C = SSPBUF;
   729  0023  0813               	movf	19,w	;volatile
   730  0024  00F0               	movwf	??_isr
   731  0025  0870               	movf	??_isr,w
   732  0026  00F6               	movwf	_C
   733  0027                     i1l833:
   734                           
   735                           ;I2CESCLAVO2.c: 53:             SSPCONbits.SSPOV = 0;
   736  0027  1314               	bcf	20,6	;volatile
   737  0028                     i1l835:
   738                           
   739                           ;I2CESCLAVO2.c: 54:             SSPCONbits.WCOL = 0;
   740  0028  1394               	bcf	20,7	;volatile
   741  0029                     i1l837:
   742                           
   743                           ;I2CESCLAVO2.c: 55:             SSPCONbits.CKP = 1;
   744  0029  1614               	bsf	20,4	;volatile
   745  002A                     i1l839:
   746                           
   747                           ;I2CESCLAVO2.c: 58:         if(!SSPSTATbits.D_nA && !SSPSTATbits.R_nW) {
   748  002A  1683               	bsf	3,5	;RP0=1, select bank1
   749  002B  1303               	bcf	3,6	;RP1=0, select bank1
   750  002C  1A94               	btfsc	20,5	;volatile
   751  002D  282F               	goto	u8_21
   752  002E  2830               	goto	u8_20
   753  002F                     u8_21:
   754  002F  2857               	goto	i1l110
   755  0030                     u8_20:
   756  0030                     i1l841:
   757  0030  1914               	btfsc	20,2	;volatile
   758  0031  2833               	goto	u9_21
   759  0032  2834               	goto	u9_20
   760  0033                     u9_21:
   761  0033  2857               	goto	i1l110
   762  0034                     u9_20:
   763  0034                     i1l843:
   764                           
   765                           ;I2CESCLAVO2.c: 59:             _delay((unsigned long)((7)*(8000000/4000000.0)));
   766  0034  3004               	movlw	4
   767  0035  00F0               	movwf	??_isr
   768  0036                     u17_27:
   769  0036  0BF0               	decfsz	??_isr,f
   770  0037  2836               	goto	u17_27
   771  0038  0000               	nop
   772                           
   773                           ;I2CESCLAVO2.c: 60:             C = SSPBUF;
   774  0039  1283               	bcf	3,5	;RP0=0, select bank0
   775  003A  1303               	bcf	3,6	;RP1=0, select bank0
   776  003B  0813               	movf	19,w	;volatile
   777  003C  00F0               	movwf	??_isr
   778  003D  0870               	movf	??_isr,w
   779  003E  00F6               	movwf	_C
   780  003F                     i1l845:
   781                           
   782                           ;I2CESCLAVO2.c: 61:             _delay((unsigned long)((2)*(8000000/4000000.0)));
   783  003F  2840               	nop2	;2 cycle nop
   784  0040  2841               	nop2	;2 cycle nop
   785  0041                     i1l847:
   786                           
   787                           ;I2CESCLAVO2.c: 62:             PIR1bits.SSPIF = 0;
   788  0041  1283               	bcf	3,5	;RP0=0, select bank0
   789  0042  1303               	bcf	3,6	;RP1=0, select bank0
   790  0043  118C               	bcf	12,3	;volatile
   791  0044                     i1l849:
   792                           
   793                           ;I2CESCLAVO2.c: 63:             SSPCONbits.CKP = 1;
   794  0044  1614               	bsf	20,4	;volatile
   795  0045                     i1l111:	
   796                           ;I2CESCLAVO2.c: 64:             while(!SSPSTATbits.BF);
   797                           
   798  0045  1683               	bsf	3,5	;RP0=1, select bank1
   799  0046  1303               	bcf	3,6	;RP1=0, select bank1
   800  0047  1C14               	btfss	20,0	;volatile
   801  0048  284A               	goto	u10_21
   802  0049  284B               	goto	u10_20
   803  004A                     u10_21:
   804  004A  2845               	goto	i1l111
   805  004B                     u10_20:
   806  004B                     i1l851:
   807                           
   808                           ;I2CESCLAVO2.c: 65:             CONT = SSPBUF;
   809  004B  1283               	bcf	3,5	;RP0=0, select bank0
   810  004C  1303               	bcf	3,6	;RP1=0, select bank0
   811  004D  0813               	movf	19,w	;volatile
   812  004E  00F0               	movwf	??_isr
   813  004F  0870               	movf	??_isr,w
   814  0050  00F5               	movwf	_CONT
   815                           
   816                           ;I2CESCLAVO2.c: 66:             _delay((unsigned long)((250)*(8000000/4000000.0)));
   817  0051  30A6               	movlw	166
   818  0052  00F0               	movwf	??_isr
   819  0053                     u18_27:
   820  0053  0BF0               	decfsz	??_isr,f
   821  0054  2853               	goto	u18_27
   822  0055  0000               	nop
   823                           
   824                           ;I2CESCLAVO2.c: 68:         }else if(!SSPSTATbits.D_nA && SSPSTATbits.R_nW){
   825  0056  2878               	goto	i1l114
   826  0057                     i1l110:
   827  0057  1A94               	btfsc	20,5	;volatile
   828  0058  285A               	goto	u11_21
   829  0059  285B               	goto	u11_20
   830  005A                     u11_21:
   831  005A  2878               	goto	i1l114
   832  005B                     u11_20:
   833  005B                     i1l853:
   834  005B  1D14               	btfss	20,2	;volatile
   835  005C  285E               	goto	u12_21
   836  005D  285F               	goto	u12_20
   837  005E                     u12_21:
   838  005E  2878               	goto	i1l114
   839  005F                     u12_20:
   840  005F                     i1l855:
   841                           
   842                           ;I2CESCLAVO2.c: 69:             C = SSPBUF;
   843  005F  1283               	bcf	3,5	;RP0=0, select bank0
   844  0060  1303               	bcf	3,6	;RP1=0, select bank0
   845  0061  0813               	movf	19,w	;volatile
   846  0062  00F0               	movwf	??_isr
   847  0063  0870               	movf	??_isr,w
   848  0064  00F6               	movwf	_C
   849  0065                     i1l857:
   850                           
   851                           ;I2CESCLAVO2.c: 70:             BF = 0;
   852  0065  1683               	bsf	3,5	;RP0=1, select bank1
   853  0066  1303               	bcf	3,6	;RP1=0, select bank1
   854  0067  1014               	bcf	20,0	;volatile
   855                           
   856                           ;I2CESCLAVO2.c: 71:             SSPBUF = CONT;
   857  0068  0875               	movf	_CONT,w
   858  0069  1283               	bcf	3,5	;RP0=0, select bank0
   859  006A  1303               	bcf	3,6	;RP1=0, select bank0
   860  006B  0093               	movwf	19	;volatile
   861  006C                     i1l859:
   862                           
   863                           ;I2CESCLAVO2.c: 72:             SSPCONbits.CKP = 1;
   864  006C  1614               	bsf	20,4	;volatile
   865                           
   866                           ;I2CESCLAVO2.c: 73:             _delay((unsigned long)((250)*(8000000/4000000.0)));
   867  006D  30A6               	movlw	166
   868  006E  00F0               	movwf	??_isr
   869  006F                     u19_27:
   870  006F  0BF0               	decfsz	??_isr,f
   871  0070  286F               	goto	u19_27
   872  0071  0000               	nop
   873  0072                     i1l116:	
   874                           ;I2CESCLAVO2.c: 74:             while(SSPSTATbits.BF);
   875                           
   876  0072  1683               	bsf	3,5	;RP0=1, select bank1
   877  0073  1303               	bcf	3,6	;RP1=0, select bank1
   878  0074  1814               	btfsc	20,0	;volatile
   879  0075  2877               	goto	u13_21
   880  0076  2878               	goto	u13_20
   881  0077                     u13_21:
   882  0077  2872               	goto	i1l116
   883  0078                     u13_20:
   884  0078                     i1l114:
   885                           
   886                           ;I2CESCLAVO2.c: 77:         PIR1bits.SSPIF = 0;
   887  0078  1283               	bcf	3,5	;RP0=0, select bank0
   888  0079  1303               	bcf	3,6	;RP1=0, select bank0
   889  007A  118C               	bcf	12,3	;volatile
   890  007B                     i1l106:	
   891                           ;I2CESCLAVO2.c: 78:     }
   892                           
   893                           
   894                           ;I2CESCLAVO2.c: 79:    if (RBIF == 1)
   895  007B  1C0B               	btfss	11,0	;volatile
   896  007C  287E               	goto	u14_21
   897  007D  287F               	goto	u14_20
   898  007E                     u14_21:
   899  007E  288E               	goto	i1l122
   900  007F                     u14_20:
   901  007F                     i1l861:
   902                           
   903                           ;I2CESCLAVO2.c: 80:     {;I2CESCLAVO2.c: 81:         if (PORTBbits.RB0 == 0)
   904  007F  1806               	btfsc	6,0	;volatile
   905  0080  2882               	goto	u15_21
   906  0081  2883               	goto	u15_20
   907  0082                     u15_21:
   908  0082  2886               	goto	i1l865
   909  0083                     u15_20:
   910  0083                     i1l863:
   911                           
   912                           ;I2CESCLAVO2.c: 82:         {;I2CESCLAVO2.c: 83:             PORTD = PORTD + 1;
   913  0083  0808               	movf	8,w	;volatile
   914  0084  3E01               	addlw	1
   915  0085  0088               	movwf	8	;volatile
   916  0086                     i1l865:
   917                           
   918                           ;I2CESCLAVO2.c: 85:         if (PORTBbits.RB1 == 0)
   919  0086  1886               	btfsc	6,1	;volatile
   920  0087  2889               	goto	u16_21
   921  0088  288A               	goto	u16_20
   922  0089                     u16_21:
   923  0089  288D               	goto	i1l869
   924  008A                     u16_20:
   925  008A                     i1l867:
   926                           
   927                           ;I2CESCLAVO2.c: 86:         {;I2CESCLAVO2.c: 87:             PORTD = PORTD - 1;
   928  008A  0808               	movf	8,w	;volatile
   929  008B  3EFF               	addlw	255
   930  008C  0088               	movwf	8	;volatile
   931  008D                     i1l869:
   932                           
   933                           ;I2CESCLAVO2.c: 89:         INTCONbits.RBIF = 0;
   934  008D  100B               	bcf	11,0	;volatile
   935  008E                     i1l122:
   936  008E  0872               	movf	??_isr+2,w
   937  008F  008A               	movwf	10
   938  0090  0E71               	swapf	??_isr+1,w
   939  0091  0083               	movwf	3
   940  0092  0EFE               	swapf	btemp,f
   941  0093  0E7E               	swapf	btemp,w
   942  0094  0009               	retfie
   943  0095                     __end_of_isr:
   944  007E                     btemp	set	126	;btemp
   945  007E                     wtemp0	set	126
   946                           
   947                           	psect	intentry
   948  0004                     __pintentry:	
   949                           ;incstack = 0
   950                           ; Regs used in _isr: [wreg+status,2+status,0]
   951                           
   952  0004                     interrupt_function:
   953  007E                     saved_w	set	btemp
   954  0004  00FE               	movwf	btemp
   955  0005  0E03               	swapf	3,w
   956  0006  00F1               	movwf	??_isr+1
   957  0007  080A               	movf	10,w
   958  0008  00F2               	movwf	??_isr+2
   959  0009  120A  118A  2814   	ljmp	_isr
   960                           
   961                           	psect	config
   962                           
   963                           ;Config register CONFIG1 @ 0x2007
   964                           ;	Oscillator Selection bits
   965                           ;	FOSC = INTRC_NOCLKOUT, INTOSCIO oscillator: I/O function on RA6/OSC2/CLKOUT pin, I/O f
      +                          unction on RA7/OSC1/CLKIN
   966                           ;	Watchdog Timer Enable bit
   967                           ;	WDTE = OFF, WDT disabled and can be enabled by SWDTEN bit of the WDTCON register
   968                           ;	Power-up Timer Enable bit
   969                           ;	PWRTE = OFF, PWRT disabled
   970                           ;	RE3/MCLR pin function select bit
   971                           ;	MCLRE = OFF, RE3/MCLR pin function is digital input, MCLR internally tied to VDD
   972                           ;	Code Protection bit
   973                           ;	CP = OFF, Program memory code protection is disabled
   974                           ;	Data Code Protection bit
   975                           ;	CPD = OFF, Data memory code protection is disabled
   976                           ;	Brown Out Reset Selection bits
   977                           ;	BOREN = OFF, BOR disabled
   978                           ;	Internal External Switchover bit
   979                           ;	IESO = OFF, Internal/External Switchover mode is disabled
   980                           ;	Fail-Safe Clock Monitor Enabled bit
   981                           ;	FCMEN = OFF, Fail-Safe Clock Monitor is disabled
   982                           ;	Low Voltage Programming Enable bit
   983                           ;	LVP = OFF, RB3 pin has digital I/O, HV on MCLR must be used for programming
   984                           ;	In-Circuit Debugger Mode bit
   985                           ;	DEBUG = 0x1, unprogrammed default
   986  2007                     	org	8199
   987  2007  20D4               	dw	8404
   988                           
   989                           ;Config register CONFIG2 @ 0x2008
   990                           ;	Brown-out Reset Selection bit
   991                           ;	BOR4V = BOR40V, Brown-out Reset set to 4.0V
   992                           ;	Flash Program Memory Self Write Enable bits
   993                           ;	WRT = OFF, Write protection off
   994  2008                     	org	8200
   995  2008  3FFF               	dw	16383

Data Sizes:
    Strings     0
    Constant    0
    Data        0
    BSS         1
    Persistent  1
    Stack       0

Auto Spaces:
    Space          Size  Autos    Used
    COMMON           14      5       7
    BANK0            80      0       0
    BANK1            80      0       0
    BANK3            96      0       0
    BANK2            96      0       0

Pointer List with Targets:

    None.

Critical Paths under _main in COMMON

    _setup->_I2C_Slave_Init

Critical Paths under _isr in COMMON

    None.

Critical Paths under _main in BANK0

    None.

Critical Paths under _isr in BANK0

    None.

Critical Paths under _main in BANK1

    None.

Critical Paths under _isr in BANK1

    None.

Critical Paths under _main in BANK3

    None.

Critical Paths under _isr in BANK3

    None.

Critical Paths under _main in BANK2

    None.

Critical Paths under _isr in BANK2

    None.

Call Graph Tables:

 ---------------------------------------------------------------------------------
 (Depth) Function   	        Calls       Base Space   Used Autos Params    Refs
 ---------------------------------------------------------------------------------
 (0) _main                                                 1     1      0      15
                                              4 COMMON     1     1      0
                              _setup
 ---------------------------------------------------------------------------------
 (1) _setup                                                0     0      0      15
                     _I2C_Slave_Init
 ---------------------------------------------------------------------------------
 (2) _I2C_Slave_Init                                       1     1      0      15
                                              3 COMMON     1     1      0
 ---------------------------------------------------------------------------------
 Estimated maximum stack depth 2
 ---------------------------------------------------------------------------------
 (Depth) Function   	        Calls       Base Space   Used Autos Params    Refs
 ---------------------------------------------------------------------------------
 (3) _isr                                                  3     3      0       0
                                              0 COMMON     3     3      0
 ---------------------------------------------------------------------------------
 Estimated maximum stack depth 3
 ---------------------------------------------------------------------------------

 Call Graph Graphs:

 _main (ROOT)
   _setup
     _I2C_Slave_Init

 _isr (ROOT)

 Address spaces:
Name               Size   Autos  Total    Cost      Usage
BITCOMMON            E      0       0       0        0.0%
EEDATA             100      0       0       0        0.0%
NULL                 0      0       0       0        0.0%
CODE                 0      0       0       0        0.0%
COMMON               E      5       7       1       50.0%
BITSFR0              0      0       0       1        0.0%
SFR0                 0      0       0       1        0.0%
BITSFR1              0      0       0       2        0.0%
SFR1                 0      0       0       2        0.0%
STACK                0      0       0       2        0.0%
ABS                  0      0       7       3        0.0%
BITBANK0            50      0       0       4        0.0%
BITSFR3              0      0       0       4        0.0%
SFR3                 0      0       0       4        0.0%
BANK0               50      0       0       5        0.0%
BITSFR2              0      0       0       5        0.0%
SFR2                 0      0       0       5        0.0%
BITBANK1            50      0       0       6        0.0%
BANK1               50      0       0       7        0.0%
BITBANK3            60      0       0       8        0.0%
BANK3               60      0       0       9        0.0%
BITBANK2            60      0       0      10        0.0%
BANK2               60      0       0      11        0.0%
DATA                 0      0       7      12        0.0%


Microchip Technology PIC Macro Assembler V2.31 build 20201012212115 
Symbol Table                                                                                   Mon Aug 09 00:28:36 2021

                      _C 0076              _SSPSTATbits 0094                       _BF 04A0  
                     l55 00D1                      l133 00B7                      l731 00C9  
                    l733 00CA                      l725 00B9                      l735 00CB  
                    l727 00C7                      l751 009E                      l743 0095  
                    l737 00CE                      l729 00C8                      l761 00A4  
                    l753 009F                      l745 0099                      l771 00A9  
                    l763 00A5                      l755 00A0                      l747 009C  
                    l781 00B3                      l773 00AA                      l765 00A6  
                    l757 00A1                      l749 009D                      l783 00B6  
                    l775 00B0                      l767 00A7                      l759 00A2  
                    l871 00D2                      l777 00B1                      l769 00A8  
                    l873 00D7                      l779 00B2                      _GIE 005F  
                    _isr 0014                     ?_isr 0070                     _CONT 0075  
                   _PEIE 005E                     _RBIF 0058                     _WPUB 0095  
                   u5_20 001A                     u5_21 0019                     u6_20 001F  
                   u6_21 001E                     u7_20 0023                     u7_21 0022  
                   u8_20 0030                     u8_21 002F                     u9_20 0034  
                   u9_21 0033                     _main 00D2                     btemp 007E  
                   start 000C                    ??_isr 0070                    ?_main 0070  
                  _ANSEL 0188                    i1l110 0057                    i1l111 0045  
                  i1l122 008E                    i1l114 0078                    i1l106 007B  
                  i1l116 0072                    i1l831 0023                    i1l841 0030  
                  i1l833 0027                    i1l825 0014                    i1l851 004B  
                  i1l843 0034                    i1l835 0028                    i1l827 001A  
                  i1l861 007F                    i1l853 005B                    i1l845 003F  
                  i1l837 0029                    i1l829 001F                    i1l863 0083  
                  i1l855 005F                    i1l847 0041                    i1l839 002A  
                  i1l865 0086                    i1l857 0065                    i1l849 0044  
                  i1l867 008A                    i1l859 006C                    i1l869 008D  
                  u10_20 004B                    u10_21 004A                    u11_20 005B  
                  u11_21 005A                    u12_20 005F                    u12_21 005E  
                  u13_20 0078                    u13_21 0077                    u14_20 007F  
                  u14_21 007E                    u15_20 0083                    u15_21 0082  
                  u16_20 008A                    u16_21 0089                    u17_27 0036  
                  u18_27 0053                    _PORTB 0006                    _PORTD 0008  
                  u19_27 006F                    _SSPIE 0463                    _SSPIF 0063  
                  _setup 0095                    pclath 000A                    status 0003  
                  wtemp0 007E          __initialization 000F             __end_of_main 00E1  
                 ??_main 0074                   ?_setup 0070                   _ANSELH 0189  
                 _SSPADD 0093                   _TRISC3 043B                   _TRISC4 043C  
                 _SSPCON 0014                   _SSPBUF 0013                   saved_w 007E  
__end_of__initialization 0010           __pcstackCOMMON 0070  __size_of_I2C_Slave_Init 001A  
          __end_of_setup 00B8           _OPTION_REGbits 0081                  ??_setup 0074  
  I2C_Slave_Init@address 0073               __pnvCOMMON 0075               __pmaintext 00D2  
             __pintentry 0004                  _SSPCON2 0091                  _SSPSTAT 0094  
                __ptext1 0095                  __ptext2 00B8                  __ptext3 0014  
           __size_of_isr 0081     end_of_initialization 0010           _I2C_Slave_Init 00B8  
              _PORTBbits 0006                _TRISBbits 0086                _TRISCbits 0087  
              _TRISDbits 0088   __end_of_I2C_Slave_Init 00D2      start_initialization 000F  
            __end_of_isr 0095          ?_I2C_Slave_Init 0070              __pbssCOMMON 0076  
              ___latbits 0002           __size_of_setup 0023        interrupt_function 0004  
               _IOCBbits 0096                 _PIR1bits 000C         ??_I2C_Slave_Init 0073  
          __size_of_main 000F               _INTCONbits 000B                 intlevel1 0000  
             _OSCCONbits 008F              _SSPCON2bits 0091               _SSPCONbits 0014  
