

Microchip MPLAB XC8 Assembler V2.31 build 20201012212115 
                                                                                               Wed Aug 18 23:24:17 2021

Microchip MPLAB XC8 C Compiler v2.31 (Free license) build 20201012212115 Og1 
     1                           	processor	16F887
     2                           	pagewidth 120
     3                           	opt	flic
     4                           	psect	nvBANK0,global,class=BANK0,space=1,delta=1,noexec
     5                           	psect	cinit,global,class=CODE,merge=1,delta=2
     6                           	psect	bssCOMMON,global,class=COMMON,space=1,delta=1,noexec
     7                           	psect	bssBANK0,global,class=BANK0,space=1,delta=1,noexec
     8                           	psect	clrtext,global,class=CODE,delta=2
     9                           	psect	cstackCOMMON,global,class=COMMON,space=1,delta=1,noexec
    10                           	psect	cstackBANK0,global,class=BANK0,space=1,delta=1,noexec
    11                           	psect	maintext,global,class=CODE,split=1,delta=2
    12                           	psect	text1,local,class=CODE,merge=1,delta=2
    13                           	psect	text2,local,class=CODE,merge=1,delta=2
    14                           	psect	text3,local,class=CODE,merge=1,delta=2,group=1
    15                           	psect	text4,local,class=CODE,merge=1,delta=2,group=1
    16                           	psect	text5,local,class=CODE,merge=1,delta=2
    17                           	psect	intentry,global,class=CODE,delta=2
    18                           	psect	config,global,abs,ovrld,class=CONFIG,space=4,delta=2,noexec
    19                           	dabs	1,0x7E,2
    20  0000                     
    21                           ; Version 2.20
    22                           ; Generated 12/02/2020 GMT
    23                           ; 
    24                           ; Copyright © 2020, Microchip Technology Inc. and its subsidiaries ("Microchip")
    25                           ; All rights reserved.
    26                           ; 
    27                           ; This software is developed by Microchip Technology Inc. and its subsidiaries ("Microch
      +                          ip").
    28                           ; 
    29                           ; Redistribution and use in source and binary forms, with or without modification, are
    30                           ; permitted provided that the following conditions are met:
    31                           ; 
    32                           ;     1. Redistributions of source code must retain the above copyright notice, this lis
      +                          t of
    33                           ;        conditions and the following disclaimer.
    34                           ; 
    35                           ;     2. Redistributions in binary form must reproduce the above copyright notice, this 
      +                          list
    36                           ;        of conditions and the following disclaimer in the documentation and/or other
    37                           ;        materials provided with the distribution.
    38                           ; 
    39                           ;     3. Microchip's name may not be used to endorse or promote products derived from th
      +                          is
    40                           ;        software without specific prior written permission.
    41                           ; 
    42                           ; THIS SOFTWARE IS PROVIDED BY MICROCHIP "AS IS" AND ANY EXPRESS OR IMPLIED WARRANTIES,
    43                           ; INCLUDING, BUT NOT LIMITED TO, THE IMPLIED WARRANTIES OF MERCHANTABILITY AND FITNESS F
      +                          OR
    44                           ; PURPOSE ARE DISCLAIMED.  IN NO EVENT SHALL MICROCHIP BE LIABLE FOR ANY DIRECT, INDIREC
      +                          T,
    45                           ; INCIDENTAL, SPECIAL, EXEMPLARY, OR CONSEQUENTIAL DAMAGES (INCLUDING BUT NOT LIMITED TO
    46                           ; PROCUREMENT OF SUBSTITUTE GOODS OR SERVICES; LOSS OF USE, DATA OR PROFITS; OR BUSINESS
    47                           ; INTERRUPTION) HOWSOEVER CAUSED AND ON ANY THEORY OF LIABILITY, WHETHER IN CONTRACT, ST
      +                          RICT
    48                           ; LIABILITY, OR TORT (INCLUDING NEGLIGENCE OR OTHERWISE) ARISING IN ANY WAY OUT OF THE U
      +                          SE OF
    49                           ; THIS SOFTWARE, EVEN IF ADVISED OF THE POSSIBILITY OF SUCH DAMAGE.
    50                           ; 
    51                           ; 
    52                           ; Code-generator required, PIC16F887 Definitions
    53                           ; 
    54                           ; SFR Addresses
    55  0000                     	;# 
    56  0001                     	;# 
    57  0002                     	;# 
    58  0003                     	;# 
    59  0004                     	;# 
    60  0005                     	;# 
    61  0006                     	;# 
    62  0007                     	;# 
    63  0008                     	;# 
    64  0009                     	;# 
    65  000A                     	;# 
    66  000B                     	;# 
    67  000C                     	;# 
    68  000D                     	;# 
    69  000E                     	;# 
    70  000E                     	;# 
    71  000F                     	;# 
    72  0010                     	;# 
    73  0011                     	;# 
    74  0012                     	;# 
    75  0013                     	;# 
    76  0014                     	;# 
    77  0015                     	;# 
    78  0015                     	;# 
    79  0016                     	;# 
    80  0017                     	;# 
    81  0018                     	;# 
    82  0019                     	;# 
    83  001A                     	;# 
    84  001B                     	;# 
    85  001B                     	;# 
    86  001C                     	;# 
    87  001D                     	;# 
    88  001E                     	;# 
    89  001F                     	;# 
    90  0081                     	;# 
    91  0085                     	;# 
    92  0086                     	;# 
    93  0087                     	;# 
    94  0088                     	;# 
    95  0089                     	;# 
    96  008C                     	;# 
    97  008D                     	;# 
    98  008E                     	;# 
    99  008F                     	;# 
   100  0090                     	;# 
   101  0091                     	;# 
   102  0092                     	;# 
   103  0093                     	;# 
   104  0093                     	;# 
   105  0093                     	;# 
   106  0094                     	;# 
   107  0095                     	;# 
   108  0096                     	;# 
   109  0097                     	;# 
   110  0098                     	;# 
   111  0099                     	;# 
   112  009A                     	;# 
   113  009B                     	;# 
   114  009C                     	;# 
   115  009D                     	;# 
   116  009E                     	;# 
   117  009F                     	;# 
   118  0105                     	;# 
   119  0107                     	;# 
   120  0108                     	;# 
   121  0109                     	;# 
   122  010C                     	;# 
   123  010C                     	;# 
   124  010D                     	;# 
   125  010E                     	;# 
   126  010F                     	;# 
   127  0185                     	;# 
   128  0187                     	;# 
   129  0188                     	;# 
   130  0189                     	;# 
   131  018C                     	;# 
   132  018D                     	;# 
   133  0000                     	;# 
   134  0001                     	;# 
   135  0002                     	;# 
   136  0003                     	;# 
   137  0004                     	;# 
   138  0005                     	;# 
   139  0006                     	;# 
   140  0007                     	;# 
   141  0008                     	;# 
   142  0009                     	;# 
   143  000A                     	;# 
   144  000B                     	;# 
   145  000C                     	;# 
   146  000D                     	;# 
   147  000E                     	;# 
   148  000E                     	;# 
   149  000F                     	;# 
   150  0010                     	;# 
   151  0011                     	;# 
   152  0012                     	;# 
   153  0013                     	;# 
   154  0014                     	;# 
   155  0015                     	;# 
   156  0015                     	;# 
   157  0016                     	;# 
   158  0017                     	;# 
   159  0018                     	;# 
   160  0019                     	;# 
   161  001A                     	;# 
   162  001B                     	;# 
   163  001B                     	;# 
   164  001C                     	;# 
   165  001D                     	;# 
   166  001E                     	;# 
   167  001F                     	;# 
   168  0081                     	;# 
   169  0085                     	;# 
   170  0086                     	;# 
   171  0087                     	;# 
   172  0088                     	;# 
   173  0089                     	;# 
   174  008C                     	;# 
   175  008D                     	;# 
   176  008E                     	;# 
   177  008F                     	;# 
   178  0090                     	;# 
   179  0091                     	;# 
   180  0092                     	;# 
   181  0093                     	;# 
   182  0093                     	;# 
   183  0093                     	;# 
   184  0094                     	;# 
   185  0095                     	;# 
   186  0096                     	;# 
   187  0097                     	;# 
   188  0098                     	;# 
   189  0099                     	;# 
   190  009A                     	;# 
   191  009B                     	;# 
   192  009C                     	;# 
   193  009D                     	;# 
   194  009E                     	;# 
   195  009F                     	;# 
   196  0105                     	;# 
   197  0107                     	;# 
   198  0108                     	;# 
   199  0109                     	;# 
   200  010C                     	;# 
   201  010C                     	;# 
   202  010D                     	;# 
   203  010E                     	;# 
   204  010F                     	;# 
   205  0185                     	;# 
   206  0187                     	;# 
   207  0188                     	;# 
   208  0189                     	;# 
   209  018C                     	;# 
   210  018D                     	;# 
   211                           
   212                           	psect	nvBANK0
   213  006A                     __pnvBANK0:
   214  006A                     _unidades:
   215  006A                     	ds	1
   216  006B                     _decenas:
   217  006B                     	ds	1
   218  006C                     _centenas:
   219  006C                     	ds	1
   220  0018                     _RCSTAbits	set	24
   221  0005                     _PORTA	set	5
   222  0008                     _PORTD	set	8
   223  0019                     _TXREG	set	25
   224  001A                     _RCREG	set	26
   225  000B                     _INTCONbits	set	11
   226  0006                     _PORTBbits	set	6
   227  0065                     _RCIF	set	101
   228  0064                     _TXIF	set	100
   229  0058                     _RBIF	set	88
   230  009A                     _SPBRGH	set	154
   231  0099                     _SPBRG	set	153
   232  0098                     _TXSTAbits	set	152
   233  0096                     _IOCBbits	set	150
   234  0095                     _WPUB	set	149
   235  0081                     _OPTION_REGbits	set	129
   236  008F                     _OSCCONbits	set	143
   237  0088                     _TRISD	set	136
   238  0086                     _TRISBbits	set	134
   239  0187                     _BAUDCTLbits	set	391
   240  0189                     _ANSELH	set	393
   241  0188                     _ANSEL	set	392
   242                           
   243                           	psect	cinit
   244  000F                     start_initialization:	
   245                           ; #config settings
   246                           
   247  000F                     __initialization:
   248                           
   249                           ; Clear objects allocated to COMMON
   250  000F  01FA               	clrf	__pbssCOMMON& (0+127)
   251                           
   252                           ; Clear objects allocated to BANK0
   253  0010  1383               	bcf	3,7	;select IRP bank0
   254  0011  3020               	movlw	low __pbssBANK0
   255  0012  0084               	movwf	4
   256  0013  3060               	movlw	low (__pbssBANK0+64)
   257  0014  120A  118A  21EE  120A  118A  	fcall	clear_ram0
   258  0019                     end_of_initialization:	
   259                           ;End of C runtime variable initialization code
   260                           
   261  0019                     __end_of__initialization:
   262  0019  0183               	clrf	3
   263  001A  120A  118A  281D   	ljmp	_main	;jump to C main() function
   264                           
   265                           	psect	bssCOMMON
   266  007A                     __pbssCOMMON:
   267  007A                     _puerto:
   268  007A                     	ds	1
   269                           
   270                           	psect	bssBANK0
   271  0020                     __pbssBANK0:
   272  0020                     _v3:
   273  0020                     	ds	20
   274  0034                     _v2:
   275  0034                     	ds	20
   276  0048                     _v1:
   277  0048                     	ds	20
   278  005C                     _unidades1:
   279  005C                     	ds	1
   280  005D                     _decenas1:
   281  005D                     	ds	1
   282  005E                     _centenas1:
   283  005E                     	ds	1
   284  005F                     _CONT:
   285  005F                     	ds	1
   286                           
   287                           	psect	clrtext
   288  01EE                     clear_ram0:	
   289                           ;	Called with FSR containing the base address, and
   290                           ;	W with the last address+1
   291                           
   292  01EE  0064               	clrwdt	;clear the watchdog before getting into this loop
   293  01EF                     clrloop0:
   294  01EF  0180               	clrf	0	;clear RAM location pointed to by FSR
   295  01F0  0A84               	incf	4,f	;increment pointer
   296  01F1  0604               	xorwf	4,w	;XOR with final address
   297  01F2  1903               	btfsc	3,2	;have we reached the end yet?
   298  01F3  3400               	retlw	0	;all done for this memory range, return
   299  01F4  0604               	xorwf	4,w	;XOR again to restore value
   300  01F5  29EF               	goto	clrloop0	;do the next byte
   301                           
   302                           	psect	cstackCOMMON
   303  0070                     __pcstackCOMMON:
   304  0070                     ?_setup:
   305  0070                     ?_division:	
   306                           ; 1 bytes @ 0x0
   307                           
   308  0070                     ?_isr:	
   309                           ; 1 bytes @ 0x0
   310                           
   311  0070                     ??_isr:	
   312                           ; 1 bytes @ 0x0
   313                           
   314  0070                     ?_main:	
   315                           ; 1 bytes @ 0x0
   316                           
   317                           
   318                           ; 1 bytes @ 0x0
   319  0070                     	ds	3
   320  0073                     ??_setup:
   321  0073                     ?___bmul:	
   322                           ; 1 bytes @ 0x3
   323                           
   324  0073                     ?___awdiv:	
   325                           ; 1 bytes @ 0x3
   326                           
   327  0073                     ___bmul@multiplicand:	
   328                           ; 2 bytes @ 0x3
   329                           
   330  0073                     ___awdiv@divisor:	
   331                           ; 1 bytes @ 0x3
   332                           
   333                           
   334                           ; 2 bytes @ 0x3
   335  0073                     	ds	1
   336  0074                     ??___bmul:
   337                           
   338                           ; 1 bytes @ 0x4
   339  0074                     	ds	1
   340  0075                     ___bmul@product:
   341  0075                     ___awdiv@dividend:	
   342                           ; 1 bytes @ 0x5
   343                           
   344                           
   345                           ; 2 bytes @ 0x5
   346  0075                     	ds	1
   347  0076                     ___bmul@multiplier:
   348                           
   349                           ; 1 bytes @ 0x6
   350  0076                     	ds	1
   351  0077                     ??___awdiv:
   352                           
   353                           ; 1 bytes @ 0x7
   354  0077                     	ds	1
   355  0078                     division@variable:
   356                           
   357                           ; 1 bytes @ 0x8
   358  0078                     	ds	1
   359  0079                     division@val:
   360                           
   361                           ; 1 bytes @ 0x9
   362  0079                     	ds	1
   363                           
   364                           	psect	cstackBANK0
   365  0060                     __pcstackBANK0:
   366  0060                     ___awdiv@counter:
   367                           
   368                           ; 1 bytes @ 0x0
   369  0060                     	ds	1
   370  0061                     ___awdiv@sign:
   371                           
   372                           ; 1 bytes @ 0x1
   373  0061                     	ds	1
   374  0062                     ___awdiv@quotient:
   375                           
   376                           ; 2 bytes @ 0x2
   377  0062                     	ds	2
   378  0064                     ??_division:
   379                           
   380                           ; 1 bytes @ 0x4
   381  0064                     	ds	3
   382  0067                     ??_main:
   383                           
   384                           ; 1 bytes @ 0x7
   385  0067                     	ds	3
   386                           
   387                           	psect	maintext
   388  001D                     __pmaintext:	
   389 ;;
   390 ;;Main: autosize = 0, tempsize = 3, incstack = 0, save=0
   391 ;;
   392 ;; *************** function _main *****************
   393 ;; Defined at:
   394 ;;		line 87 in file "lab5_D2.c"
   395 ;; Parameters:    Size  Location     Type
   396 ;;		None
   397 ;; Auto vars:     Size  Location     Type
   398 ;;		None
   399 ;; Return value:  Size  Location     Type
   400 ;;                  1    wreg      void 
   401 ;; Registers used:
   402 ;;		wreg, status,2, status,0, pclath, cstack
   403 ;; Tracked objects:
   404 ;;		On entry : B00/0
   405 ;;		On exit  : 0/0
   406 ;;		Unchanged: 0/0
   407 ;; Data sizes:     COMMON   BANK0   BANK1   BANK3   BANK2
   408 ;;      Params:         0       0       0       0       0
   409 ;;      Locals:         0       0       0       0       0
   410 ;;      Temps:          0       3       0       0       0
   411 ;;      Totals:         0       3       0       0       0
   412 ;;Total ram usage:        3 bytes
   413 ;; Hardware stack levels required when called:    3
   414 ;; This function calls:
   415 ;;		___bmul
   416 ;;		_division
   417 ;;		_setup
   418 ;; This function is called by:
   419 ;;		Startup code after reset
   420 ;; This function uses a non-reentrant model
   421 ;;
   422                           
   423                           
   424                           ;psect for function _main
   425  001D                     _main:
   426  001D                     l1116:	
   427                           ;incstack = 0
   428                           ; Regs used in _main: [wreg+status,2+status,0+pclath+cstack]
   429                           
   430  001D  120A  118A  2186  120A  118A  	fcall	_setup
   431  0022                     l85:
   432  0022  1283               	bcf	3,5	;RP0=0, select bank0
   433  0023  1303               	bcf	3,6	;RP1=0, select bank0
   434  0024  085F               	movf	_CONT,w
   435  0025  120A  118A  211F  120A  118A  	fcall	_division
   436  002A                     l1118:
   437  002A  3061               	movlw	97
   438  002B  1283               	bcf	3,5	;RP0=0, select bank0
   439  002C  1303               	bcf	3,6	;RP1=0, select bank0
   440  002D  061A               	xorwf	26,w	;volatile
   441  002E  1D03               	btfss	3,2
   442  002F  2831               	goto	u601
   443  0030  2832               	goto	u600
   444  0031                     u601:
   445  0031  2876               	goto	l91
   446  0032                     u600:
   447  0032                     l1120:
   448  0032  1E0C               	btfss	12,4	;volatile
   449  0033  2835               	goto	u611
   450  0034  2836               	goto	u610
   451  0035                     u611:
   452  0035  2876               	goto	l91
   453  0036                     u610:
   454  0036                     l1122:
   455  0036  3082               	movlw	130
   456  0037  1283               	bcf	3,5	;RP0=0, select bank0
   457  0038  1303               	bcf	3,6	;RP1=0, select bank0
   458  0039  00E8               	movwf	??_main+1
   459  003A  30DD               	movlw	221
   460  003B  00E7               	movwf	??_main
   461  003C                     u687:
   462  003C  0BE7               	decfsz	??_main,f
   463  003D  283C               	goto	u687
   464  003E  0BE8               	decfsz	??_main+1,f
   465  003F  283C               	goto	u687
   466  0040                     l1124:
   467  0040  1283               	bcf	3,5	;RP0=0, select bank0
   468  0041  1303               	bcf	3,6	;RP1=0, select bank0
   469  0042  1E0C               	btfss	12,4	;volatile
   470  0043  2845               	goto	u621
   471  0044  2846               	goto	u620
   472  0045                     u621:
   473  0045  2848               	goto	l88
   474  0046                     u620:
   475  0046                     l1126:
   476  0046  086C               	movf	_centenas,w
   477  0047  0099               	movwf	25	;volatile
   478  0048                     l88:
   479  0048  3082               	movlw	130
   480  0049  1283               	bcf	3,5	;RP0=0, select bank0
   481  004A  1303               	bcf	3,6	;RP1=0, select bank0
   482  004B  00E8               	movwf	??_main+1
   483  004C  30DD               	movlw	221
   484  004D  00E7               	movwf	??_main
   485  004E                     u697:
   486  004E  0BE7               	decfsz	??_main,f
   487  004F  284E               	goto	u697
   488  0050  0BE8               	decfsz	??_main+1,f
   489  0051  284E               	goto	u697
   490  0052                     l1128:
   491  0052  1283               	bcf	3,5	;RP0=0, select bank0
   492  0053  1303               	bcf	3,6	;RP1=0, select bank0
   493  0054  1E0C               	btfss	12,4	;volatile
   494  0055  2857               	goto	u631
   495  0056  2858               	goto	u630
   496  0057                     u631:
   497  0057  285A               	goto	l89
   498  0058                     u630:
   499  0058                     l1130:
   500  0058  086B               	movf	_decenas,w
   501  0059  0099               	movwf	25	;volatile
   502  005A                     l89:
   503  005A  3082               	movlw	130
   504  005B  1283               	bcf	3,5	;RP0=0, select bank0
   505  005C  1303               	bcf	3,6	;RP1=0, select bank0
   506  005D  00E8               	movwf	??_main+1
   507  005E  30DD               	movlw	221
   508  005F  00E7               	movwf	??_main
   509  0060                     u707:
   510  0060  0BE7               	decfsz	??_main,f
   511  0061  2860               	goto	u707
   512  0062  0BE8               	decfsz	??_main+1,f
   513  0063  2860               	goto	u707
   514  0064                     l1132:
   515  0064  1283               	bcf	3,5	;RP0=0, select bank0
   516  0065  1303               	bcf	3,6	;RP1=0, select bank0
   517  0066  1E0C               	btfss	12,4	;volatile
   518  0067  2869               	goto	u641
   519  0068  286A               	goto	u640
   520  0069                     u641:
   521  0069  286C               	goto	l90
   522  006A                     u640:
   523  006A                     l1134:
   524  006A  086A               	movf	_unidades,w
   525  006B  0099               	movwf	25	;volatile
   526  006C                     l90:
   527  006C  3082               	movlw	130
   528  006D  1283               	bcf	3,5	;RP0=0, select bank0
   529  006E  1303               	bcf	3,6	;RP1=0, select bank0
   530  006F  00E8               	movwf	??_main+1
   531  0070  30DD               	movlw	221
   532  0071  00E7               	movwf	??_main
   533  0072                     u717:
   534  0072  0BE7               	decfsz	??_main,f
   535  0073  2872               	goto	u717
   536  0074  0BE8               	decfsz	??_main+1,f
   537  0075  2872               	goto	u717
   538  0076                     l91:
   539  0076  1283               	bcf	3,5	;RP0=0, select bank0
   540  0077  1303               	bcf	3,6	;RP1=0, select bank0
   541  0078  1E8C               	btfss	12,5	;volatile
   542  0079  287B               	goto	u651
   543  007A  287C               	goto	u650
   544  007B                     u651:
   545  007B  2876               	goto	l91
   546  007C                     u650:
   547  007C                     l1136:
   548  007C  081A               	movf	26,w	;volatile
   549  007D  3ED0               	addlw	208
   550  007E  00E7               	movwf	??_main
   551  007F  0867               	movf	??_main,w
   552  0080  00DE               	movwf	_centenas1
   553  0081                     l1138:
   554  0081  128C               	bcf	12,5	;volatile
   555  0082                     l94:
   556  0082  1E8C               	btfss	12,5	;volatile
   557  0083  2885               	goto	u661
   558  0084  2886               	goto	u660
   559  0085                     u661:
   560  0085  2882               	goto	l94
   561  0086                     u660:
   562  0086                     l1140:
   563  0086  081A               	movf	26,w	;volatile
   564  0087  3ED0               	addlw	208
   565  0088  00E7               	movwf	??_main
   566  0089  0867               	movf	??_main,w
   567  008A  00DD               	movwf	_decenas1
   568  008B                     l1142:
   569  008B  128C               	bcf	12,5	;volatile
   570  008C                     l97:
   571  008C  1E8C               	btfss	12,5	;volatile
   572  008D  288F               	goto	u671
   573  008E  2890               	goto	u670
   574  008F                     u671:
   575  008F  288C               	goto	l97
   576  0090                     u670:
   577  0090                     l1144:
   578  0090  081A               	movf	26,w	;volatile
   579  0091  3ED0               	addlw	208
   580  0092  00E7               	movwf	??_main
   581  0093  0867               	movf	??_main,w
   582  0094  00DC               	movwf	_unidades1
   583  0095                     l1146:
   584  0095  128C               	bcf	12,5	;volatile
   585  0096                     l1148:
   586  0096  300A               	movlw	10
   587  0097  00E7               	movwf	??_main
   588  0098  0867               	movf	??_main,w
   589  0099  00F3               	movwf	___bmul@multiplicand
   590  009A  085D               	movf	_decenas1,w
   591  009B  120A  118A  21D9  120A  118A  	fcall	___bmul
   592  00A0  1283               	bcf	3,5	;RP0=0, select bank0
   593  00A1  1303               	bcf	3,6	;RP1=0, select bank0
   594  00A2  00E8               	movwf	??_main+1
   595  00A3  3064               	movlw	100
   596  00A4  00E9               	movwf	??_main+2
   597  00A5  0869               	movf	??_main+2,w
   598  00A6  00F3               	movwf	___bmul@multiplicand
   599  00A7  085E               	movf	_centenas1,w
   600  00A8  120A  118A  21D9  120A  118A  	fcall	___bmul
   601  00AD  1283               	bcf	3,5	;RP0=0, select bank0
   602  00AE  1303               	bcf	3,6	;RP1=0, select bank0
   603  00AF  0768               	addwf	??_main+1,w
   604  00B0  075C               	addwf	_unidades1,w
   605  00B1  0088               	movwf	8	;volatile
   606  00B2  2822               	goto	l85
   607  00B3  120A  118A  280C   	ljmp	start
   608  00B6                     __end_of_main:
   609                           
   610                           	psect	text1
   611  0186                     __ptext1:	
   612 ;; *************** function _setup *****************
   613 ;; Defined at:
   614 ;;		line 143 in file "lab5_D2.c"
   615 ;; Parameters:    Size  Location     Type
   616 ;;		None
   617 ;; Auto vars:     Size  Location     Type
   618 ;;		None
   619 ;; Return value:  Size  Location     Type
   620 ;;                  1    wreg      void 
   621 ;; Registers used:
   622 ;;		wreg, status,2
   623 ;; Tracked objects:
   624 ;;		On entry : 0/0
   625 ;;		On exit  : 0/0
   626 ;;		Unchanged: 0/0
   627 ;; Data sizes:     COMMON   BANK0   BANK1   BANK3   BANK2
   628 ;;      Params:         0       0       0       0       0
   629 ;;      Locals:         0       0       0       0       0
   630 ;;      Temps:          0       0       0       0       0
   631 ;;      Totals:         0       0       0       0       0
   632 ;;Total ram usage:        0 bytes
   633 ;; Hardware stack levels used:    1
   634 ;; Hardware stack levels required when called:    1
   635 ;; This function calls:
   636 ;;		Nothing
   637 ;; This function is called by:
   638 ;;		_main
   639 ;; This function uses a non-reentrant model
   640 ;;
   641                           
   642                           
   643                           ;psect for function _setup
   644  0186                     _setup:
   645  0186                     l934:	
   646                           ;incstack = 0
   647                           ; Regs used in _setup: [wreg+status,2]
   648                           
   649                           
   650                           ;lab5_D2.c: 145:     ANSEL = 0X00;
   651  0186  1683               	bsf	3,5	;RP0=1, select bank3
   652  0187  1703               	bsf	3,6	;RP1=1, select bank3
   653  0188  0188               	clrf	8	;volatile
   654                           
   655                           ;lab5_D2.c: 146:     ANSELH = 0X00;
   656  0189  0189               	clrf	9	;volatile
   657  018A                     l936:
   658                           
   659                           ;lab5_D2.c: 148:     TRISBbits.TRISB0 = 1;
   660  018A  1683               	bsf	3,5	;RP0=1, select bank1
   661  018B  1303               	bcf	3,6	;RP1=0, select bank1
   662  018C  1406               	bsf	6,0	;volatile
   663  018D                     l938:
   664                           
   665                           ;lab5_D2.c: 149:     TRISBbits.TRISB1 = 1;
   666  018D  1486               	bsf	6,1	;volatile
   667                           
   668                           ;lab5_D2.c: 150:     TRISD = 0x00;
   669  018E  0188               	clrf	8	;volatile
   670                           
   671                           ;lab5_D2.c: 152:     PORTA = 0X00;
   672  018F  1283               	bcf	3,5	;RP0=0, select bank0
   673  0190  1303               	bcf	3,6	;RP1=0, select bank0
   674  0191  0185               	clrf	5	;volatile
   675                           
   676                           ;lab5_D2.c: 153:     PORTD = 0X00;
   677  0192  0188               	clrf	8	;volatile
   678  0193                     l940:
   679                           
   680                           ;lab5_D2.c: 156:     OSCCONbits.IRCF2 = 1;
   681  0193  1683               	bsf	3,5	;RP0=1, select bank1
   682  0194  1303               	bcf	3,6	;RP1=0, select bank1
   683  0195  170F               	bsf	15,6	;volatile
   684  0196                     l942:
   685                           
   686                           ;lab5_D2.c: 157:     OSCCONbits.IRCF1 = 1;
   687  0196  168F               	bsf	15,5	;volatile
   688  0197                     l944:
   689                           
   690                           ;lab5_D2.c: 158:     OSCCONbits.IRCF0 = 1;
   691  0197  160F               	bsf	15,4	;volatile
   692  0198                     l946:
   693                           
   694                           ;lab5_D2.c: 159:     OSCCONbits.SCS = 1;
   695  0198  140F               	bsf	15,0	;volatile
   696  0199                     l948:
   697                           
   698                           ;lab5_D2.c: 162:     OPTION_REGbits.nRBPU = 0;
   699  0199  1381               	bcf	1,7	;volatile
   700  019A                     l950:
   701                           
   702                           ;lab5_D2.c: 163:     WPUB = 0b00000011;
   703  019A  3003               	movlw	3
   704  019B  0095               	movwf	21	;volatile
   705  019C                     l952:
   706                           
   707                           ;lab5_D2.c: 164:     IOCBbits.IOCB0 = 1;
   708  019C  1416               	bsf	22,0	;volatile
   709  019D                     l954:
   710                           
   711                           ;lab5_D2.c: 165:     IOCBbits.IOCB1 = 1;
   712  019D  1496               	bsf	22,1	;volatile
   713  019E                     l956:
   714                           
   715                           ;lab5_D2.c: 168:     TXSTAbits.BRGH = 1;
   716  019E  1518               	bsf	24,2	;volatile
   717  019F                     l958:
   718                           
   719                           ;lab5_D2.c: 169:     BAUDCTLbits.BRG16 = 1;
   720  019F  1683               	bsf	3,5	;RP0=1, select bank3
   721  01A0  1703               	bsf	3,6	;RP1=1, select bank3
   722  01A1  1587               	bsf	7,3	;volatile
   723  01A2                     l960:
   724                           
   725                           ;lab5_D2.c: 171:     TXSTAbits.SYNC = 0;
   726  01A2  1683               	bsf	3,5	;RP0=1, select bank1
   727  01A3  1303               	bcf	3,6	;RP1=0, select bank1
   728  01A4  1218               	bcf	24,4	;volatile
   729  01A5                     l962:
   730                           
   731                           ;lab5_D2.c: 172:     RCSTAbits.SPEN = 1;
   732  01A5  1283               	bcf	3,5	;RP0=0, select bank0
   733  01A6  1303               	bcf	3,6	;RP1=0, select bank0
   734  01A7  1798               	bsf	24,7	;volatile
   735  01A8                     l964:
   736                           
   737                           ;lab5_D2.c: 173:     RCSTAbits.CREN = 1;
   738  01A8  1618               	bsf	24,4	;volatile
   739  01A9                     l966:
   740                           
   741                           ;lab5_D2.c: 175:     TXSTAbits.TXEN = 1;
   742  01A9  1683               	bsf	3,5	;RP0=1, select bank1
   743  01AA  1303               	bcf	3,6	;RP1=0, select bank1
   744  01AB  1698               	bsf	24,5	;volatile
   745  01AC                     l968:
   746                           
   747                           ;lab5_D2.c: 177:     RCSTAbits.RX9 = 0;
   748  01AC  1283               	bcf	3,5	;RP0=0, select bank0
   749  01AD  1303               	bcf	3,6	;RP1=0, select bank0
   750  01AE  1318               	bcf	24,6	;volatile
   751  01AF                     l970:
   752                           
   753                           ;lab5_D2.c: 179:     SPBRG = 207;
   754  01AF  30CF               	movlw	207
   755  01B0  1683               	bsf	3,5	;RP0=1, select bank1
   756  01B1  1303               	bcf	3,6	;RP1=0, select bank1
   757  01B2  0099               	movwf	25	;volatile
   758                           
   759                           ;lab5_D2.c: 180:     SPBRGH = 0;
   760  01B3  019A               	clrf	26	;volatile
   761  01B4                     l972:
   762                           
   763                           ;lab5_D2.c: 183:     INTCONbits.GIE = 1;
   764  01B4  178B               	bsf	11,7	;volatile
   765  01B5                     l974:
   766                           
   767                           ;lab5_D2.c: 184:     INTCONbits.PEIE = 1;
   768  01B5  170B               	bsf	11,6	;volatile
   769  01B6                     l976:
   770                           
   771                           ;lab5_D2.c: 185:     INTCONbits.RBIF = 1;
   772  01B6  140B               	bsf	11,0	;volatile
   773  01B7                     l978:
   774                           
   775                           ;lab5_D2.c: 186:     INTCONbits.RBIE = 1;
   776  01B7  158B               	bsf	11,3	;volatile
   777  01B8                     l105:
   778  01B8  0008               	return
   779  01B9                     __end_of_setup:
   780                           
   781                           	psect	text2
   782  011F                     __ptext2:	
   783 ;; *************** function _division *****************
   784 ;; Defined at:
   785 ;;		line 196 in file "lab5_D2.c"
   786 ;; Parameters:    Size  Location     Type
   787 ;;  variable        1    wreg     unsigned char 
   788 ;; Auto vars:     Size  Location     Type
   789 ;;  variable        1    8[COMMON] unsigned char 
   790 ;;  val             1    9[COMMON] unsigned char 
   791 ;; Return value:  Size  Location     Type
   792 ;;                  1    wreg      void 
   793 ;; Registers used:
   794 ;;		wreg, status,2, status,0, pclath, cstack
   795 ;; Tracked objects:
   796 ;;		On entry : 0/0
   797 ;;		On exit  : 0/0
   798 ;;		Unchanged: 0/0
   799 ;; Data sizes:     COMMON   BANK0   BANK1   BANK3   BANK2
   800 ;;      Params:         0       0       0       0       0
   801 ;;      Locals:         2       0       0       0       0
   802 ;;      Temps:          0       3       0       0       0
   803 ;;      Totals:         2       3       0       0       0
   804 ;;Total ram usage:        5 bytes
   805 ;; Hardware stack levels used:    1
   806 ;; Hardware stack levels required when called:    2
   807 ;; This function calls:
   808 ;;		___awdiv
   809 ;;		___bmul
   810 ;; This function is called by:
   811 ;;		_main
   812 ;; This function uses a non-reentrant model
   813 ;;
   814                           
   815                           
   816                           ;psect for function _division
   817  011F                     _division:
   818                           
   819                           ;incstack = 0
   820                           ; Regs used in _division: [wreg+status,2+status,0+pclath+cstack]
   821                           ;division@variable stored from wreg
   822  011F  00F8               	movwf	division@variable
   823  0120                     l1100:
   824                           
   825                           ;lab5_D2.c: 197:     uint8_t val;;lab5_D2.c: 198:     val = (variable);
   826  0120  0878               	movf	division@variable,w
   827  0121  1283               	bcf	3,5	;RP0=0, select bank0
   828  0122  1303               	bcf	3,6	;RP1=0, select bank0
   829  0123  00E4               	movwf	??_division
   830  0124  0864               	movf	??_division,w
   831  0125  00F9               	movwf	division@val
   832  0126                     l1102:
   833                           
   834                           ;lab5_D2.c: 199:     centenas = (val/100);
   835  0126  3064               	movlw	100
   836  0127  00F3               	movwf	___awdiv@divisor
   837  0128  3000               	movlw	0
   838  0129  00F4               	movwf	___awdiv@divisor+1
   839  012A  0879               	movf	division@val,w
   840  012B  00E4               	movwf	??_division
   841  012C  01E5               	clrf	??_division+1
   842  012D  0864               	movf	??_division,w
   843  012E  00F5               	movwf	___awdiv@dividend
   844  012F  0865               	movf	??_division+1,w
   845  0130  00F6               	movwf	___awdiv@dividend+1
   846  0131  120A  118A  20B6  120A  118A  	fcall	___awdiv
   847  0136  0873               	movf	?___awdiv,w
   848  0137  1283               	bcf	3,5	;RP0=0, select bank0
   849  0138  1303               	bcf	3,6	;RP1=0, select bank0
   850  0139  00E6               	movwf	??_division+2
   851  013A  0866               	movf	??_division+2,w
   852  013B  00EC               	movwf	_centenas
   853  013C                     l1104:
   854                           
   855                           ;lab5_D2.c: 200:     val = (val - (centenas*100));
   856  013C  309C               	movlw	156
   857  013D  00E4               	movwf	??_division
   858  013E  0864               	movf	??_division,w
   859  013F  00F3               	movwf	___bmul@multiplicand
   860  0140  086C               	movf	_centenas,w
   861  0141  120A  118A  21D9  120A  118A  	fcall	___bmul
   862  0146  0779               	addwf	division@val,w
   863  0147  1283               	bcf	3,5	;RP0=0, select bank0
   864  0148  1303               	bcf	3,6	;RP1=0, select bank0
   865  0149  00E5               	movwf	??_division+1
   866  014A  0865               	movf	??_division+1,w
   867  014B  00F9               	movwf	division@val
   868  014C                     l1106:
   869                           
   870                           ;lab5_D2.c: 201:     decenas = (val/10);
   871  014C  300A               	movlw	10
   872  014D  00F3               	movwf	___awdiv@divisor
   873  014E  3000               	movlw	0
   874  014F  00F4               	movwf	___awdiv@divisor+1
   875  0150  0879               	movf	division@val,w
   876  0151  00E4               	movwf	??_division
   877  0152  01E5               	clrf	??_division+1
   878  0153  0864               	movf	??_division,w
   879  0154  00F5               	movwf	___awdiv@dividend
   880  0155  0865               	movf	??_division+1,w
   881  0156  00F6               	movwf	___awdiv@dividend+1
   882  0157  120A  118A  20B6  120A  118A  	fcall	___awdiv
   883  015C  0873               	movf	?___awdiv,w
   884  015D  1283               	bcf	3,5	;RP0=0, select bank0
   885  015E  1303               	bcf	3,6	;RP1=0, select bank0
   886  015F  00E6               	movwf	??_division+2
   887  0160  0866               	movf	??_division+2,w
   888  0161  00EB               	movwf	_decenas
   889  0162                     l1108:
   890                           
   891                           ;lab5_D2.c: 202:     val = (val - (decenas*10));
   892  0162  30F6               	movlw	246
   893  0163  00E4               	movwf	??_division
   894  0164  0864               	movf	??_division,w
   895  0165  00F3               	movwf	___bmul@multiplicand
   896  0166  086B               	movf	_decenas,w
   897  0167  120A  118A  21D9  120A  118A  	fcall	___bmul
   898  016C  0779               	addwf	division@val,w
   899  016D  1283               	bcf	3,5	;RP0=0, select bank0
   900  016E  1303               	bcf	3,6	;RP1=0, select bank0
   901  016F  00E5               	movwf	??_division+1
   902  0170  0865               	movf	??_division+1,w
   903  0171  00F9               	movwf	division@val
   904                           
   905                           ;lab5_D2.c: 203:     unidades = (val);
   906  0172  0879               	movf	division@val,w
   907  0173  00E4               	movwf	??_division
   908  0174  0864               	movf	??_division,w
   909  0175  00EA               	movwf	_unidades
   910  0176                     l1110:
   911                           
   912                           ;lab5_D2.c: 205:     centenas = centenas + 48;
   913  0176  086C               	movf	_centenas,w
   914  0177  3E30               	addlw	48
   915  0178  00E4               	movwf	??_division
   916  0179  0864               	movf	??_division,w
   917  017A  00EC               	movwf	_centenas
   918  017B                     l1112:
   919                           
   920                           ;lab5_D2.c: 206:     decenas = decenas + 48;
   921  017B  086B               	movf	_decenas,w
   922  017C  3E30               	addlw	48
   923  017D  00E4               	movwf	??_division
   924  017E  0864               	movf	??_division,w
   925  017F  00EB               	movwf	_decenas
   926  0180                     l1114:
   927                           
   928                           ;lab5_D2.c: 207:     unidades = unidades + 48;
   929  0180  086A               	movf	_unidades,w
   930  0181  3E30               	addlw	48
   931  0182  00E4               	movwf	??_division
   932  0183  0864               	movf	??_division,w
   933  0184  00EA               	movwf	_unidades
   934  0185                     l114:
   935  0185  0008               	return
   936  0186                     __end_of_division:
   937                           
   938                           	psect	text3
   939  01D9                     __ptext3:	
   940 ;; *************** function ___bmul *****************
   941 ;; Defined at:
   942 ;;		line 4 in file "C:\Program Files\Microchip\xc8\v2.31\pic\sources\c90\common\Umul8.c"
   943 ;; Parameters:    Size  Location     Type
   944 ;;  multiplier      1    wreg     unsigned char 
   945 ;;  multiplicand    1    3[COMMON] unsigned char 
   946 ;; Auto vars:     Size  Location     Type
   947 ;;  multiplier      1    6[COMMON] unsigned char 
   948 ;;  product         1    5[COMMON] unsigned char 
   949 ;; Return value:  Size  Location     Type
   950 ;;                  1    wreg      unsigned char 
   951 ;; Registers used:
   952 ;;		wreg, status,2, status,0
   953 ;; Tracked objects:
   954 ;;		On entry : 0/0
   955 ;;		On exit  : 0/0
   956 ;;		Unchanged: 0/0
   957 ;; Data sizes:     COMMON   BANK0   BANK1   BANK3   BANK2
   958 ;;      Params:         1       0       0       0       0
   959 ;;      Locals:         2       0       0       0       0
   960 ;;      Temps:          1       0       0       0       0
   961 ;;      Totals:         4       0       0       0       0
   962 ;;Total ram usage:        4 bytes
   963 ;; Hardware stack levels used:    1
   964 ;; Hardware stack levels required when called:    1
   965 ;; This function calls:
   966 ;;		Nothing
   967 ;; This function is called by:
   968 ;;		_main
   969 ;;		_division
   970 ;; This function uses a non-reentrant model
   971 ;;
   972                           
   973                           
   974                           ;psect for function ___bmul
   975  01D9                     ___bmul:
   976                           
   977                           ;incstack = 0
   978                           ; Regs used in ___bmul: [wreg+status,2+status,0]
   979                           ;___bmul@multiplier stored from wreg
   980  01D9  00F6               	movwf	___bmul@multiplier
   981  01DA                     l1042:
   982  01DA  01F5               	clrf	___bmul@product
   983  01DB                     l1044:
   984  01DB  1C76               	btfss	___bmul@multiplier,0
   985  01DC  29DE               	goto	u481
   986  01DD  29DF               	goto	u480
   987  01DE                     u481:
   988  01DE  29E3               	goto	l1048
   989  01DF                     u480:
   990  01DF                     l1046:
   991  01DF  0873               	movf	___bmul@multiplicand,w
   992  01E0  00F4               	movwf	??___bmul
   993  01E1  0874               	movf	??___bmul,w
   994  01E2  07F5               	addwf	___bmul@product,f
   995  01E3                     l1048:
   996  01E3  1003               	clrc
   997  01E4  0DF3               	rlf	___bmul@multiplicand,f
   998  01E5                     l1050:
   999  01E5  1003               	clrc
  1000  01E6  0CF6               	rrf	___bmul@multiplier,f
  1001  01E7  0876               	movf	___bmul@multiplier,w
  1002  01E8  1D03               	btfss	3,2
  1003  01E9  29EB               	goto	u491
  1004  01EA  29EC               	goto	u490
  1005  01EB                     u491:
  1006  01EB  29DB               	goto	l1044
  1007  01EC                     u490:
  1008  01EC                     l1052:
  1009  01EC  0875               	movf	___bmul@product,w
  1010  01ED                     l226:
  1011  01ED  0008               	return
  1012  01EE                     __end_of___bmul:
  1013                           
  1014                           	psect	text4
  1015  00B6                     __ptext4:	
  1016 ;; *************** function ___awdiv *****************
  1017 ;; Defined at:
  1018 ;;		line 5 in file "C:\Program Files\Microchip\xc8\v2.31\pic\sources\c90\common\awdiv.c"
  1019 ;; Parameters:    Size  Location     Type
  1020 ;;  divisor         2    3[COMMON] int 
  1021 ;;  dividend        2    5[COMMON] int 
  1022 ;; Auto vars:     Size  Location     Type
  1023 ;;  quotient        2    2[BANK0 ] int 
  1024 ;;  sign            1    1[BANK0 ] unsigned char 
  1025 ;;  counter         1    0[BANK0 ] unsigned char 
  1026 ;; Return value:  Size  Location     Type
  1027 ;;                  2    3[COMMON] int 
  1028 ;; Registers used:
  1029 ;;		wreg, status,2, status,0
  1030 ;; Tracked objects:
  1031 ;;		On entry : 0/0
  1032 ;;		On exit  : 0/0
  1033 ;;		Unchanged: 0/0
  1034 ;; Data sizes:     COMMON   BANK0   BANK1   BANK3   BANK2
  1035 ;;      Params:         4       0       0       0       0
  1036 ;;      Locals:         0       4       0       0       0
  1037 ;;      Temps:          1       0       0       0       0
  1038 ;;      Totals:         5       4       0       0       0
  1039 ;;Total ram usage:        9 bytes
  1040 ;; Hardware stack levels used:    1
  1041 ;; Hardware stack levels required when called:    1
  1042 ;; This function calls:
  1043 ;;		Nothing
  1044 ;; This function is called by:
  1045 ;;		_division
  1046 ;; This function uses a non-reentrant model
  1047 ;;
  1048                           
  1049                           
  1050                           ;psect for function ___awdiv
  1051  00B6                     ___awdiv:
  1052  00B6                     l1056:	
  1053                           ;incstack = 0
  1054                           ; Regs used in ___awdiv: [wreg+status,2+status,0]
  1055                           
  1056  00B6  1283               	bcf	3,5	;RP0=0, select bank0
  1057  00B7  1303               	bcf	3,6	;RP1=0, select bank0
  1058  00B8  01E1               	clrf	___awdiv@sign
  1059  00B9                     l1058:
  1060  00B9  1FF4               	btfss	___awdiv@divisor+1,7
  1061  00BA  28BC               	goto	u501
  1062  00BB  28BD               	goto	u500
  1063  00BC                     u501:
  1064  00BC  28C4               	goto	l1064
  1065  00BD                     u500:
  1066  00BD                     l1060:
  1067  00BD  09F3               	comf	___awdiv@divisor,f
  1068  00BE  09F4               	comf	___awdiv@divisor+1,f
  1069  00BF  0AF3               	incf	___awdiv@divisor,f
  1070  00C0  1903               	skipnz
  1071  00C1  0AF4               	incf	___awdiv@divisor+1,f
  1072  00C2                     l1062:
  1073  00C2  01E1               	clrf	___awdiv@sign
  1074  00C3  0AE1               	incf	___awdiv@sign,f
  1075  00C4                     l1064:
  1076  00C4  1FF6               	btfss	___awdiv@dividend+1,7
  1077  00C5  28C7               	goto	u511
  1078  00C6  28C8               	goto	u510
  1079  00C7                     u511:
  1080  00C7  28D1               	goto	l1070
  1081  00C8                     u510:
  1082  00C8                     l1066:
  1083  00C8  09F5               	comf	___awdiv@dividend,f
  1084  00C9  09F6               	comf	___awdiv@dividend+1,f
  1085  00CA  0AF5               	incf	___awdiv@dividend,f
  1086  00CB  1903               	skipnz
  1087  00CC  0AF6               	incf	___awdiv@dividend+1,f
  1088  00CD                     l1068:
  1089  00CD  3001               	movlw	1
  1090  00CE  00F7               	movwf	??___awdiv
  1091  00CF  0877               	movf	??___awdiv,w
  1092  00D0  06E1               	xorwf	___awdiv@sign,f
  1093  00D1                     l1070:
  1094  00D1  01E2               	clrf	___awdiv@quotient
  1095  00D2  01E3               	clrf	___awdiv@quotient+1
  1096  00D3                     l1072:
  1097  00D3  0873               	movf	___awdiv@divisor,w
  1098  00D4  0474               	iorwf	___awdiv@divisor+1,w
  1099  00D5  1903               	btfsc	3,2
  1100  00D6  28D8               	goto	u521
  1101  00D7  28D9               	goto	u520
  1102  00D8                     u521:
  1103  00D8  2910               	goto	l1092
  1104  00D9                     u520:
  1105  00D9                     l1074:
  1106  00D9  01E0               	clrf	___awdiv@counter
  1107  00DA  0AE0               	incf	___awdiv@counter,f
  1108  00DB  28E7               	goto	l1080
  1109  00DC                     l1076:
  1110  00DC  3001               	movlw	1
  1111  00DD                     u535:
  1112  00DD  1003               	clrc
  1113  00DE  0DF3               	rlf	___awdiv@divisor,f
  1114  00DF  0DF4               	rlf	___awdiv@divisor+1,f
  1115  00E0  3EFF               	addlw	-1
  1116  00E1  1D03               	skipz
  1117  00E2  28DD               	goto	u535
  1118  00E3                     l1078:
  1119  00E3  3001               	movlw	1
  1120  00E4  00F7               	movwf	??___awdiv
  1121  00E5  0877               	movf	??___awdiv,w
  1122  00E6  07E0               	addwf	___awdiv@counter,f
  1123  00E7                     l1080:
  1124  00E7  1FF4               	btfss	___awdiv@divisor+1,7
  1125  00E8  28EA               	goto	u541
  1126  00E9  28EB               	goto	u540
  1127  00EA                     u541:
  1128  00EA  28DC               	goto	l1076
  1129  00EB                     u540:
  1130  00EB                     l1082:
  1131  00EB  3001               	movlw	1
  1132  00EC                     u555:
  1133  00EC  1003               	clrc
  1134  00ED  0DE2               	rlf	___awdiv@quotient,f
  1135  00EE  0DE3               	rlf	___awdiv@quotient+1,f
  1136  00EF  3EFF               	addlw	-1
  1137  00F0  1D03               	skipz
  1138  00F1  28EC               	goto	u555
  1139  00F2  0874               	movf	___awdiv@divisor+1,w
  1140  00F3  0276               	subwf	___awdiv@dividend+1,w
  1141  00F4  1D03               	skipz
  1142  00F5  28F8               	goto	u565
  1143  00F6  0873               	movf	___awdiv@divisor,w
  1144  00F7  0275               	subwf	___awdiv@dividend,w
  1145  00F8                     u565:
  1146  00F8  1C03               	skipc
  1147  00F9  28FB               	goto	u561
  1148  00FA  28FC               	goto	u560
  1149  00FB                     u561:
  1150  00FB  2903               	goto	l1088
  1151  00FC                     u560:
  1152  00FC                     l1084:
  1153  00FC  0873               	movf	___awdiv@divisor,w
  1154  00FD  02F5               	subwf	___awdiv@dividend,f
  1155  00FE  0874               	movf	___awdiv@divisor+1,w
  1156  00FF  1C03               	skipc
  1157  0100  03F6               	decf	___awdiv@dividend+1,f
  1158  0101  02F6               	subwf	___awdiv@dividend+1,f
  1159  0102                     l1086:
  1160  0102  1462               	bsf	___awdiv@quotient,0
  1161  0103                     l1088:
  1162  0103  3001               	movlw	1
  1163  0104                     u575:
  1164  0104  1003               	clrc
  1165  0105  0CF4               	rrf	___awdiv@divisor+1,f
  1166  0106  0CF3               	rrf	___awdiv@divisor,f
  1167  0107  3EFF               	addlw	-1
  1168  0108  1D03               	skipz
  1169  0109  2904               	goto	u575
  1170  010A                     l1090:
  1171  010A  3001               	movlw	1
  1172  010B  02E0               	subwf	___awdiv@counter,f
  1173  010C  1D03               	btfss	3,2
  1174  010D  290F               	goto	u581
  1175  010E  2910               	goto	u580
  1176  010F                     u581:
  1177  010F  28EB               	goto	l1082
  1178  0110                     u580:
  1179  0110                     l1092:
  1180  0110  0861               	movf	___awdiv@sign,w
  1181  0111  1903               	btfsc	3,2
  1182  0112  2914               	goto	u591
  1183  0113  2915               	goto	u590
  1184  0114                     u591:
  1185  0114  291A               	goto	l1096
  1186  0115                     u590:
  1187  0115                     l1094:
  1188  0115  09E2               	comf	___awdiv@quotient,f
  1189  0116  09E3               	comf	___awdiv@quotient+1,f
  1190  0117  0AE2               	incf	___awdiv@quotient,f
  1191  0118  1903               	skipnz
  1192  0119  0AE3               	incf	___awdiv@quotient+1,f
  1193  011A                     l1096:
  1194  011A  0863               	movf	___awdiv@quotient+1,w
  1195  011B  00F4               	movwf	?___awdiv+1
  1196  011C  0862               	movf	___awdiv@quotient,w
  1197  011D  00F3               	movwf	?___awdiv
  1198  011E                     l353:
  1199  011E  0008               	return
  1200  011F                     __end_of___awdiv:
  1201                           
  1202                           	psect	text5
  1203  01B9                     __ptext5:	
  1204 ;; *************** function _isr *****************
  1205 ;; Defined at:
  1206 ;;		line 70 in file "lab5_D2.c"
  1207 ;; Parameters:    Size  Location     Type
  1208 ;;		None
  1209 ;; Auto vars:     Size  Location     Type
  1210 ;;		None
  1211 ;; Return value:  Size  Location     Type
  1212 ;;                  1    wreg      void 
  1213 ;; Registers used:
  1214 ;;		wreg, status,2, status,0
  1215 ;; Tracked objects:
  1216 ;;		On entry : 0/0
  1217 ;;		On exit  : 0/0
  1218 ;;		Unchanged: 0/0
  1219 ;; Data sizes:     COMMON   BANK0   BANK1   BANK3   BANK2
  1220 ;;      Params:         0       0       0       0       0
  1221 ;;      Locals:         0       0       0       0       0
  1222 ;;      Temps:          3       0       0       0       0
  1223 ;;      Totals:         3       0       0       0       0
  1224 ;;Total ram usage:        3 bytes
  1225 ;; Hardware stack levels used:    1
  1226 ;; This function calls:
  1227 ;;		Nothing
  1228 ;; This function is called by:
  1229 ;;		Interrupt level 1
  1230 ;; This function uses a non-reentrant model
  1231 ;;
  1232                           
  1233                           
  1234                           ;psect for function _isr
  1235  01B9                     _isr:
  1236  01B9                     i1l996:
  1237                           
  1238                           ;lab5_D2.c: 71: 
  1239  01B9  1C0B               	btfss	11,0	;volatile
  1240  01BA  29BC               	goto	u37_21
  1241  01BB  29BD               	goto	u37_20
  1242  01BC                     u37_21:
  1243  01BC  29D2               	goto	i1l80
  1244  01BD                     u37_20:
  1245  01BD                     i1l998:
  1246                           
  1247                           ;lab5_D2.c: 72: ;lab5_D2.c: 73: 
  1248  01BD  1283               	bcf	3,5	;RP0=0, select bank0
  1249  01BE  1303               	bcf	3,6	;RP1=0, select bank0
  1250  01BF  1806               	btfsc	6,0	;volatile
  1251  01C0  29C2               	goto	u38_21
  1252  01C1  29C3               	goto	u38_20
  1253  01C2                     u38_21:
  1254  01C2  29C8               	goto	i1l1002
  1255  01C3                     u38_20:
  1256  01C3                     i1l1000:
  1257                           
  1258                           ;lab5_D2.c: 74:     while (RCIF == 0);;lab5_D2.c: 75:     centenas1 = RCREG - 48;
  1259  01C3  085F               	movf	_CONT,w
  1260  01C4  3E01               	addlw	1
  1261  01C5  00F0               	movwf	??_isr
  1262  01C6  0870               	movf	??_isr,w
  1263  01C7  00DF               	movwf	_CONT
  1264  01C8                     i1l1002:
  1265                           
  1266                           ;lab5_D2.c: 77:     while (RCIF == 0);
  1267  01C8  1886               	btfsc	6,1	;volatile
  1268  01C9  29CB               	goto	u39_21
  1269  01CA  29CC               	goto	u39_20
  1270  01CB                     u39_21:
  1271  01CB  29D1               	goto	i1l1006
  1272  01CC                     u39_20:
  1273  01CC                     i1l1004:
  1274                           
  1275                           ;lab5_D2.c: 78:     decenas1 = RCREG - 48;;lab5_D2.c: 79:     RCIF = 0;
  1276  01CC  085F               	movf	_CONT,w
  1277  01CD  3EFF               	addlw	255
  1278  01CE  00F0               	movwf	??_isr
  1279  01CF  0870               	movf	??_isr,w
  1280  01D0  00DF               	movwf	_CONT
  1281  01D1                     i1l1006:
  1282                           
  1283                           ;lab5_D2.c: 81:     unidades1 = RCREG - 48;
  1284  01D1  100B               	bcf	11,0	;volatile
  1285  01D2                     i1l80:
  1286  01D2  0872               	movf	??_isr+2,w
  1287  01D3  008A               	movwf	10
  1288  01D4  0E71               	swapf	??_isr+1,w
  1289  01D5  0083               	movwf	3
  1290  01D6  0EFE               	swapf	btemp,f
  1291  01D7  0E7E               	swapf	btemp,w
  1292  01D8  0009               	retfie
  1293  01D9                     __end_of_isr:
  1294  007E                     btemp	set	126	;btemp
  1295  007E                     wtemp0	set	126
  1296                           
  1297                           	psect	intentry
  1298  0004                     __pintentry:	
  1299                           ;incstack = 0
  1300                           ; Regs used in _isr: [wreg+status,2+status,0]
  1301                           
  1302  0004                     interrupt_function:
  1303  007E                     saved_w	set	btemp
  1304  0004  00FE               	movwf	btemp
  1305  0005  0E03               	swapf	3,w
  1306  0006  00F1               	movwf	??_isr+1
  1307  0007  080A               	movf	10,w
  1308  0008  00F2               	movwf	??_isr+2
  1309  0009  120A  118A  29B9   	ljmp	_isr
  1310                           
  1311                           	psect	config
  1312                           
  1313                           ;Config register CONFIG1 @ 0x2007
  1314                           ;	Oscillator Selection bits
  1315                           ;	FOSC = INTRC_NOCLKOUT, INTOSCIO oscillator: I/O function on RA6/OSC2/CLKOUT pin, I/O f
      +                          unction on RA7/OSC1/CLKIN
  1316                           ;	Watchdog Timer Enable bit
  1317                           ;	WDTE = OFF, WDT disabled and can be enabled by SWDTEN bit of the WDTCON register
  1318                           ;	Power-up Timer Enable bit
  1319                           ;	PWRTE = OFF, PWRT disabled
  1320                           ;	RE3/MCLR pin function select bit
  1321                           ;	MCLRE = OFF, RE3/MCLR pin function is digital input, MCLR internally tied to VDD
  1322                           ;	Code Protection bit
  1323                           ;	CP = OFF, Program memory code protection is disabled
  1324                           ;	Data Code Protection bit
  1325                           ;	CPD = OFF, Data memory code protection is disabled
  1326                           ;	Brown Out Reset Selection bits
  1327                           ;	BOREN = OFF, BOR disabled
  1328                           ;	Internal External Switchover bit
  1329                           ;	IESO = OFF, Internal/External Switchover mode is disabled
  1330                           ;	Fail-Safe Clock Monitor Enabled bit
  1331                           ;	FCMEN = OFF, Fail-Safe Clock Monitor is disabled
  1332                           ;	Low Voltage Programming Enable bit
  1333                           ;	LVP = OFF, RB3 pin has digital I/O, HV on MCLR must be used for programming
  1334                           ;	In-Circuit Debugger Mode bit
  1335                           ;	DEBUG = 0x1, unprogrammed default
  1336  2007                     	org	8199
  1337  2007  20D4               	dw	8404
  1338                           
  1339                           ;Config register CONFIG2 @ 0x2008
  1340                           ;	Brown-out Reset Selection bit
  1341                           ;	BOR4V = BOR40V, Brown-out Reset set to 4.0V
  1342                           ;	Flash Program Memory Self Write Enable bits
  1343                           ;	WRT = OFF, Write protection off
  1344  2008                     	org	8200
  1345  2008  3FFF               	dw	16383

Data Sizes:
    Strings     0
    Constant    0
    Data        0
    BSS         65
    Persistent  3
    Stack       0

Auto Spaces:
    Space          Size  Autos    Used
    COMMON           14     10      11
    BANK0            80     10      77
    BANK1            80      0       0
    BANK3            96      0       0
    BANK2            96      0       0

Pointer List with Targets:

    None.

Critical Paths under _main in COMMON

    _main->_division
    _division->___awdiv

Critical Paths under _isr in COMMON

    None.

Critical Paths under _main in BANK0

    _main->_division
    _division->___awdiv

Critical Paths under _isr in BANK0

    None.

Critical Paths under _main in BANK1

    None.

Critical Paths under _isr in BANK1

    None.

Critical Paths under _main in BANK3

    None.

Critical Paths under _isr in BANK3

    None.

Critical Paths under _main in BANK2

    None.

Critical Paths under _isr in BANK2

    None.

Call Graph Tables:

 ---------------------------------------------------------------------------------
 (Depth) Function   	        Calls       Base Space   Used Autos Params    Refs
 ---------------------------------------------------------------------------------
 (0) _main                                                 3     3      0    1992
                                              7 BANK0      3     3      0
                             ___bmul
                           _division
                              _setup
 ---------------------------------------------------------------------------------
 (1) _setup                                                0     0      0       0
 ---------------------------------------------------------------------------------
 (1) _division                                             5     5      0    1496
                                              8 COMMON     2     2      0
                                              4 BANK0      3     3      0
                            ___awdiv
                             ___bmul
 ---------------------------------------------------------------------------------
 (2) ___bmul                                               4     3      1     496
                                              3 COMMON     4     3      1
 ---------------------------------------------------------------------------------
 (2) ___awdiv                                              9     5      4     805
                                              3 COMMON     5     1      4
                                              0 BANK0      4     4      0
 ---------------------------------------------------------------------------------
 Estimated maximum stack depth 2
 ---------------------------------------------------------------------------------
 (Depth) Function   	        Calls       Base Space   Used Autos Params    Refs
 ---------------------------------------------------------------------------------
 (3) _isr                                                  3     3      0       0
                                              0 COMMON     3     3      0
 ---------------------------------------------------------------------------------
 Estimated maximum stack depth 3
 ---------------------------------------------------------------------------------

 Call Graph Graphs:

 _main (ROOT)
   ___bmul
   _division
     ___awdiv
     ___bmul
   _setup

 _isr (ROOT)

 Address spaces:
Name               Size   Autos  Total    Cost      Usage
BITCOMMON            E      0       0       0        0.0%
EEDATA             100      0       0       0        0.0%
NULL                 0      0       0       0        0.0%
CODE                 0      0       0       0        0.0%
COMMON               E      A       B       1       78.6%
BITSFR0              0      0       0       1        0.0%
SFR0                 0      0       0       1        0.0%
BITSFR1              0      0       0       2        0.0%
SFR1                 0      0       0       2        0.0%
STACK                0      0       0       2        0.0%
ABS                  0      0      58       3        0.0%
BITBANK0            50      0       0       4        0.0%
BITSFR3              0      0       0       4        0.0%
SFR3                 0      0       0       4        0.0%
BANK0               50      A      4D       5       96.2%
BITSFR2              0      0       0       5        0.0%
SFR2                 0      0       0       5        0.0%
BITBANK1            50      0       0       6        0.0%
BANK1               50      0       0       7        0.0%
BITBANK3            60      0       0       8        0.0%
BANK3               60      0       0       9        0.0%
BITBANK2            60      0       0      10        0.0%
BANK2               60      0       0      11        0.0%
DATA                 0      0      58      12        0.0%


Microchip Technology PIC Macro Assembler V2.31 build 20201012212115 
Symbol Table                                                                                   Wed Aug 18 23:24:17 2021

         ___bmul@product 0075                       l90 006C                       l91 0076  
                     l85 0022                       l94 0082                       l88 0048  
                     l97 008C                       l89 005A             ___awdiv@sign 0061  
                     _v1 0048                       _v2 0034                       _v3 0020  
                     fsr 0004                      l105 01B8                      l114 0185  
                    l226 01ED                      l353 011E                      l940 0193  
                    l950 019A                      l942 0196                      l934 0186  
                    l960 01A2                      l952 019C                      l944 0197  
                    l936 018A                      l970 01AF                      l962 01A5  
                    l954 019D                      l946 0198                      l938 018D  
                    l972 01B4                      l964 01A8                      l956 019E  
                    l948 0199                      l974 01B5                      l966 01A9  
                    l958 019F                      l976 01B6                      l968 01AC  
                    l978 01B7                      u500 00BD                      u501 00BC  
                    u510 00C8                      u511 00C7                      u520 00D9  
                    u600 0032                      u521 00D8                      u601 0031  
                    u610 0036                      u611 0035                      u540 00EB  
                    u620 0046                      u541 00EA                      u621 0045  
                    u630 0058                      u535 00DD                      u631 0057  
                    u560 00FC                      u480 01DF                      u640 006A  
                    u561 00FB                      u481 01DE                      u641 0069  
                    u490 01EC                      u650 007C                      u555 00EC  
                    u491 01EB                      u651 007B                      u707 0060  
                    u580 0110                      u660 0086                      u581 010F  
                    u565 00F8                      u661 0085                      u717 0072  
                    u590 0115                      u670 0090                      u591 0114  
                    u575 0104                      u671 008F                      u687 003C  
                    u697 004E                      _isr 01B9                      indf 0000  
                   l1100 0120                     l1110 0176                     l1102 0126  
                   l1112 017B                     l1104 013C                     l1120 0032  
                   l1050 01E5                     l1042 01DA                     l1114 0180  
                   l1106 014C                     l1130 0058                     l1122 0036  
                   l1060 00BD                     l1052 01EC                     l1044 01DB  
                   l1108 0162                     l1140 0086                     l1132 0064  
                   l1124 0040                     l1116 001D                     l1070 00D1  
                   l1062 00C2                     l1046 01DF                     l1142 008B  
                   l1134 006A                     l1126 0046                     l1118 002A  
                   l1080 00E7                     l1072 00D3                     l1064 00C4  
                   l1056 00B6                     l1048 01E3                     l1144 0090  
                   l1136 007C                     l1128 0052                     l1090 010A  
                   l1082 00EB                     l1074 00D9                     l1066 00C8  
                   l1058 00B9                     l1146 0095                     l1138 0081  
                   l1084 00FC                     l1076 00DC                     l1092 0110  
                   l1068 00CD                     l1148 0096                     l1094 0115  
                   l1086 0102                     l1078 00E3                     l1096 011A  
                   l1088 0103                     ?_isr 0070                     _CONT 005F  
                   _RBIF 0058                     _RCIF 0065                     i1l80 01D2  
                   _TXIF 0064                     _WPUB 0095                     _main 001D  
                   btemp 007E                     start 000C        ___bmul@multiplier 0076  
            division@val 0079                    ??_isr 0070                    ?_main 0070  
        __end_of___awdiv 011F                    _ANSEL 0188          ___awdiv@divisor 0073  
                  i1l996 01B9                    i1l998 01BD          ___awdiv@counter 0060  
                  _RCREG 001A                    _SPBRG 0099                    _PORTA 0005  
                  _PORTD 0008                    u37_20 01BD                    u37_21 01BC  
                  u38_20 01C3                    u38_21 01C2                    u39_20 01CC  
                  u39_21 01CB                    _TRISD 0088                    _TXREG 0019  
                  _setup 0186                    pclath 000A                    status 0003  
                  wtemp0 007E          __initialization 000F             __end_of_main 00B6  
                 ??_main 0067         ___awdiv@dividend 0075                   ?_setup 0070  
                 _ANSELH 0189                   i1l1000 01C3                   i1l1002 01C8  
                 i1l1004 01CC                   i1l1006 01D1                   _SPBRGH 009A  
                 ___bmul 01D9         __end_of_division 0186                ??___awdiv 0077  
       ___awdiv@quotient 0062                   _puerto 007A                   saved_w 007E  
__end_of__initialization 0019      ___bmul@multiplicand 0073           __pcstackCOMMON 0070  
          __end_of_setup 01B9         division@variable 0078           _OPTION_REGbits 0081  
                ??_setup 0073               __pbssBANK0 0020               __pmaintext 001D  
                ?___bmul 0073               __pintentry 0004                ?_division 0070  
        __size_of___bmul 0015                  ___awdiv 00B6                  _decenas 006B  
                __ptext1 0186                  __ptext2 011F                  __ptext3 01D9  
                __ptext4 00B6                  __ptext5 01B9             __size_of_isr 0020  
                clrloop0 01EF     end_of_initialization 0019               ??_division 0064  
              _RCSTAbits 0018                _PORTBbits 0006                _TRISBbits 0086  
              _TXSTAbits 0098           __end_of___bmul 01EE              _BAUDCTLbits 0187  
    start_initialization 000F              __end_of_isr 01D9                 ??___bmul 0074  
            __pbssCOMMON 007A                ___latbits 0002            __pcstackBANK0 0060  
      __size_of_division 0067                __pnvBANK0 006A                _centenas1 005E  
               ?___awdiv 0073           __size_of_setup 0033        interrupt_function 0004  
               _IOCBbits 0096                clear_ram0 01EE                _unidades1 005C  
       __size_of___awdiv 0069                 _decenas1 005D                 _centenas 006C  
               _division 011F            __size_of_main 0099                 _unidades 006A  
             _INTCONbits 000B                 intlevel1 0000               _OSCCONbits 008F  
