

Microchip MPLAB XC8 Assembler V2.31 build 20201012212115 
                                                                                               Mon Jul 19 19:01:58 2021

Microchip MPLAB XC8 C Compiler v2.31 (Free license) build 20201012212115 Og1 
     1                           	processor	16F887
     2                           	pagewidth 120
     3                           	opt	flic
     4                           	psect	idataBANK0,global,class=CODE,delta=2,noexec
     5                           	psect	nvCOMMON,global,class=COMMON,space=1,delta=1,noexec
     6                           	psect	cinit,global,class=CODE,merge=1,delta=2
     7                           	psect	bssCOMMON,global,class=COMMON,space=1,delta=1,noexec
     8                           	psect	bssBANK0,global,class=BANK0,space=1,delta=1,noexec
     9                           	psect	dataBANK0,global,class=BANK0,space=1,delta=1,noexec
    10                           	psect	inittext,global,class=CODE,delta=2
    11                           	psect	cstackCOMMON,global,class=COMMON,space=1,delta=1,noexec
    12                           	psect	cstackBANK0,global,class=BANK0,space=1,delta=1,noexec
    13                           	psect	maintext,global,class=CODE,split=1,delta=2
    14                           	psect	text1,local,class=CODE,merge=1,delta=2
    15                           	psect	text2,local,class=CODE,merge=1,delta=2
    16                           	psect	text3,local,class=CODE,merge=1,delta=2
    17                           	psect	text4,local,class=CODE,merge=1,delta=2
    18                           	psect	text5,local,class=CODE,merge=1,delta=2
    19                           	psect	intentry,global,class=CODE,delta=2
    20                           	psect	text6,local,class=CODE,merge=1,delta=2
    21                           	psect	text7,local,class=CODE,merge=1,delta=2
    22                           	psect	config,global,abs,ovrld,class=CONFIG,space=4,delta=2,noexec
    23                           	dabs	1,0x7E,2
    24  0000                     
    25                           ; Version 2.20
    26                           ; Generated 12/02/2020 GMT
    27                           ; 
    28                           ; Copyright © 2020, Microchip Technology Inc. and its subsidiaries ("Microchip")
    29                           ; All rights reserved.
    30                           ; 
    31                           ; This software is developed by Microchip Technology Inc. and its subsidiaries ("Microch
      +                          ip").
    32                           ; 
    33                           ; Redistribution and use in source and binary forms, with or without modification, are
    34                           ; permitted provided that the following conditions are met:
    35                           ; 
    36                           ;     1. Redistributions of source code must retain the above copyright notice, this lis
      +                          t of
    37                           ;        conditions and the following disclaimer.
    38                           ; 
    39                           ;     2. Redistributions in binary form must reproduce the above copyright notice, this 
      +                          list
    40                           ;        of conditions and the following disclaimer in the documentation and/or other
    41                           ;        materials provided with the distribution.
    42                           ; 
    43                           ;     3. Microchip's name may not be used to endorse or promote products derived from th
      +                          is
    44                           ;        software without specific prior written permission.
    45                           ; 
    46                           ; THIS SOFTWARE IS PROVIDED BY MICROCHIP "AS IS" AND ANY EXPRESS OR IMPLIED WARRANTIES,
    47                           ; INCLUDING, BUT NOT LIMITED TO, THE IMPLIED WARRANTIES OF MERCHANTABILITY AND FITNESS F
      +                          OR
    48                           ; PURPOSE ARE DISCLAIMED.  IN NO EVENT SHALL MICROCHIP BE LIABLE FOR ANY DIRECT, INDIREC
      +                          T,
    49                           ; INCIDENTAL, SPECIAL, EXEMPLARY, OR CONSEQUENTIAL DAMAGES (INCLUDING BUT NOT LIMITED TO
    50                           ; PROCUREMENT OF SUBSTITUTE GOODS OR SERVICES; LOSS OF USE, DATA OR PROFITS; OR BUSINESS
    51                           ; INTERRUPTION) HOWSOEVER CAUSED AND ON ANY THEORY OF LIABILITY, WHETHER IN CONTRACT, ST
      +                          RICT
    52                           ; LIABILITY, OR TORT (INCLUDING NEGLIGENCE OR OTHERWISE) ARISING IN ANY WAY OUT OF THE U
      +                          SE OF
    53                           ; THIS SOFTWARE, EVEN IF ADVISED OF THE POSSIBILITY OF SUCH DAMAGE.
    54                           ; 
    55                           ; 
    56                           ; Code-generator required, PIC16F887 Definitions
    57                           ; 
    58                           ; SFR Addresses
    59  0000                     	;# 
    60  0001                     	;# 
    61  0002                     	;# 
    62  0003                     	;# 
    63  0004                     	;# 
    64  0005                     	;# 
    65  0006                     	;# 
    66  0007                     	;# 
    67  0008                     	;# 
    68  0009                     	;# 
    69  000A                     	;# 
    70  000B                     	;# 
    71  000C                     	;# 
    72  000D                     	;# 
    73  000E                     	;# 
    74  000E                     	;# 
    75  000F                     	;# 
    76  0010                     	;# 
    77  0011                     	;# 
    78  0012                     	;# 
    79  0013                     	;# 
    80  0014                     	;# 
    81  0015                     	;# 
    82  0015                     	;# 
    83  0016                     	;# 
    84  0017                     	;# 
    85  0018                     	;# 
    86  0019                     	;# 
    87  001A                     	;# 
    88  001B                     	;# 
    89  001B                     	;# 
    90  001C                     	;# 
    91  001D                     	;# 
    92  001E                     	;# 
    93  001F                     	;# 
    94  0081                     	;# 
    95  0085                     	;# 
    96  0086                     	;# 
    97  0087                     	;# 
    98  0088                     	;# 
    99  0089                     	;# 
   100  008C                     	;# 
   101  008D                     	;# 
   102  008E                     	;# 
   103  008F                     	;# 
   104  0090                     	;# 
   105  0091                     	;# 
   106  0092                     	;# 
   107  0093                     	;# 
   108  0093                     	;# 
   109  0093                     	;# 
   110  0094                     	;# 
   111  0095                     	;# 
   112  0096                     	;# 
   113  0097                     	;# 
   114  0098                     	;# 
   115  0099                     	;# 
   116  009A                     	;# 
   117  009B                     	;# 
   118  009C                     	;# 
   119  009D                     	;# 
   120  009E                     	;# 
   121  009F                     	;# 
   122  0105                     	;# 
   123  0107                     	;# 
   124  0108                     	;# 
   125  0109                     	;# 
   126  010C                     	;# 
   127  010C                     	;# 
   128  010D                     	;# 
   129  010E                     	;# 
   130  010F                     	;# 
   131  0185                     	;# 
   132  0187                     	;# 
   133  0188                     	;# 
   134  0189                     	;# 
   135  018C                     	;# 
   136  018D                     	;# 
   137  0000                     	;# 
   138  0001                     	;# 
   139  0002                     	;# 
   140  0003                     	;# 
   141  0004                     	;# 
   142  0005                     	;# 
   143  0006                     	;# 
   144  0007                     	;# 
   145  0008                     	;# 
   146  0009                     	;# 
   147  000A                     	;# 
   148  000B                     	;# 
   149  000C                     	;# 
   150  000D                     	;# 
   151  000E                     	;# 
   152  000E                     	;# 
   153  000F                     	;# 
   154  0010                     	;# 
   155  0011                     	;# 
   156  0012                     	;# 
   157  0013                     	;# 
   158  0014                     	;# 
   159  0015                     	;# 
   160  0015                     	;# 
   161  0016                     	;# 
   162  0017                     	;# 
   163  0018                     	;# 
   164  0019                     	;# 
   165  001A                     	;# 
   166  001B                     	;# 
   167  001B                     	;# 
   168  001C                     	;# 
   169  001D                     	;# 
   170  001E                     	;# 
   171  001F                     	;# 
   172  0081                     	;# 
   173  0085                     	;# 
   174  0086                     	;# 
   175  0087                     	;# 
   176  0088                     	;# 
   177  0089                     	;# 
   178  008C                     	;# 
   179  008D                     	;# 
   180  008E                     	;# 
   181  008F                     	;# 
   182  0090                     	;# 
   183  0091                     	;# 
   184  0092                     	;# 
   185  0093                     	;# 
   186  0093                     	;# 
   187  0093                     	;# 
   188  0094                     	;# 
   189  0095                     	;# 
   190  0096                     	;# 
   191  0097                     	;# 
   192  0098                     	;# 
   193  0099                     	;# 
   194  009A                     	;# 
   195  009B                     	;# 
   196  009C                     	;# 
   197  009D                     	;# 
   198  009E                     	;# 
   199  009F                     	;# 
   200  0105                     	;# 
   201  0107                     	;# 
   202  0108                     	;# 
   203  0109                     	;# 
   204  010C                     	;# 
   205  010C                     	;# 
   206  010D                     	;# 
   207  010E                     	;# 
   208  010F                     	;# 
   209  0185                     	;# 
   210  0187                     	;# 
   211  0188                     	;# 
   212  0189                     	;# 
   213  018C                     	;# 
   214  018D                     	;# 
   215  0000                     	;# 
   216  0001                     	;# 
   217  0002                     	;# 
   218  0003                     	;# 
   219  0004                     	;# 
   220  0005                     	;# 
   221  0006                     	;# 
   222  0007                     	;# 
   223  0008                     	;# 
   224  0009                     	;# 
   225  000A                     	;# 
   226  000B                     	;# 
   227  000C                     	;# 
   228  000D                     	;# 
   229  000E                     	;# 
   230  000E                     	;# 
   231  000F                     	;# 
   232  0010                     	;# 
   233  0011                     	;# 
   234  0012                     	;# 
   235  0013                     	;# 
   236  0014                     	;# 
   237  0015                     	;# 
   238  0015                     	;# 
   239  0016                     	;# 
   240  0017                     	;# 
   241  0018                     	;# 
   242  0019                     	;# 
   243  001A                     	;# 
   244  001B                     	;# 
   245  001B                     	;# 
   246  001C                     	;# 
   247  001D                     	;# 
   248  001E                     	;# 
   249  001F                     	;# 
   250  0081                     	;# 
   251  0085                     	;# 
   252  0086                     	;# 
   253  0087                     	;# 
   254  0088                     	;# 
   255  0089                     	;# 
   256  008C                     	;# 
   257  008D                     	;# 
   258  008E                     	;# 
   259  008F                     	;# 
   260  0090                     	;# 
   261  0091                     	;# 
   262  0092                     	;# 
   263  0093                     	;# 
   264  0093                     	;# 
   265  0093                     	;# 
   266  0094                     	;# 
   267  0095                     	;# 
   268  0096                     	;# 
   269  0097                     	;# 
   270  0098                     	;# 
   271  0099                     	;# 
   272  009A                     	;# 
   273  009B                     	;# 
   274  009C                     	;# 
   275  009D                     	;# 
   276  009E                     	;# 
   277  009F                     	;# 
   278  0105                     	;# 
   279  0107                     	;# 
   280  0108                     	;# 
   281  0109                     	;# 
   282  010C                     	;# 
   283  010C                     	;# 
   284  010D                     	;# 
   285  010E                     	;# 
   286  010F                     	;# 
   287  0185                     	;# 
   288  0187                     	;# 
   289  0188                     	;# 
   290  0189                     	;# 
   291  018C                     	;# 
   292  018D                     	;# 
   293  0000                     	;# 
   294  0001                     	;# 
   295  0002                     	;# 
   296  0003                     	;# 
   297  0004                     	;# 
   298  0005                     	;# 
   299  0006                     	;# 
   300  0007                     	;# 
   301  0008                     	;# 
   302  0009                     	;# 
   303  000A                     	;# 
   304  000B                     	;# 
   305  000C                     	;# 
   306  000D                     	;# 
   307  000E                     	;# 
   308  000E                     	;# 
   309  000F                     	;# 
   310  0010                     	;# 
   311  0011                     	;# 
   312  0012                     	;# 
   313  0013                     	;# 
   314  0014                     	;# 
   315  0015                     	;# 
   316  0015                     	;# 
   317  0016                     	;# 
   318  0017                     	;# 
   319  0018                     	;# 
   320  0019                     	;# 
   321  001A                     	;# 
   322  001B                     	;# 
   323  001B                     	;# 
   324  001C                     	;# 
   325  001D                     	;# 
   326  001E                     	;# 
   327  001F                     	;# 
   328  0081                     	;# 
   329  0085                     	;# 
   330  0086                     	;# 
   331  0087                     	;# 
   332  0088                     	;# 
   333  0089                     	;# 
   334  008C                     	;# 
   335  008D                     	;# 
   336  008E                     	;# 
   337  008F                     	;# 
   338  0090                     	;# 
   339  0091                     	;# 
   340  0092                     	;# 
   341  0093                     	;# 
   342  0093                     	;# 
   343  0093                     	;# 
   344  0094                     	;# 
   345  0095                     	;# 
   346  0096                     	;# 
   347  0097                     	;# 
   348  0098                     	;# 
   349  0099                     	;# 
   350  009A                     	;# 
   351  009B                     	;# 
   352  009C                     	;# 
   353  009D                     	;# 
   354  009E                     	;# 
   355  009F                     	;# 
   356  0105                     	;# 
   357  0107                     	;# 
   358  0108                     	;# 
   359  0109                     	;# 
   360  010C                     	;# 
   361  010C                     	;# 
   362  010D                     	;# 
   363  010E                     	;# 
   364  010F                     	;# 
   365  0185                     	;# 
   366  0187                     	;# 
   367  0188                     	;# 
   368  0189                     	;# 
   369  018C                     	;# 
   370  018D                     	;# 
   371                           
   372                           	psect	idataBANK0
   373  0133                     __pidataBANK0:
   374                           
   375                           ;initializer for _DISPLAY
   376  0133  343F               	retlw	63
   377  0134  3406               	retlw	6
   378  0135  345B               	retlw	91
   379  0136  344F               	retlw	79
   380  0137  3466               	retlw	102
   381  0138  346D               	retlw	109
   382  0139  347D               	retlw	125
   383  013A  3407               	retlw	7
   384  013B  347F               	retlw	127
   385  013C  346F               	retlw	111
   386  013D  3477               	retlw	119
   387  013E  347C               	retlw	124
   388  013F  3439               	retlw	57
   389  0140  345E               	retlw	94
   390  0141  3479               	retlw	121
   391  0142  3471               	retlw	113
   392                           
   393                           	psect	nvCOMMON
   394  0077                     __pnvCOMMON:
   395  0077                     _VAR2:
   396  0077                     	ds	1
   397  0078                     _VAR1:
   398  0078                     	ds	1
   399  001E                     _ADRESH	set	30
   400  0009                     _PORTE	set	9
   401  0006                     _PORTB	set	6
   402  0005                     _PORTA	set	5
   403  001F                     _ADCON0bits	set	31
   404  000C                     _PIR1bits	set	12
   405  0008                     _PORTD	set	8
   406  0006                     _PORTBbits	set	6
   407  0001                     _TMR0	set	1
   408  000B                     _INTCONbits	set	11
   409  0007                     _PORTC	set	7
   410  0009                     _PORTEbits	set	9
   411  0058                     _RBIF	set	88
   412  005A                     _T0IF	set	90
   413  009F                     _ADCON1bits	set	159
   414  008C                     _PIE1bits	set	140
   415  0096                     _IOCBbits	set	150
   416  0095                     _WPUB	set	149
   417  0081                     _OPTION_REGbits	set	129
   418  008F                     _OSCCONbits	set	143
   419  0086                     _TRISBbits	set	134
   420  0089                     _TRISE	set	137
   421  0088                     _TRISD	set	136
   422  0087                     _TRISC	set	135
   423  0085                     _TRISA	set	133
   424  0189                     _ANSELH	set	393
   425  0188                     _ANSEL	set	392
   426                           
   427                           	psect	cinit
   428  0011                     start_initialization:	
   429                           ; #config settings
   430                           
   431  0011                     __initialization:
   432                           
   433                           ; Initialize objects allocated to BANK0
   434  0011  1383               	bcf	3,7	;select IRP bank0
   435  0012  3030               	movlw	low (__pdataBANK0+16)
   436  0013  00FD               	movwf	btemp+-1
   437  0014  3001               	movlw	high __pidataBANK0
   438  0015  00FE               	movwf	btemp
   439  0016  3033               	movlw	low __pidataBANK0
   440  0017  00FF               	movwf	btemp+1
   441  0018  3020               	movlw	low __pdataBANK0
   442  0019  0084               	movwf	4
   443  001A  120A  118A  2124  120A  118A  	fcall	init_ram0
   444                           
   445                           ; Clear objects allocated to BANK0
   446  001F  01B7               	clrf	__pbssBANK0& (0+127)
   447                           
   448                           ; Clear objects allocated to COMMON
   449  0020  01F9               	clrf	__pbssCOMMON& (0+127)
   450  0021  01FA               	clrf	(__pbssCOMMON+1)& (0+127)
   451  0022                     end_of_initialization:	
   452                           ;End of C runtime variable initialization code
   453                           
   454  0022                     __end_of__initialization:
   455  0022  0183               	clrf	3
   456  0023  120A  118A  28D5   	ljmp	_main	;jump to C main() function
   457                           
   458                           	psect	bssCOMMON
   459  0079                     __pbssCOMMON:
   460  0079                     _MULTIPLEXADO:
   461  0079                     	ds	2
   462                           
   463                           	psect	bssBANK0
   464  0037                     __pbssBANK0:
   465  0037                     _GUARDADO:
   466  0037                     	ds	1
   467                           
   468                           	psect	dataBANK0
   469  0020                     __pdataBANK0:
   470  0020                     _DISPLAY:
   471  0020                     	ds	16
   472                           
   473                           	psect	inittext
   474  0120                     init_fetch0:	
   475                           ;	Called with low address in FSR and high address in W
   476                           
   477  0120  087E               	movf	btemp,w
   478  0121  008A               	movwf	10
   479  0122  087F               	movf	btemp+1,w
   480  0123  0082               	movwf	2
   481  0124                     init_ram0:	
   482                           ;Called with:
   483                           ;	high address of idata address in btemp 
   484                           ;	low address of idata address in btemp+1 
   485                           ;	low address of data in FSR
   486                           ;	high address + 1 of data in btemp-1
   487                           
   488  0124  120A  118A  2120  120A  118A  	fcall	init_fetch0
   489  0129  0080               	movwf	0
   490  012A  0A84               	incf	4,f
   491  012B  0804               	movf	4,w
   492  012C  067D               	xorwf	btemp+-1,w
   493  012D  1903               	btfsc	3,2
   494  012E  3400               	retlw	0
   495  012F  0AFF               	incf	btemp+1,f
   496  0130  1903               	btfsc	3,2
   497  0131  0AFE               	incf	btemp,f
   498  0132  2924               	goto	init_ram0
   499                           
   500                           	psect	cstackCOMMON
   501  0070                     __pcstackCOMMON:
   502  0070                     ?_TABLA:
   503  0070                     ??_TABLA:	
   504                           ; 1 bytes @ 0x0
   505                           
   506  0070                     ?_read_ADC:	
   507                           ; 1 bytes @ 0x0
   508                           
   509  0070                     ?_setup:	
   510                           ; 1 bytes @ 0x0
   511                           
   512  0070                     ?_swapTwoNibbles:	
   513                           ; 1 bytes @ 0x0
   514                           
   515  0070                     ?_conf_ADC:	
   516                           ; 1 bytes @ 0x0
   517                           
   518  0070                     ?_isr:	
   519                           ; 1 bytes @ 0x0
   520                           
   521  0070                     ?_main:	
   522                           ; 1 bytes @ 0x0
   523                           
   524  0070                     ?i1_read_ADC:	
   525                           ; 1 bytes @ 0x0
   526                           
   527  0070                     ??i1_read_ADC:	
   528                           ; 1 bytes @ 0x0
   529                           
   530                           
   531                           ; 1 bytes @ 0x0
   532  0070                     	ds	1
   533  0071                     TABLA@f:
   534                           
   535                           ; 1 bytes @ 0x1
   536  0071                     	ds	1
   537  0072                     TABLA@val:
   538                           
   539                           ; 1 bytes @ 0x2
   540  0072                     	ds	1
   541  0073                     ??_isr:
   542                           
   543                           ; 1 bytes @ 0x3
   544  0073                     	ds	4
   545                           
   546                           	psect	cstackBANK0
   547  0030                     __pcstackBANK0:
   548  0030                     ??_read_ADC:
   549  0030                     ??_setup:	
   550                           ; 1 bytes @ 0x0
   551                           
   552  0030                     ??_swapTwoNibbles:	
   553                           ; 1 bytes @ 0x0
   554                           
   555  0030                     ??_conf_ADC:	
   556                           ; 1 bytes @ 0x0
   557                           
   558                           
   559                           ; 1 bytes @ 0x0
   560  0030                     	ds	4
   561  0034                     swapTwoNibbles@num:
   562                           
   563                           ; 1 bytes @ 0x4
   564  0034                     	ds	1
   565  0035                     swapTwoNibbles@n:
   566                           
   567                           ; 1 bytes @ 0x5
   568  0035                     	ds	1
   569  0036                     ??_main:
   570                           
   571                           ; 1 bytes @ 0x6
   572  0036                     	ds	1
   573                           
   574                           	psect	maintext
   575  00D5                     __pmaintext:	
   576 ;;
   577 ;;Main: autosize = 0, tempsize = 1, incstack = 0, save=0
   578 ;;
   579 ;; *************** function _main *****************
   580 ;; Defined at:
   581 ;;		line 108 in file "lab1d2.c"
   582 ;; Parameters:    Size  Location     Type
   583 ;;		None
   584 ;; Auto vars:     Size  Location     Type
   585 ;;		None
   586 ;; Return value:  Size  Location     Type
   587 ;;                  1    wreg      void 
   588 ;; Registers used:
   589 ;;		wreg, status,2, status,0, pclath, cstack
   590 ;; Tracked objects:
   591 ;;		On entry : B00/0
   592 ;;		On exit  : 0/0
   593 ;;		Unchanged: 0/0
   594 ;; Data sizes:     COMMON   BANK0   BANK1   BANK3   BANK2
   595 ;;      Params:         0       0       0       0       0
   596 ;;      Locals:         0       0       0       0       0
   597 ;;      Temps:          0       1       0       0       0
   598 ;;      Totals:         0       1       0       0       0
   599 ;;Total ram usage:        1 bytes
   600 ;; Hardware stack levels required when called:    4
   601 ;; This function calls:
   602 ;;		_read_ADC
   603 ;;		_setup
   604 ;;		_swapTwoNibbles
   605 ;; This function is called by:
   606 ;;		Startup code after reset
   607 ;; This function uses a non-reentrant model
   608 ;;
   609                           
   610                           
   611                           ;psect for function _main
   612  00D5                     _main:
   613  00D5                     l1083:	
   614                           ;incstack = 0
   615                           ; Regs used in _main: [wreg+status,2+status,0+pclath+cstack]
   616                           
   617                           
   618                           ;lab1d2.c: 110:     OSCCONbits.SCS = 1;
   619  00D5  120A  118A  209D  120A  118A  	fcall	_setup
   620  00DA                     l1085:
   621                           
   622                           ;lab1d2.c: 112: ;lab1d2.c: 113:     OPTION_REGbits.T0CS = 0;
   623  00DA  1283               	bcf	3,5	;RP0=0, select bank0
   624  00DB  1303               	bcf	3,6	;RP1=0, select bank0
   625  00DC  149F               	bsf	31,1	;volatile
   626  00DD                     l1087:
   627                           
   628                           ;lab1d2.c: 114:     OPTION_REGbits.PSA = 0;
   629  00DD  0837               	movf	_GUARDADO,w
   630  00DE  390F               	andlw	15
   631  00DF  00B6               	movwf	??_main
   632  00E0  0836               	movf	??_main,w
   633  00E1  00F8               	movwf	_VAR1
   634  00E2                     l1089:
   635                           
   636                           ;lab1d2.c: 115:     OPTION_REGbits.PS2 = 0;
   637  00E2  0837               	movf	_GUARDADO,w
   638  00E3  120A  118A  2101  120A  118A  	fcall	_swapTwoNibbles
   639  00E8  390F               	andlw	15
   640  00E9  1283               	bcf	3,5	;RP0=0, select bank0
   641  00EA  1303               	bcf	3,6	;RP1=0, select bank0
   642  00EB  00B6               	movwf	??_main
   643  00EC  0836               	movf	??_main,w
   644  00ED  00F7               	movwf	_VAR2
   645  00EE                     l1091:
   646                           
   647                           ;lab1d2.c: 117:     OPTION_REGbits.PS0 = 0;
   648  00EE  120A  118A  215B  120A  118A  	fcall	_read_ADC
   649  00F3  1283               	bcf	3,5	;RP0=0, select bank0
   650  00F4  1303               	bcf	3,6	;RP1=0, select bank0
   651  00F5  0208               	subwf	8,w	;volatile
   652  00F6  1803               	skipnc
   653  00F7  28F9               	goto	u231
   654  00F8  28FA               	goto	u230
   655  00F9                     u231:
   656  00F9  28FC               	goto	l90
   657  00FA                     u230:
   658  00FA                     l1093:
   659                           
   660                           ;lab1d2.c: 118: ;lab1d2.c: 119: 
   661  00FA  1786               	bsf	6,7	;volatile
   662                           
   663                           ;lab1d2.c: 120:     OPTION_REGbits.nRBPU = 0;
   664  00FB  28DA               	goto	l1085
   665  00FC                     l90:	
   666                           ;lab1d2.c: 121:     WPUB = 0b00000011;
   667                           
   668                           
   669                           ;lab1d2.c: 122:     IOCBbits.IOCB0 = 1;
   670  00FC  1386               	bcf	6,7	;volatile
   671  00FD  28DA               	goto	l1085
   672  00FE  120A  118A  280E   	ljmp	start
   673  0101                     __end_of_main:
   674                           
   675                           	psect	text1
   676  0101                     __ptext1:	
   677 ;; *************** function _swapTwoNibbles *****************
   678 ;; Defined at:
   679 ;;		line 179 in file "lab1d2.c"
   680 ;; Parameters:    Size  Location     Type
   681 ;;  n               1    wreg     unsigned char 
   682 ;; Auto vars:     Size  Location     Type
   683 ;;  n               1    5[BANK0 ] unsigned char 
   684 ;;  num             1    4[BANK0 ] unsigned char 
   685 ;; Return value:  Size  Location     Type
   686 ;;                  1    wreg      unsigned char 
   687 ;; Registers used:
   688 ;;		wreg, status,2, status,0
   689 ;; Tracked objects:
   690 ;;		On entry : 0/0
   691 ;;		On exit  : 0/0
   692 ;;		Unchanged: 0/0
   693 ;; Data sizes:     COMMON   BANK0   BANK1   BANK3   BANK2
   694 ;;      Params:         0       0       0       0       0
   695 ;;      Locals:         0       2       0       0       0
   696 ;;      Temps:          0       4       0       0       0
   697 ;;      Totals:         0       6       0       0       0
   698 ;;Total ram usage:        6 bytes
   699 ;; Hardware stack levels used:    1
   700 ;; Hardware stack levels required when called:    2
   701 ;; This function calls:
   702 ;;		Nothing
   703 ;; This function is called by:
   704 ;;		_main
   705 ;; This function uses a non-reentrant model
   706 ;;
   707                           
   708                           
   709                           ;psect for function _swapTwoNibbles
   710  0101                     _swapTwoNibbles:
   711                           
   712                           ;incstack = 0
   713                           ; Regs used in _swapTwoNibbles: [wreg+status,2+status,0]
   714                           ;swapTwoNibbles@n stored from wreg
   715  0101  1283               	bcf	3,5	;RP0=0, select bank0
   716  0102  1303               	bcf	3,6	;RP1=0, select bank0
   717  0103  00B5               	movwf	swapTwoNibbles@n
   718  0104                     l939:
   719  0104  0835               	movf	swapTwoNibbles@n,w
   720  0105  00B0               	movwf	??_swapTwoNibbles
   721  0106  3004               	movlw	4
   722  0107                     u125:
   723  0107  1003               	clrc
   724  0108  0CB0               	rrf	??_swapTwoNibbles,f
   725  0109  3EFF               	addlw	-1
   726  010A  1D03               	skipz
   727  010B  2907               	goto	u125
   728  010C  300F               	movlw	15
   729  010D  0530               	andwf	??_swapTwoNibbles,w
   730  010E  00B1               	movwf	??_swapTwoNibbles+1
   731  010F  0835               	movf	swapTwoNibbles@n,w
   732  0110  390F               	andlw	15
   733  0111  00B2               	movwf	??_swapTwoNibbles+2
   734  0112  3003               	movlw	3
   735  0113                     u135:
   736  0113  1003               	clrc
   737  0114  0DB2               	rlf	??_swapTwoNibbles+2,f
   738  0115  3EFF               	addlw	-1
   739  0116  1D03               	skipz
   740  0117  2913               	goto	u135
   741  0118  1003               	clrc
   742  0119  0D32               	rlf	??_swapTwoNibbles+2,w
   743  011A  0431               	iorwf	??_swapTwoNibbles+1,w
   744  011B  00B3               	movwf	??_swapTwoNibbles+3
   745  011C  0833               	movf	??_swapTwoNibbles+3,w
   746  011D  00B4               	movwf	swapTwoNibbles@num
   747  011E                     l941:
   748  011E  0834               	movf	swapTwoNibbles@num,w
   749  011F                     l100:
   750  011F  0008               	return
   751  0120                     __end_of_swapTwoNibbles:
   752                           
   753                           	psect	text2
   754  009D                     __ptext2:	
   755 ;; *************** function _setup *****************
   756 ;; Defined at:
   757 ;;		line 128 in file "lab1d2.c"
   758 ;; Parameters:    Size  Location     Type
   759 ;;		None
   760 ;; Auto vars:     Size  Location     Type
   761 ;;		None
   762 ;; Return value:  Size  Location     Type
   763 ;;                  1    wreg      void 
   764 ;; Registers used:
   765 ;;		wreg, status,2, status,0, pclath, cstack
   766 ;; Tracked objects:
   767 ;;		On entry : 0/0
   768 ;;		On exit  : 0/0
   769 ;;		Unchanged: 0/0
   770 ;; Data sizes:     COMMON   BANK0   BANK1   BANK3   BANK2
   771 ;;      Params:         0       0       0       0       0
   772 ;;      Locals:         0       0       0       0       0
   773 ;;      Temps:          0       0       0       0       0
   774 ;;      Totals:         0       0       0       0       0
   775 ;;Total ram usage:        0 bytes
   776 ;; Hardware stack levels used:    1
   777 ;; Hardware stack levels required when called:    3
   778 ;; This function calls:
   779 ;;		_conf_ADC
   780 ;; This function is called by:
   781 ;;		_main
   782 ;; This function uses a non-reentrant model
   783 ;;
   784                           
   785                           
   786                           ;psect for function _setup
   787  009D                     _setup:
   788  009D                     l1027:	
   789                           ;incstack = 0
   790                           ; Regs used in _setup: [wreg+status,2+status,0+pclath+cstack]
   791                           
   792                           
   793                           ;lab1d2.c: 130:     INTCONbits.RBIF = 1;
   794  009D  3001               	movlw	1
   795  009E  1683               	bsf	3,5	;RP0=1, select bank3
   796  009F  1703               	bsf	3,6	;RP1=1, select bank3
   797  00A0  0088               	movwf	8	;volatile
   798  00A1                     l1029:
   799                           
   800                           ;lab1d2.c: 131:     INTCONbits.RBIE = 1;
   801  00A1  0189               	clrf	9	;volatile
   802  00A2                     l1031:
   803                           
   804                           ;lab1d2.c: 133:     INTCONbits.T0IF = 0;
   805  00A2  30FF               	movlw	255
   806  00A3  1683               	bsf	3,5	;RP0=1, select bank1
   807  00A4  1303               	bcf	3,6	;RP1=0, select bank1
   808  00A5  0085               	movwf	5	;volatile
   809                           
   810                           ;lab1d2.c: 134:     PIR1bits.ADIF = 0;
   811  00A6  0187               	clrf	7	;volatile
   812                           
   813                           ;lab1d2.c: 135:     PIE1bits.ADIE = 1;
   814  00A7  0188               	clrf	8	;volatile
   815                           
   816                           ;lab1d2.c: 136:     INTCONbits.PEIE = 1;
   817  00A8  0189               	clrf	9	;volatile
   818  00A9                     l1033:
   819                           
   820                           ;lab1d2.c: 137: }
   821  00A9  1406               	bsf	6,0	;volatile
   822  00AA                     l1035:
   823                           
   824                           ;lab1d2.c: 138: unsigned char swapTwoNibbles ( unsigned char n)
   825  00AA  1486               	bsf	6,1	;volatile
   826  00AB                     l1037:
   827                           
   828                           ;lab1d2.c: 139: {
   829  00AB  1386               	bcf	6,7	;volatile
   830                           
   831                           ;lab1d2.c: 141:     num = (((n & 0x0F ) << 4) | ((n & 0xF0 ) >> 4));
   832  00AC  1283               	bcf	3,5	;RP0=0, select bank0
   833  00AD  1303               	bcf	3,6	;RP1=0, select bank0
   834  00AE  0185               	clrf	5	;volatile
   835                           
   836                           ;lab1d2.c: 142:     return num;
   837  00AF  0187               	clrf	7	;volatile
   838                           
   839                           ;lab1d2.c: 143: }
   840  00B0  0188               	clrf	8	;volatile
   841  00B1  0186               	clrf	6	;volatile
   842  00B2  0189               	clrf	9	;volatile
   843  00B3                     l1039:
   844  00B3  1683               	bsf	3,5	;RP0=1, select bank1
   845  00B4  1303               	bcf	3,6	;RP1=0, select bank1
   846  00B5  130F               	bcf	15,6	;volatile
   847  00B6                     l1041:
   848  00B6  168F               	bsf	15,5	;volatile
   849  00B7                     l1043:
   850  00B7  160F               	bsf	15,4	;volatile
   851  00B8                     l1045:
   852  00B8  140F               	bsf	15,0	;volatile
   853  00B9                     l1047:
   854  00B9  1281               	bcf	1,5	;volatile
   855  00BA                     l1049:
   856  00BA  1181               	bcf	1,3	;volatile
   857  00BB                     l1051:
   858  00BB  1101               	bcf	1,2	;volatile
   859  00BC                     l1053:
   860  00BC  1081               	bcf	1,1	;volatile
   861  00BD                     l1055:
   862  00BD  1001               	bcf	1,0	;volatile
   863  00BE                     l1057:
   864  00BE  1381               	bcf	1,7	;volatile
   865  00BF                     l1059:
   866  00BF  3003               	movlw	3
   867  00C0  0095               	movwf	21	;volatile
   868  00C1                     l1061:
   869  00C1  1416               	bsf	22,0	;volatile
   870  00C2                     l1063:
   871  00C2  1496               	bsf	22,1	;volatile
   872  00C3                     l1065:
   873  00C3  120A  118A  2143  120A  118A  	fcall	_conf_ADC
   874  00C8                     l1067:
   875  00C8  178B               	bsf	11,7	;volatile
   876  00C9                     l1069:
   877  00C9  140B               	bsf	11,0	;volatile
   878  00CA                     l1071:
   879  00CA  158B               	bsf	11,3	;volatile
   880  00CB                     l1073:
   881  00CB  168B               	bsf	11,5	;volatile
   882  00CC                     l1075:
   883  00CC  110B               	bcf	11,2	;volatile
   884  00CD                     l1077:
   885  00CD  1283               	bcf	3,5	;RP0=0, select bank0
   886  00CE  1303               	bcf	3,6	;RP1=0, select bank0
   887  00CF  130C               	bcf	12,6	;volatile
   888  00D0                     l1079:
   889  00D0  1683               	bsf	3,5	;RP0=1, select bank1
   890  00D1  1303               	bcf	3,6	;RP1=0, select bank1
   891  00D2  170C               	bsf	12,6	;volatile
   892  00D3                     l1081:
   893  00D3  170B               	bsf	11,6	;volatile
   894  00D4                     l97:
   895  00D4  0008               	return
   896  00D5                     __end_of_setup:
   897                           
   898                           	psect	text3
   899  0143                     __ptext3:	
   900 ;; *************** function _conf_ADC *****************
   901 ;; Defined at:
   902 ;;		line 10 in file "libreria_ADC.c"
   903 ;; Parameters:    Size  Location     Type
   904 ;;		None
   905 ;; Auto vars:     Size  Location     Type
   906 ;;		None
   907 ;; Return value:  Size  Location     Type
   908 ;;                  1    wreg      void 
   909 ;; Registers used:
   910 ;;		wreg, status,2, status,0
   911 ;; Tracked objects:
   912 ;;		On entry : 0/0
   913 ;;		On exit  : 0/0
   914 ;;		Unchanged: 0/0
   915 ;; Data sizes:     COMMON   BANK0   BANK1   BANK3   BANK2
   916 ;;      Params:         0       0       0       0       0
   917 ;;      Locals:         0       0       0       0       0
   918 ;;      Temps:          0       0       0       0       0
   919 ;;      Totals:         0       0       0       0       0
   920 ;;Total ram usage:        0 bytes
   921 ;; Hardware stack levels used:    1
   922 ;; Hardware stack levels required when called:    2
   923 ;; This function calls:
   924 ;;		Nothing
   925 ;; This function is called by:
   926 ;;		_setup
   927 ;; This function uses a non-reentrant model
   928 ;;
   929                           
   930                           
   931                           ;psect for function _conf_ADC
   932  0143                     _conf_ADC:
   933  0143                     l1009:	
   934                           ;incstack = 0
   935                           ; Regs used in _conf_ADC: [wreg+status,2+status,0]
   936                           
   937                           
   938                           ;libreria_ADC.c: 12:     ADCON0bits.CHS = 0;
   939  0143  30C3               	movlw	-61
   940  0144  1283               	bcf	3,5	;RP0=0, select bank0
   941  0145  1303               	bcf	3,6	;RP1=0, select bank0
   942  0146  059F               	andwf	31,f	;volatile
   943  0147                     l1011:
   944                           
   945                           ;libreria_ADC.c: 14:     ADCON0bits.ADCS1 = 1;
   946  0147  179F               	bsf	31,7	;volatile
   947  0148                     l1013:
   948                           
   949                           ;libreria_ADC.c: 15:     ADCON0bits.ADCS0 = 1;
   950  0148  171F               	bsf	31,6	;volatile
   951  0149                     l1015:
   952                           
   953                           ;libreria_ADC.c: 17:     ADCON0bits.ADON = 1;
   954  0149  141F               	bsf	31,0	;volatile
   955  014A                     l1017:
   956                           
   957                           ;libreria_ADC.c: 19:     ADCON1bits.ADFM = 0;
   958  014A  1683               	bsf	3,5	;RP0=1, select bank1
   959  014B  1303               	bcf	3,6	;RP1=0, select bank1
   960  014C  139F               	bcf	31,7	;volatile
   961  014D                     l1019:
   962                           
   963                           ;libreria_ADC.c: 20:     ADCON1bits.VCFG0 = 0;
   964  014D  121F               	bcf	31,4	;volatile
   965  014E                     l1021:
   966                           
   967                           ;libreria_ADC.c: 21:     ADCON1bits.VCFG1 = 0;
   968  014E  129F               	bcf	31,5	;volatile
   969  014F                     l112:
   970  014F  0008               	return
   971  0150                     __end_of_conf_ADC:
   972                           
   973                           	psect	text4
   974  015B                     __ptext4:	
   975 ;; *************** function _read_ADC *****************
   976 ;; Defined at:
   977 ;;		line 6 in file "libreria_ADC.c"
   978 ;; Parameters:    Size  Location     Type
   979 ;;		None
   980 ;; Auto vars:     Size  Location     Type
   981 ;;		None
   982 ;; Return value:  Size  Location     Type
   983 ;;                  1    wreg      unsigned char 
   984 ;; Registers used:
   985 ;;		wreg
   986 ;; Tracked objects:
   987 ;;		On entry : 0/0
   988 ;;		On exit  : 0/0
   989 ;;		Unchanged: 0/0
   990 ;; Data sizes:     COMMON   BANK0   BANK1   BANK3   BANK2
   991 ;;      Params:         0       0       0       0       0
   992 ;;      Locals:         0       0       0       0       0
   993 ;;      Temps:          0       0       0       0       0
   994 ;;      Totals:         0       0       0       0       0
   995 ;;Total ram usage:        0 bytes
   996 ;; Hardware stack levels used:    1
   997 ;; Hardware stack levels required when called:    2
   998 ;; This function calls:
   999 ;;		Nothing
  1000 ;; This function is called by:
  1001 ;;		_main
  1002 ;; This function uses a non-reentrant model
  1003 ;;
  1004                           
  1005                           
  1006                           ;psect for function _read_ADC
  1007  015B                     _read_ADC:
  1008  015B                     l1023:	
  1009                           ;incstack = 0
  1010                           ; Regs used in _read_ADC: [wreg]
  1011                           
  1012                           
  1013                           ;libreria_ADC.c: 8:     return ADRESH;
  1014  015B  1283               	bcf	3,5	;RP0=0, select bank0
  1015  015C  1303               	bcf	3,6	;RP1=0, select bank0
  1016  015D  081E               	movf	30,w	;volatile
  1017  015E                     l109:
  1018  015E  0008               	return
  1019  015F                     __end_of_read_ADC:
  1020                           
  1021                           	psect	text5
  1022  0026                     __ptext5:	
  1023 ;; *************** function _isr *****************
  1024 ;; Defined at:
  1025 ;;		line 59 in file "lab1d2.c"
  1026 ;; Parameters:    Size  Location     Type
  1027 ;;		None
  1028 ;; Auto vars:     Size  Location     Type
  1029 ;;		None
  1030 ;; Return value:  Size  Location     Type
  1031 ;;                  1    wreg      void 
  1032 ;; Registers used:
  1033 ;;		wreg, fsr0l, fsr0h, status,2, status,0, pclath, cstack
  1034 ;; Tracked objects:
  1035 ;;		On entry : 0/0
  1036 ;;		On exit  : 0/0
  1037 ;;		Unchanged: 0/0
  1038 ;; Data sizes:     COMMON   BANK0   BANK1   BANK3   BANK2
  1039 ;;      Params:         0       0       0       0       0
  1040 ;;      Locals:         0       0       0       0       0
  1041 ;;      Temps:          4       0       0       0       0
  1042 ;;      Totals:         4       0       0       0       0
  1043 ;;Total ram usage:        4 bytes
  1044 ;; Hardware stack levels used:    1
  1045 ;; Hardware stack levels required when called:    1
  1046 ;; This function calls:
  1047 ;;		_TABLA
  1048 ;;		i1_read_ADC
  1049 ;; This function is called by:
  1050 ;;		Interrupt level 1
  1051 ;; This function uses a non-reentrant model
  1052 ;;
  1053                           
  1054                           
  1055                           ;psect for function _isr
  1056  0026                     _isr:
  1057  0026                     i1l949:
  1058                           
  1059                           ;lab1d2.c: 61:         PIR1bits.ADIF = 0;
  1060  0026  1D0B               	btfss	11,2	;volatile
  1061  0027  2829               	goto	u14_21
  1062  0028  282A               	goto	u14_20
  1063  0029                     u14_21:
  1064  0029  285E               	goto	i1l975
  1065  002A                     u14_20:
  1066  002A                     i1l951:
  1067                           
  1068                           ;lab1d2.c: 62:     }
  1069  002A  0879               	movf	_MULTIPLEXADO,w
  1070  002B  047A               	iorwf	_MULTIPLEXADO+1,w
  1071  002C  1D03               	btfss	3,2
  1072  002D  282F               	goto	u15_21
  1073  002E  2830               	goto	u15_20
  1074  002F                     u15_21:
  1075  002F  2843               	goto	i1l961
  1076  0030                     u15_20:
  1077  0030                     i1l953:
  1078                           
  1079                           ;lab1d2.c: 63: };lab1d2.c: 64: 
  1080  0030  1283               	bcf	3,5	;RP0=0, select bank0
  1081  0031  1303               	bcf	3,6	;RP1=0, select bank0
  1082  0032  1089               	bcf	9,1	;volatile
  1083                           
  1084                           ;lab1d2.c: 65: 
  1085  0033  1409               	bsf	9,0	;volatile
  1086  0034                     i1l955:
  1087                           
  1088                           ;lab1d2.c: 66: 
  1089  0034  0187               	clrf	7	;volatile
  1090  0035                     i1l957:
  1091                           
  1092                           ;lab1d2.c: 67: void main(void){
  1093  0035  0877               	movf	_VAR2,w
  1094  0036  120A  118A  2150  120A  118A  	fcall	_TABLA
  1095  003B  1283               	bcf	3,5	;RP0=0, select bank0
  1096  003C  1303               	bcf	3,6	;RP1=0, select bank0
  1097  003D  0087               	movwf	7	;volatile
  1098  003E                     i1l959:
  1099                           
  1100                           ;lab1d2.c: 68: 
  1101  003E  3001               	movlw	1
  1102  003F  00F9               	movwf	_MULTIPLEXADO
  1103  0040  3000               	movlw	0
  1104  0041  00FA               	movwf	_MULTIPLEXADO+1
  1105                           
  1106                           ;lab1d2.c: 69:     setup();
  1107  0042  2859               	goto	i1l971
  1108  0043                     i1l961:
  1109  0043  0379               	decf	_MULTIPLEXADO,w
  1110  0044  047A               	iorwf	_MULTIPLEXADO+1,w
  1111  0045  1D03               	btfss	3,2
  1112  0046  2848               	goto	u16_21
  1113  0047  2849               	goto	u16_20
  1114  0048                     u16_21:
  1115  0048  2859               	goto	i1l971
  1116  0049                     u16_20:
  1117  0049                     i1l963:
  1118                           
  1119                           ;lab1d2.c: 72:         ADCON0bits.GO = 1;;lab1d2.c: 73:         VAR1 = GUARDADO & 0b0000
      +                          1111;
  1120  0049  1283               	bcf	3,5	;RP0=0, select bank0
  1121  004A  1303               	bcf	3,6	;RP1=0, select bank0
  1122  004B  1009               	bcf	9,0	;volatile
  1123                           
  1124                           ;lab1d2.c: 74:         VAR2 = swapTwoNibbles(GUARDADO)& 0b00001111;
  1125  004C  1489               	bsf	9,1	;volatile
  1126  004D                     i1l965:
  1127                           
  1128                           ;lab1d2.c: 75: 
  1129  004D  0187               	clrf	7	;volatile
  1130  004E                     i1l967:
  1131                           
  1132                           ;lab1d2.c: 76:         if (PORTD < read_ADC())
  1133  004E  0878               	movf	_VAR1,w
  1134  004F  120A  118A  2150  120A  118A  	fcall	_TABLA
  1135  0054  1283               	bcf	3,5	;RP0=0, select bank0
  1136  0055  1303               	bcf	3,6	;RP1=0, select bank0
  1137  0056  0087               	movwf	7	;volatile
  1138  0057                     i1l969:
  1139                           
  1140                           ;lab1d2.c: 77:         {
  1141  0057  01F9               	clrf	_MULTIPLEXADO
  1142  0058  01FA               	clrf	_MULTIPLEXADO+1
  1143  0059                     i1l971:
  1144                           
  1145                           ;lab1d2.c: 79:         }
  1146  0059  110B               	bcf	11,2	;volatile
  1147  005A                     i1l973:
  1148                           
  1149                           ;lab1d2.c: 80:         else
  1150  005A  300A               	movlw	10
  1151  005B  1283               	bcf	3,5	;RP0=0, select bank0
  1152  005C  1303               	bcf	3,6	;RP1=0, select bank0
  1153  005D  0081               	movwf	1	;volatile
  1154  005E                     i1l975:
  1155                           
  1156                           ;lab1d2.c: 83: }
  1157  005E  1C0B               	btfss	11,0	;volatile
  1158  005F  2861               	goto	u17_21
  1159  0060  2862               	goto	u17_20
  1160  0061                     u17_21:
  1161  0061  2873               	goto	i1l987
  1162  0062                     u17_20:
  1163  0062                     i1l977:
  1164                           
  1165                           ;lab1d2.c: 84: ;lab1d2.c: 85: 
  1166  0062  1283               	bcf	3,5	;RP0=0, select bank0
  1167  0063  1303               	bcf	3,6	;RP1=0, select bank0
  1168  0064  1806               	btfsc	6,0	;volatile
  1169  0065  2867               	goto	u18_21
  1170  0066  2868               	goto	u18_20
  1171  0067                     u18_21:
  1172  0067  286B               	goto	i1l981
  1173  0068                     u18_20:
  1174  0068                     i1l979:
  1175                           
  1176                           ;lab1d2.c: 86: ;lab1d2.c: 87: void setup(void){
  1177  0068  0808               	movf	8,w	;volatile
  1178  0069  3E01               	addlw	1
  1179  006A  0088               	movwf	8	;volatile
  1180  006B                     i1l981:
  1181                           
  1182                           ;lab1d2.c: 89:     ANSEL = 0b00000001;
  1183  006B  1886               	btfsc	6,1	;volatile
  1184  006C  286E               	goto	u19_21
  1185  006D  286F               	goto	u19_20
  1186  006E                     u19_21:
  1187  006E  2872               	goto	i1l985
  1188  006F                     u19_20:
  1189  006F                     i1l983:
  1190                           
  1191                           ;lab1d2.c: 90:     ANSELH = 0X00;;lab1d2.c: 91: 
  1192  006F  0808               	movf	8,w	;volatile
  1193  0070  3EFF               	addlw	255
  1194  0071  0088               	movwf	8	;volatile
  1195  0072                     i1l985:
  1196                           
  1197                           ;lab1d2.c: 93:     TRISC = 0X00;
  1198  0072  100B               	bcf	11,0	;volatile
  1199  0073                     i1l987:
  1200                           
  1201                           ;lab1d2.c: 95:     TRISE = 0X00;
  1202  0073  1283               	bcf	3,5	;RP0=0, select bank0
  1203  0074  1303               	bcf	3,6	;RP1=0, select bank0
  1204  0075  1F0C               	btfss	12,6	;volatile
  1205  0076  2878               	goto	u20_21
  1206  0077  2879               	goto	u20_20
  1207  0078                     u20_21:
  1208  0078  2894               	goto	i1l84
  1209  0079                     u20_20:
  1210  0079                     i1l989:
  1211                           
  1212                           ;lab1d2.c: 96:     TRISBbits.TRISB0 = 1;;lab1d2.c: 97:     TRISBbits.TRISB1 = 1;
  1213  0079  0C1F               	rrf	31,w	;volatile
  1214  007A  00F3               	movwf	??_isr
  1215  007B  0C73               	rrf	??_isr,w
  1216  007C  390F               	andlw	15
  1217  007D  3A00               	xorlw	0
  1218  007E  1D03               	skipz
  1219  007F  2881               	goto	u21_21
  1220  0080  2882               	goto	u21_20
  1221  0081                     u21_21:
  1222  0081  288C               	goto	i1l993
  1223  0082                     u21_20:
  1224  0082                     i1l991:
  1225                           
  1226                           ;lab1d2.c: 98:     TRISBbits.TRISB7 = 0;;lab1d2.c: 99: 
  1227  0082  120A  118A  215F  120A  118A  	fcall	i1_read_ADC
  1228  0087  00F3               	movwf	??_isr
  1229  0088  0873               	movf	??_isr,w
  1230  0089  1283               	bcf	3,5	;RP0=0, select bank0
  1231  008A  1303               	bcf	3,6	;RP1=0, select bank0
  1232  008B  00B7               	movwf	_GUARDADO
  1233  008C                     i1l993:
  1234                           
  1235                           ;lab1d2.c: 101:     PORTC = 0X00;
  1236  008C  3010               	movlw	16
  1237  008D  00F3               	movwf	??_isr
  1238  008E                     u24_27:
  1239  008E  0BF3               	decfsz	??_isr,f
  1240  008F  288E               	goto	u24_27
  1241  0090  0000               	nop
  1242  0091                     i1l995:
  1243                           
  1244                           ;lab1d2.c: 102:     PORTD = 0X00;
  1245  0091  1283               	bcf	3,5	;RP0=0, select bank0
  1246  0092  1303               	bcf	3,6	;RP1=0, select bank0
  1247  0093  130C               	bcf	12,6	;volatile
  1248  0094                     i1l84:
  1249  0094  0876               	movf	??_isr+3,w
  1250  0095  008A               	movwf	10
  1251  0096  0875               	movf	??_isr+2,w
  1252  0097  0084               	movwf	4
  1253  0098  0E74               	swapf	??_isr+1,w
  1254  0099  0083               	movwf	3
  1255  009A  0EFE               	swapf	btemp,f
  1256  009B  0E7E               	swapf	btemp,w
  1257  009C  0009               	retfie
  1258  009D                     __end_of_isr:
  1259                           
  1260                           	psect	intentry
  1261  0004                     __pintentry:	
  1262                           ;incstack = 0
  1263                           ; Regs used in _isr: [wreg-fsr0h+status,2+status,0+pclath+cstack]
  1264                           
  1265  0004                     interrupt_function:
  1266  007E                     saved_w	set	btemp
  1267  0004  00FE               	movwf	btemp
  1268  0005  0E03               	swapf	3,w
  1269  0006  00F4               	movwf	??_isr+1
  1270  0007  0804               	movf	4,w
  1271  0008  00F5               	movwf	??_isr+2
  1272  0009  080A               	movf	10,w
  1273  000A  00F6               	movwf	??_isr+3
  1274  000B  120A  118A  2826   	ljmp	_isr
  1275                           
  1276                           	psect	text6
  1277  015F                     __ptext6:	
  1278 ;; *************** function i1_read_ADC *****************
  1279 ;; Defined at:
  1280 ;;		line 6 in file "libreria_ADC.c"
  1281 ;; Parameters:    Size  Location     Type
  1282 ;;		None
  1283 ;; Auto vars:     Size  Location     Type
  1284 ;;		None
  1285 ;; Return value:  Size  Location     Type
  1286 ;;                  1    wreg      unsigned char 
  1287 ;; Registers used:
  1288 ;;		wreg
  1289 ;; Tracked objects:
  1290 ;;		On entry : 0/0
  1291 ;;		On exit  : 0/0
  1292 ;;		Unchanged: 0/0
  1293 ;; Data sizes:     COMMON   BANK0   BANK1   BANK3   BANK2
  1294 ;;      Params:         0       0       0       0       0
  1295 ;;      Locals:         0       0       0       0       0
  1296 ;;      Temps:          0       0       0       0       0
  1297 ;;      Totals:         0       0       0       0       0
  1298 ;;Total ram usage:        0 bytes
  1299 ;; Hardware stack levels used:    1
  1300 ;; This function calls:
  1301 ;;		Nothing
  1302 ;; This function is called by:
  1303 ;;		_isr
  1304 ;; This function uses a non-reentrant model
  1305 ;;
  1306                           
  1307                           
  1308                           ;psect for function i1_read_ADC
  1309  015F                     i1_read_ADC:
  1310  015F                     i1l945:	
  1311                           ;incstack = 0
  1312                           ; Regs used in i1_read_ADC: [wreg]
  1313                           
  1314                           
  1315                           ;libreria_ADC.c: 8:     return ADRESH;
  1316  015F  1283               	bcf	3,5	;RP0=0, select bank0
  1317  0160  1303               	bcf	3,6	;RP1=0, select bank0
  1318  0161  081E               	movf	30,w	;volatile
  1319  0162                     i1l109:
  1320  0162  0008               	return
  1321  0163                     __end_ofi1_read_ADC:
  1322                           
  1323                           	psect	text7
  1324  0150                     __ptext7:	
  1325 ;; *************** function _TABLA *****************
  1326 ;; Defined at:
  1327 ;;		line 9 in file "Tabla_DIS.c"
  1328 ;; Parameters:    Size  Location     Type
  1329 ;;  f               1    wreg     unsigned char 
  1330 ;; Auto vars:     Size  Location     Type
  1331 ;;  f               1    1[COMMON] unsigned char 
  1332 ;;  val             1    2[COMMON] unsigned char 
  1333 ;; Return value:  Size  Location     Type
  1334 ;;                  1    wreg      unsigned char 
  1335 ;; Registers used:
  1336 ;;		wreg, fsr0l, fsr0h, status,2, status,0
  1337 ;; Tracked objects:
  1338 ;;		On entry : 0/0
  1339 ;;		On exit  : 0/0
  1340 ;;		Unchanged: 0/0
  1341 ;; Data sizes:     COMMON   BANK0   BANK1   BANK3   BANK2
  1342 ;;      Params:         0       0       0       0       0
  1343 ;;      Locals:         2       0       0       0       0
  1344 ;;      Temps:          1       0       0       0       0
  1345 ;;      Totals:         3       0       0       0       0
  1346 ;;Total ram usage:        3 bytes
  1347 ;; Hardware stack levels used:    1
  1348 ;; This function calls:
  1349 ;;		Nothing
  1350 ;; This function is called by:
  1351 ;;		_isr
  1352 ;; This function uses a non-reentrant model
  1353 ;;
  1354                           
  1355                           
  1356                           ;psect for function _TABLA
  1357  0150                     _TABLA:
  1358                           
  1359                           ;incstack = 0
  1360                           ; Regs used in _TABLA: [wreg-fsr0h+status,2+status,0]
  1361                           ;TABLA@f stored from wreg
  1362  0150  00F1               	movwf	TABLA@f
  1363  0151                     i1l873:
  1364                           
  1365                           ;Tabla_DIS.c: 9: char TABLA(char f);Tabla_DIS.c: 10: {;Tabla_DIS.c: 11:    char val;;Tab
      +                          la_DIS.c: 12:    val = DISPLAY[f];
  1366  0151  0871               	movf	TABLA@f,w
  1367  0152  3E20               	addlw	(low (_DISPLAY| 0))& (0+255)
  1368  0153  0084               	movwf	4
  1369  0154  1383               	bcf	3,7	;select IRP bank0
  1370  0155  0800               	movf	0,w
  1371  0156  00F0               	movwf	??_TABLA
  1372  0157  0870               	movf	??_TABLA,w
  1373  0158  00F2               	movwf	TABLA@val
  1374  0159                     i1l875:
  1375                           
  1376                           ;Tabla_DIS.c: 13:    return val;
  1377  0159  0872               	movf	TABLA@val,w
  1378  015A                     i1l117:
  1379  015A  0008               	return
  1380  015B                     __end_of_TABLA:
  1381  007E                     btemp	set	126	;btemp
  1382  007E                     wtemp0	set	126
  1383                           
  1384                           	psect	config
  1385                           
  1386                           ;Config register CONFIG1 @ 0x2007
  1387                           ;	Oscillator Selection bits
  1388                           ;	FOSC = INTRC_NOCLKOUT, INTOSCIO oscillator: I/O function on RA6/OSC2/CLKOUT pin, I/O f
      +                          unction on RA7/OSC1/CLKIN
  1389                           ;	Watchdog Timer Enable bit
  1390                           ;	WDTE = OFF, WDT disabled and can be enabled by SWDTEN bit of the WDTCON register
  1391                           ;	Power-up Timer Enable bit
  1392                           ;	PWRTE = OFF, PWRT disabled
  1393                           ;	RE3/MCLR pin function select bit
  1394                           ;	MCLRE = OFF, RE3/MCLR pin function is digital input, MCLR internally tied to VDD
  1395                           ;	Code Protection bit
  1396                           ;	CP = OFF, Program memory code protection is disabled
  1397                           ;	Data Code Protection bit
  1398                           ;	CPD = OFF, Data memory code protection is disabled
  1399                           ;	Brown Out Reset Selection bits
  1400                           ;	BOREN = OFF, BOR disabled
  1401                           ;	Internal External Switchover bit
  1402                           ;	IESO = OFF, Internal/External Switchover mode is disabled
  1403                           ;	Fail-Safe Clock Monitor Enabled bit
  1404                           ;	FCMEN = OFF, Fail-Safe Clock Monitor is disabled
  1405                           ;	Low Voltage Programming Enable bit
  1406                           ;	LVP = OFF, RB3 pin has digital I/O, HV on MCLR must be used for programming
  1407                           ;	In-Circuit Debugger Mode bit
  1408                           ;	DEBUG = 0x1, unprogrammed default
  1409  2007                     	org	8199
  1410  2007  20D4               	dw	8404
  1411                           
  1412                           ;Config register CONFIG2 @ 0x2008
  1413                           ;	Brown-out Reset Selection bit
  1414                           ;	BOR4V = BOR40V, Brown-out Reset set to 4.0V
  1415                           ;	Flash Program Memory Self Write Enable bits
  1416                           ;	WRT = OFF, Write protection off
  1417  2008                     	org	8200
  1418  2008  3FFF               	dw	16383

Data Sizes:
    Strings     0
    Constant    0
    Data        16
    BSS         3
    Persistent  2
    Stack       0

Auto Spaces:
    Space          Size  Autos    Used
    COMMON           14      7      11
    BANK0            80      7      24
    BANK1            80      0       0
    BANK3            96      0       0
    BANK2            96      0       0

Pointer List with Targets:

    None.

Critical Paths under _main in COMMON

    None.

Critical Paths under _isr in COMMON

    _isr->_TABLA

Critical Paths under _main in BANK0

    _main->_swapTwoNibbles

Critical Paths under _isr in BANK0

    None.

Critical Paths under _main in BANK1

    None.

Critical Paths under _isr in BANK1

    None.

Critical Paths under _main in BANK3

    None.

Critical Paths under _isr in BANK3

    None.

Critical Paths under _main in BANK2

    None.

Critical Paths under _isr in BANK2

    None.

Call Graph Tables:

 ---------------------------------------------------------------------------------
 (Depth) Function   	        Calls       Base Space   Used Autos Params    Refs
 ---------------------------------------------------------------------------------
 (0) _main                                                 1     1      0      67
                                              6 BANK0      1     1      0
                           _read_ADC
                              _setup
                     _swapTwoNibbles
 ---------------------------------------------------------------------------------
 (1) _swapTwoNibbles                                       6     6      0      67
                                              0 BANK0      6     6      0
 ---------------------------------------------------------------------------------
 (1) _setup                                                0     0      0       0
                           _conf_ADC
 ---------------------------------------------------------------------------------
 (2) _conf_ADC                                             0     0      0       0
 ---------------------------------------------------------------------------------
 (1) _read_ADC                                             0     0      0       0
 ---------------------------------------------------------------------------------
 Estimated maximum stack depth 2
 ---------------------------------------------------------------------------------
 (Depth) Function   	        Calls       Base Space   Used Autos Params    Refs
 ---------------------------------------------------------------------------------
 (3) _isr                                                  4     4      0      45
                                              3 COMMON     4     4      0
                              _TABLA
                         i1_read_ADC
 ---------------------------------------------------------------------------------
 (4) i1_read_ADC                                           0     0      0       0
 ---------------------------------------------------------------------------------
 (4) _TABLA                                                3     3      0      45
                                              0 COMMON     3     3      0
 ---------------------------------------------------------------------------------
 Estimated maximum stack depth 4
 ---------------------------------------------------------------------------------

 Call Graph Graphs:

 _main (ROOT)
   _read_ADC
   _setup
     _conf_ADC
   _swapTwoNibbles

 _isr (ROOT)
   _TABLA
   i1_read_ADC

 Address spaces:
Name               Size   Autos  Total    Cost      Usage
BANK3               60      0       0       9        0.0%
BITBANK3            60      0       0       8        0.0%
SFR3                 0      0       0       4        0.0%
BITSFR3              0      0       0       4        0.0%
BANK2               60      0       0      11        0.0%
BITBANK2            60      0       0      10        0.0%
SFR2                 0      0       0       5        0.0%
BITSFR2              0      0       0       5        0.0%
BANK1               50      0       0       7        0.0%
BITBANK1            50      0       0       6        0.0%
SFR1                 0      0       0       2        0.0%
BITSFR1              0      0       0       2        0.0%
BANK0               50      7      18       5       30.0%
BITBANK0            50      0       0       4        0.0%
SFR0                 0      0       0       1        0.0%
BITSFR0              0      0       0       1        0.0%
COMMON               E      7       B       1       78.6%
BITCOMMON            E      0       0       0        0.0%
CODE                 0      0       0       0        0.0%
DATA                 0      0      23      12        0.0%
ABS                  0      0      23       3        0.0%
NULL                 0      0       0       0        0.0%
STACK                0      0       0       2        0.0%
EEDATA             100      0       0       0        0.0%


Microchip Technology PIC Macro Assembler V2.31 build 20201012212115 
Symbol Table                                                                                   Mon Jul 19 19:01:58 2021

                      pc 0002                       l90 00FC                       l97 00D4  
                     fsr 0004                      l100 011F                      l112 014F  
                    l109 015E                      l941 011E                      l939 0104  
                    u125 0107                      u230 00FA                      u135 0113  
                    u231 00F9                      _isr 0026                      fsr0 0004  
                    indf 0000               i1_read_ADC 015F                     l1011 0147  
                   l1021 014E                     l1013 0148                     l1023 015B  
                   l1015 0149                     l1031 00A2                     l1017 014A  
                   l1009 0143                     l1041 00B6                     l1033 00A9  
                   l1019 014D                     l1051 00BB                     l1043 00B7  
                   l1035 00AA                     l1027 009D                     l1061 00C1  
                   l1053 00BC                     l1045 00B8                     l1037 00AB  
                   l1029 00A1                     l1071 00CA                     l1063 00C2  
                   l1055 00BD                     l1047 00B9                     l1039 00B3  
                   l1081 00D3                     l1073 00CB                     l1065 00C3  
                   l1057 00BE                     l1049 00BA                     l1075 00CC  
                   l1067 00C8                     l1059 00BF                     l1091 00EE  
                   l1083 00D5                     l1077 00CD                     l1069 00C9  
                   l1093 00FA                     l1085 00DA                     l1079 00D0  
                   l1087 00DD                     l1089 00E2                     ?_isr 0070  
                   _T0IF 005A                     _RBIF 0058                     i1l84 0094  
                   _VAR1 0078                     _VAR2 0077                     _TMR0 0001  
                   _WPUB 0095                     _main 00D5                     btemp 007E  
                   start 000E                    ??_isr 0073                    ?_main 0070  
                  _ANSEL 0188                    i1l117 015A                    i1l109 0162  
                  _TABLA 0150                    i1l951 002A                    i1l873 0151  
                  i1l945 015F                    i1l953 0030                    i1l961 0043  
                  i1l875 0159                    i1l963 0049                    i1l971 0059  
                  i1l955 0034                    i1l981 006B                    i1l973 005A  
                  i1l965 004D                    i1l957 0035                    i1l949 0026  
                  i1l991 0082                    i1l983 006F                    i1l967 004E  
                  i1l959 003E                    i1l975 005E                    i1l993 008C  
                  i1l985 0072                    i1l977 0062                    i1l969 0057  
                  i1l995 0091                    i1l979 0068                    i1l987 0073  
                  i1l989 0079                    u20_20 0079                    u20_21 0078  
                  u21_20 0082                    u21_21 0081                    u14_20 002A  
                  u14_21 0029                    u15_20 0030                    u15_21 002F  
                  u16_20 0049                    u16_21 0048                    u24_27 008E  
                  u17_20 0062                    u17_21 0061                    u18_20 0068  
                  u18_21 0067                    u19_20 006F                    u19_21 006E  
                  _PORTA 0005                    _PORTB 0006                    _PORTC 0007  
                  _PORTD 0008                    _PORTE 0009                    _TRISA 0085  
                  _TRISC 0087                    _TRISD 0088                    _TRISE 0089  
                  _setup 009D                    pclath 000A                    status 0003  
                  wtemp0 007E          __initialization 0011             __end_of_main 0101  
                 ??_main 0036                   ?_TABLA 0070                   TABLA@f 0071  
                 _ADRESH 001E              ?i1_read_ADC 0070                   ?_setup 0070  
                 _ANSELH 0189           _swapTwoNibbles 0101         __end_of_conf_ADC 0150  
       __end_of_read_ADC 015F        swapTwoNibbles@num 0034                   saved_w 007E  
 __end_of_swapTwoNibbles 0120  __end_of__initialization 0022            __end_of_TABLA 015B  
         __pcstackCOMMON 0070             __pidataBANK0 0133            __end_of_setup 00D5  
    __size_ofi1_read_ADC 0004                  ??_TABLA 0070           _OPTION_REGbits 0081  
        ?_swapTwoNibbles 0070                  ??_setup 0030               __pbssBANK0 0037  
             __pnvCOMMON 0077               __pmaintext 00D5               __pintentry 0004  
                _DISPLAY 0020                ?_conf_ADC 0070                ?_read_ADC 0070  
                __ptext1 0101                  __ptext2 009D                  __ptext3 0143  
                __ptext4 015B                  __ptext5 0026                  __ptext6 015F  
                __ptext7 0150             __size_of_isr 0077               ??_conf_ADC 0030  
           ??i1_read_ADC 0070     end_of_initialization 0022               ??_read_ADC 0030  
     __end_ofi1_read_ADC 0163                _PORTBbits 0006                _PORTEbits 0009  
              _TRISBbits 0086         ??_swapTwoNibbles 0030      start_initialization 0011  
            __end_of_isr 009D               init_fetch0 0120              __pdataBANK0 0020  
            __pbssCOMMON 0079                ___latbits 0002            __pcstackBANK0 0030  
               TABLA@val 0072        __size_of_conf_ADC 000D        __size_of_read_ADC 0004  
         __size_of_TABLA 000B           __size_of_setup 0038                 _GUARDADO 0037  
      interrupt_function 0004                 _IOCBbits 0096                 _PIE1bits 008C  
               _PIR1bits 000C               _ADCON0bits 001F               _ADCON1bits 009F  
           _MULTIPLEXADO 0079          swapTwoNibbles@n 0035                 _conf_ADC 0143  
               _read_ADC 015B            __size_of_main 002C               _INTCONbits 000B  
               init_ram0 0124                 intlevel1 0000               _OSCCONbits 008F  
__size_of_swapTwoNibbles 001F  
