

Microchip MPLAB XC8 Assembler V2.31 build 20201012212115 
                                                                                               Sun Aug 08 16:38:35 2021

Microchip MPLAB XC8 C Compiler v2.31 (Free license) build 20201012212115 Og1 
     1                           	processor	16F887
     2                           	pagewidth 120
     3                           	opt	flic
     4                           	psect	cinit,global,class=CODE,merge=1,delta=2
     5                           	psect	bssCOMMON,global,class=COMMON,space=1,delta=1,noexec
     6                           	psect	cstackCOMMON,global,class=COMMON,space=1,delta=1,noexec
     7                           	psect	maintext,global,class=CODE,split=1,delta=2
     8                           	psect	text1,local,class=CODE,merge=1,delta=2
     9                           	psect	text2,local,class=CODE,merge=1,delta=2
    10                           	psect	text3,local,class=CODE,merge=1,delta=2
    11                           	psect	intentry,global,class=CODE,delta=2
    12                           	psect	config,global,abs,ovrld,class=CONFIG,space=4,delta=2,noexec
    13                           	dabs	1,0x7E,2
    14  0000                     
    15                           ; Version 2.20
    16                           ; Generated 12/02/2020 GMT
    17                           ; 
    18                           ; Copyright © 2020, Microchip Technology Inc. and its subsidiaries ("Microchip")
    19                           ; All rights reserved.
    20                           ; 
    21                           ; This software is developed by Microchip Technology Inc. and its subsidiaries ("Microch
      +                          ip").
    22                           ; 
    23                           ; Redistribution and use in source and binary forms, with or without modification, are
    24                           ; permitted provided that the following conditions are met:
    25                           ; 
    26                           ;     1. Redistributions of source code must retain the above copyright notice, this lis
      +                          t of
    27                           ;        conditions and the following disclaimer.
    28                           ; 
    29                           ;     2. Redistributions in binary form must reproduce the above copyright notice, this 
      +                          list
    30                           ;        of conditions and the following disclaimer in the documentation and/or other
    31                           ;        materials provided with the distribution.
    32                           ; 
    33                           ;     3. Microchip's name may not be used to endorse or promote products derived from th
      +                          is
    34                           ;        software without specific prior written permission.
    35                           ; 
    36                           ; THIS SOFTWARE IS PROVIDED BY MICROCHIP "AS IS" AND ANY EXPRESS OR IMPLIED WARRANTIES,
    37                           ; INCLUDING, BUT NOT LIMITED TO, THE IMPLIED WARRANTIES OF MERCHANTABILITY AND FITNESS F
      +                          OR
    38                           ; PURPOSE ARE DISCLAIMED.  IN NO EVENT SHALL MICROCHIP BE LIABLE FOR ANY DIRECT, INDIREC
      +                          T,
    39                           ; INCIDENTAL, SPECIAL, EXEMPLARY, OR CONSEQUENTIAL DAMAGES (INCLUDING BUT NOT LIMITED TO
    40                           ; PROCUREMENT OF SUBSTITUTE GOODS OR SERVICES; LOSS OF USE, DATA OR PROFITS; OR BUSINESS
    41                           ; INTERRUPTION) HOWSOEVER CAUSED AND ON ANY THEORY OF LIABILITY, WHETHER IN CONTRACT, ST
      +                          RICT
    42                           ; LIABILITY, OR TORT (INCLUDING NEGLIGENCE OR OTHERWISE) ARISING IN ANY WAY OUT OF THE U
      +                          SE OF
    43                           ; THIS SOFTWARE, EVEN IF ADVISED OF THE POSSIBILITY OF SUCH DAMAGE.
    44                           ; 
    45                           ; 
    46                           ; Code-generator required, PIC16F887 Definitions
    47                           ; 
    48                           ; SFR Addresses
    49  0000                     	;# 
    50  0001                     	;# 
    51  0002                     	;# 
    52  0003                     	;# 
    53  0004                     	;# 
    54  0005                     	;# 
    55  0006                     	;# 
    56  0007                     	;# 
    57  0008                     	;# 
    58  0009                     	;# 
    59  000A                     	;# 
    60  000B                     	;# 
    61  000C                     	;# 
    62  000D                     	;# 
    63  000E                     	;# 
    64  000E                     	;# 
    65  000F                     	;# 
    66  0010                     	;# 
    67  0011                     	;# 
    68  0012                     	;# 
    69  0013                     	;# 
    70  0014                     	;# 
    71  0015                     	;# 
    72  0015                     	;# 
    73  0016                     	;# 
    74  0017                     	;# 
    75  0018                     	;# 
    76  0019                     	;# 
    77  001A                     	;# 
    78  001B                     	;# 
    79  001B                     	;# 
    80  001C                     	;# 
    81  001D                     	;# 
    82  001E                     	;# 
    83  001F                     	;# 
    84  0081                     	;# 
    85  0085                     	;# 
    86  0086                     	;# 
    87  0087                     	;# 
    88  0088                     	;# 
    89  0089                     	;# 
    90  008C                     	;# 
    91  008D                     	;# 
    92  008E                     	;# 
    93  008F                     	;# 
    94  0090                     	;# 
    95  0091                     	;# 
    96  0092                     	;# 
    97  0093                     	;# 
    98  0093                     	;# 
    99  0093                     	;# 
   100  0094                     	;# 
   101  0095                     	;# 
   102  0096                     	;# 
   103  0097                     	;# 
   104  0098                     	;# 
   105  0099                     	;# 
   106  009A                     	;# 
   107  009B                     	;# 
   108  009C                     	;# 
   109  009D                     	;# 
   110  009E                     	;# 
   111  009F                     	;# 
   112  0105                     	;# 
   113  0107                     	;# 
   114  0108                     	;# 
   115  0109                     	;# 
   116  010C                     	;# 
   117  010C                     	;# 
   118  010D                     	;# 
   119  010E                     	;# 
   120  010F                     	;# 
   121  0185                     	;# 
   122  0187                     	;# 
   123  0188                     	;# 
   124  0189                     	;# 
   125  018C                     	;# 
   126  018D                     	;# 
   127  0000                     	;# 
   128  0001                     	;# 
   129  0002                     	;# 
   130  0003                     	;# 
   131  0004                     	;# 
   132  0005                     	;# 
   133  0006                     	;# 
   134  0007                     	;# 
   135  0008                     	;# 
   136  0009                     	;# 
   137  000A                     	;# 
   138  000B                     	;# 
   139  000C                     	;# 
   140  000D                     	;# 
   141  000E                     	;# 
   142  000E                     	;# 
   143  000F                     	;# 
   144  0010                     	;# 
   145  0011                     	;# 
   146  0012                     	;# 
   147  0013                     	;# 
   148  0014                     	;# 
   149  0015                     	;# 
   150  0015                     	;# 
   151  0016                     	;# 
   152  0017                     	;# 
   153  0018                     	;# 
   154  0019                     	;# 
   155  001A                     	;# 
   156  001B                     	;# 
   157  001B                     	;# 
   158  001C                     	;# 
   159  001D                     	;# 
   160  001E                     	;# 
   161  001F                     	;# 
   162  0081                     	;# 
   163  0085                     	;# 
   164  0086                     	;# 
   165  0087                     	;# 
   166  0088                     	;# 
   167  0089                     	;# 
   168  008C                     	;# 
   169  008D                     	;# 
   170  008E                     	;# 
   171  008F                     	;# 
   172  0090                     	;# 
   173  0091                     	;# 
   174  0092                     	;# 
   175  0093                     	;# 
   176  0093                     	;# 
   177  0093                     	;# 
   178  0094                     	;# 
   179  0095                     	;# 
   180  0096                     	;# 
   181  0097                     	;# 
   182  0098                     	;# 
   183  0099                     	;# 
   184  009A                     	;# 
   185  009B                     	;# 
   186  009C                     	;# 
   187  009D                     	;# 
   188  009E                     	;# 
   189  009F                     	;# 
   190  0105                     	;# 
   191  0107                     	;# 
   192  0108                     	;# 
   193  0109                     	;# 
   194  010C                     	;# 
   195  010C                     	;# 
   196  010D                     	;# 
   197  010E                     	;# 
   198  010F                     	;# 
   199  0185                     	;# 
   200  0187                     	;# 
   201  0188                     	;# 
   202  0189                     	;# 
   203  018C                     	;# 
   204  018D                     	;# 
   205  0000                     	;# 
   206  0001                     	;# 
   207  0002                     	;# 
   208  0003                     	;# 
   209  0004                     	;# 
   210  0005                     	;# 
   211  0006                     	;# 
   212  0007                     	;# 
   213  0008                     	;# 
   214  0009                     	;# 
   215  000A                     	;# 
   216  000B                     	;# 
   217  000C                     	;# 
   218  000D                     	;# 
   219  000E                     	;# 
   220  000E                     	;# 
   221  000F                     	;# 
   222  0010                     	;# 
   223  0011                     	;# 
   224  0012                     	;# 
   225  0013                     	;# 
   226  0014                     	;# 
   227  0015                     	;# 
   228  0015                     	;# 
   229  0016                     	;# 
   230  0017                     	;# 
   231  0018                     	;# 
   232  0019                     	;# 
   233  001A                     	;# 
   234  001B                     	;# 
   235  001B                     	;# 
   236  001C                     	;# 
   237  001D                     	;# 
   238  001E                     	;# 
   239  001F                     	;# 
   240  0081                     	;# 
   241  0085                     	;# 
   242  0086                     	;# 
   243  0087                     	;# 
   244  0088                     	;# 
   245  0089                     	;# 
   246  008C                     	;# 
   247  008D                     	;# 
   248  008E                     	;# 
   249  008F                     	;# 
   250  0090                     	;# 
   251  0091                     	;# 
   252  0092                     	;# 
   253  0093                     	;# 
   254  0093                     	;# 
   255  0093                     	;# 
   256  0094                     	;# 
   257  0095                     	;# 
   258  0096                     	;# 
   259  0097                     	;# 
   260  0098                     	;# 
   261  0099                     	;# 
   262  009A                     	;# 
   263  009B                     	;# 
   264  009C                     	;# 
   265  009D                     	;# 
   266  009E                     	;# 
   267  009F                     	;# 
   268  0105                     	;# 
   269  0107                     	;# 
   270  0108                     	;# 
   271  0109                     	;# 
   272  010C                     	;# 
   273  010C                     	;# 
   274  010D                     	;# 
   275  010E                     	;# 
   276  010F                     	;# 
   277  0185                     	;# 
   278  0187                     	;# 
   279  0188                     	;# 
   280  0189                     	;# 
   281  018C                     	;# 
   282  018D                     	;# 
   283  0005                     _PORTA	set	5
   284  0006                     _PORTB	set	6
   285  001E                     _ADRESH	set	30
   286  001F                     _ADCON0bits	set	31
   287  0014                     _SSPCONbits	set	20
   288  000C                     _PIR1bits	set	12
   289  0013                     _SSPBUF	set	19
   290  0014                     _SSPCON	set	20
   291  0063                     _SSPIF	set	99
   292  005E                     _PEIE	set	94
   293  005F                     _GIE	set	95
   294  008C                     _PIE1bits	set	140
   295  008F                     _OSCCONbits	set	143
   296  009F                     _ADCON1bits	set	159
   297  0086                     _TRISB	set	134
   298  0085                     _TRISA	set	133
   299  0094                     _SSPSTATbits	set	148
   300  0091                     _SSPCON2bits	set	145
   301  0087                     _TRISCbits	set	135
   302  0094                     _SSPSTAT	set	148
   303  0093                     _SSPADD	set	147
   304  0091                     _SSPCON2	set	145
   305  04A0                     _BF	set	1184
   306  0463                     _SSPIE	set	1123
   307  043C                     _TRISC4	set	1084
   308  043B                     _TRISC3	set	1083
   309  0189                     _ANSELH	set	393
   310  0188                     _ANSEL	set	392
   311                           
   312                           	psect	cinit
   313  000F                     start_initialization:	
   314                           ; #config settings
   315                           
   316  000F                     __initialization:
   317                           
   318                           ; Clear objects allocated to COMMON
   319  000F  01F7               	clrf	__pbssCOMMON& (0+127)
   320  0010  01F8               	clrf	(__pbssCOMMON+1)& (0+127)
   321  0011  01F9               	clrf	(__pbssCOMMON+2)& (0+127)
   322  0012                     end_of_initialization:	
   323                           ;End of C runtime variable initialization code
   324                           
   325  0012                     __end_of__initialization:
   326  0012  0183               	clrf	3
   327  0013  120A  118A  28C7   	ljmp	_main	;jump to C main() function
   328                           
   329                           	psect	bssCOMMON
   330  0077                     __pbssCOMMON:
   331  0077                     _GUARDADO:
   332  0077                     	ds	1
   333  0078                     _dato:
   334  0078                     	ds	1
   335  0079                     _z:
   336  0079                     	ds	1
   337                           
   338                           	psect	cstackCOMMON
   339  0070                     __pcstackCOMMON:
   340  0070                     ?_setup:
   341  0070                     ?_I2C_Slave_Init:	
   342                           ; 1 bytes @ 0x0
   343                           
   344  0070                     ?_isr:	
   345                           ; 1 bytes @ 0x0
   346                           
   347  0070                     ??_isr:	
   348                           ; 1 bytes @ 0x0
   349                           
   350  0070                     ?_main:	
   351                           ; 1 bytes @ 0x0
   352                           
   353                           
   354                           ; 1 bytes @ 0x0
   355  0070                     	ds	3
   356  0073                     ??_I2C_Slave_Init:
   357  0073                     I2C_Slave_Init@address:	
   358                           ; 1 bytes @ 0x3
   359                           
   360                           
   361                           ; 1 bytes @ 0x3
   362  0073                     	ds	1
   363  0074                     ??_setup:
   364  0074                     ??_main:	
   365                           ; 1 bytes @ 0x4
   366                           
   367                           
   368                           ; 1 bytes @ 0x4
   369  0074                     	ds	3
   370                           
   371                           	psect	maintext
   372  00C7                     __pmaintext:	
   373 ;;
   374 ;;Main: autosize = 0, tempsize = 3, incstack = 0, save=0
   375 ;;
   376 ;; *************** function _main *****************
   377 ;; Defined at:
   378 ;;		line 93 in file "I2CESCLAVO.c"
   379 ;; Parameters:    Size  Location     Type
   380 ;;		None
   381 ;; Auto vars:     Size  Location     Type
   382 ;;		None
   383 ;; Return value:  Size  Location     Type
   384 ;;                  1    wreg      void 
   385 ;; Registers used:
   386 ;;		wreg, status,2, status,0, pclath, cstack
   387 ;; Tracked objects:
   388 ;;		On entry : B00/0
   389 ;;		On exit  : 0/0
   390 ;;		Unchanged: 0/0
   391 ;; Data sizes:     COMMON   BANK0   BANK1   BANK3   BANK2
   392 ;;      Params:         0       0       0       0       0
   393 ;;      Locals:         0       0       0       0       0
   394 ;;      Temps:          3       0       0       0       0
   395 ;;      Totals:         3       0       0       0       0
   396 ;;Total ram usage:        3 bytes
   397 ;; Hardware stack levels required when called:    3
   398 ;; This function calls:
   399 ;;		_setup
   400 ;; This function is called by:
   401 ;;		Startup code after reset
   402 ;; This function uses a non-reentrant model
   403 ;;
   404                           
   405                           
   406                           ;psect for function _main
   407  00C7                     _main:
   408  00C7                     l860:	
   409                           ;incstack = 0
   410                           ; Regs used in _main: [wreg+status,2+status,0+pclath+cstack]
   411                           
   412                           
   413                           ;I2CESCLAVO.c: 94:     setup();
   414  00C7  120A  118A  209C  120A  118A  	fcall	_setup
   415  00CC                     l862:
   416                           
   417                           ;I2CESCLAVO.c: 99:         ADCON0bits.GO = 1;
   418  00CC  1283               	bcf	3,5	;RP0=0, select bank0
   419  00CD  1303               	bcf	3,6	;RP1=0, select bank0
   420  00CE  149F               	bsf	31,1	;volatile
   421  00CF                     l864:
   422                           
   423                           ;I2CESCLAVO.c: 100:         PORTB = GUARDADO;
   424  00CF  0877               	movf	_GUARDADO,w
   425  00D0  0086               	movwf	6	;volatile
   426  00D1                     l866:
   427                           
   428                           ;I2CESCLAVO.c: 101:        _delay((unsigned long)((100)*(8000000/4000.0)));
   429  00D1  3002               	movlw	2
   430  00D2  00F6               	movwf	??_main+2
   431  00D3  3004               	movlw	4
   432  00D4  00F5               	movwf	??_main+1
   433  00D5  30BA               	movlw	186
   434  00D6  00F4               	movwf	??_main
   435  00D7                     u167:
   436  00D7  0BF4               	decfsz	??_main,f
   437  00D8  28D7               	goto	u167
   438  00D9  0BF5               	decfsz	??_main+1,f
   439  00DA  28D7               	goto	u167
   440  00DB  0BF6               	decfsz	??_main+2,f
   441  00DC  28D7               	goto	u167
   442  00DD  0000               	nop
   443  00DE  28CC               	goto	l862
   444  00DF  120A  118A  280C   	ljmp	start
   445  00E2                     __end_of_main:
   446                           
   447                           	psect	text1
   448  009C                     __ptext1:	
   449 ;; *************** function _setup *****************
   450 ;; Defined at:
   451 ;;		line 108 in file "I2CESCLAVO.c"
   452 ;; Parameters:    Size  Location     Type
   453 ;;		None
   454 ;; Auto vars:     Size  Location     Type
   455 ;;		None
   456 ;; Return value:  Size  Location     Type
   457 ;;                  1    wreg      void 
   458 ;; Registers used:
   459 ;;		wreg, status,2, status,0, pclath, cstack
   460 ;; Tracked objects:
   461 ;;		On entry : 0/0
   462 ;;		On exit  : 0/0
   463 ;;		Unchanged: 0/0
   464 ;; Data sizes:     COMMON   BANK0   BANK1   BANK3   BANK2
   465 ;;      Params:         0       0       0       0       0
   466 ;;      Locals:         0       0       0       0       0
   467 ;;      Temps:          0       0       0       0       0
   468 ;;      Totals:         0       0       0       0       0
   469 ;;Total ram usage:        0 bytes
   470 ;; Hardware stack levels used:    1
   471 ;; Hardware stack levels required when called:    2
   472 ;; This function calls:
   473 ;;		_I2C_Slave_Init
   474 ;; This function is called by:
   475 ;;		_main
   476 ;; This function uses a non-reentrant model
   477 ;;
   478                           
   479                           
   480                           ;psect for function _setup
   481  009C                     _setup:
   482  009C                     l740:	
   483                           ;incstack = 0
   484                           ; Regs used in _setup: [wreg+status,2+status,0+pclath+cstack]
   485                           
   486                           
   487                           ;I2CESCLAVO.c: 109:     ANSEL = 0b00000001;
   488  009C  3001               	movlw	1
   489  009D  1683               	bsf	3,5	;RP0=1, select bank3
   490  009E  1703               	bsf	3,6	;RP1=1, select bank3
   491  009F  0088               	movwf	8	;volatile
   492  00A0                     l742:
   493                           
   494                           ;I2CESCLAVO.c: 110:     ANSELH = 0;
   495  00A0  0189               	clrf	9	;volatile
   496  00A1                     l744:
   497                           
   498                           ;I2CESCLAVO.c: 112:     TRISA = 0xff;
   499  00A1  30FF               	movlw	255
   500  00A2  1683               	bsf	3,5	;RP0=1, select bank1
   501  00A3  1303               	bcf	3,6	;RP1=0, select bank1
   502  00A4  0085               	movwf	5	;volatile
   503                           
   504                           ;I2CESCLAVO.c: 113:     TRISB = 0x00;
   505  00A5  0186               	clrf	6	;volatile
   506  00A6                     l746:
   507                           
   508                           ;I2CESCLAVO.c: 117:     ADCON0bits.CHS = 0;
   509  00A6  30C3               	movlw	-61
   510  00A7  1283               	bcf	3,5	;RP0=0, select bank0
   511  00A8  1303               	bcf	3,6	;RP1=0, select bank0
   512  00A9  059F               	andwf	31,f	;volatile
   513  00AA                     l748:
   514                           
   515                           ;I2CESCLAVO.c: 119:     ADCON0bits.ADCS1 = 1;
   516  00AA  179F               	bsf	31,7	;volatile
   517  00AB                     l750:
   518                           
   519                           ;I2CESCLAVO.c: 120:     ADCON0bits.ADCS0 = 1;
   520  00AB  171F               	bsf	31,6	;volatile
   521  00AC                     l752:
   522                           
   523                           ;I2CESCLAVO.c: 122:     ADCON0bits.ADON = 1;
   524  00AC  141F               	bsf	31,0	;volatile
   525  00AD                     l754:
   526                           
   527                           ;I2CESCLAVO.c: 124:     ADCON1bits.ADFM = 0;
   528  00AD  1683               	bsf	3,5	;RP0=1, select bank1
   529  00AE  1303               	bcf	3,6	;RP1=0, select bank1
   530  00AF  139F               	bcf	31,7	;volatile
   531  00B0                     l756:
   532                           
   533                           ;I2CESCLAVO.c: 125:     ADCON1bits.VCFG0 = 0;
   534  00B0  121F               	bcf	31,4	;volatile
   535  00B1                     l758:
   536                           
   537                           ;I2CESCLAVO.c: 126:     ADCON1bits.VCFG1 = 0;
   538  00B1  129F               	bcf	31,5	;volatile
   539  00B2                     l760:
   540                           
   541                           ;I2CESCLAVO.c: 129:     OSCCONbits.IRCF2 = 1;
   542  00B2  170F               	bsf	15,6	;volatile
   543  00B3                     l762:
   544                           
   545                           ;I2CESCLAVO.c: 130:     OSCCONbits.IRCF1 = 1;
   546  00B3  168F               	bsf	15,5	;volatile
   547  00B4                     l764:
   548                           
   549                           ;I2CESCLAVO.c: 131:     OSCCONbits.IRCF0 = 1;
   550  00B4  160F               	bsf	15,4	;volatile
   551  00B5                     l766:
   552                           
   553                           ;I2CESCLAVO.c: 132:     OSCCONbits.SCS = 1;
   554  00B5  140F               	bsf	15,0	;volatile
   555  00B6                     l768:
   556                           
   557                           ;I2CESCLAVO.c: 133:     I2C_Slave_Init(0x50);
   558  00B6  3050               	movlw	80
   559  00B7  120A  118A  20E2  120A  118A  	fcall	_I2C_Slave_Init
   560  00BC                     l770:
   561                           
   562                           ;I2CESCLAVO.c: 136:     PIR1bits.ADIF = 0;
   563  00BC  1283               	bcf	3,5	;RP0=0, select bank0
   564  00BD  1303               	bcf	3,6	;RP1=0, select bank0
   565  00BE  130C               	bcf	12,6	;volatile
   566  00BF                     l772:
   567                           
   568                           ;I2CESCLAVO.c: 137:     PIE1bits.ADIE = 1;
   569  00BF  1683               	bsf	3,5	;RP0=1, select bank1
   570  00C0  1303               	bcf	3,6	;RP1=0, select bank1
   571  00C1  170C               	bsf	12,6	;volatile
   572  00C2                     l774:
   573                           
   574                           ;I2CESCLAVO.c: 139:     PORTA = 0X00;
   575  00C2  1283               	bcf	3,5	;RP0=0, select bank0
   576  00C3  1303               	bcf	3,6	;RP1=0, select bank0
   577  00C4  0185               	clrf	5	;volatile
   578  00C5                     l776:
   579                           
   580                           ;I2CESCLAVO.c: 140:     PORTB = 0x00;
   581  00C5  0186               	clrf	6	;volatile
   582  00C6                     l130:
   583  00C6  0008               	return
   584  00C7                     __end_of_setup:
   585                           
   586                           	psect	text2
   587  00E2                     __ptext2:	
   588 ;; *************** function _I2C_Slave_Init *****************
   589 ;; Defined at:
   590 ;;		line 88 in file "I2C.c"
   591 ;; Parameters:    Size  Location     Type
   592 ;;  address         1    wreg     unsigned char 
   593 ;; Auto vars:     Size  Location     Type
   594 ;;  address         1    3[COMMON] unsigned char 
   595 ;; Return value:  Size  Location     Type
   596 ;;                  1    wreg      void 
   597 ;; Registers used:
   598 ;;		wreg
   599 ;; Tracked objects:
   600 ;;		On entry : 0/0
   601 ;;		On exit  : 0/0
   602 ;;		Unchanged: 0/0
   603 ;; Data sizes:     COMMON   BANK0   BANK1   BANK3   BANK2
   604 ;;      Params:         0       0       0       0       0
   605 ;;      Locals:         1       0       0       0       0
   606 ;;      Temps:          0       0       0       0       0
   607 ;;      Totals:         1       0       0       0       0
   608 ;;Total ram usage:        1 bytes
   609 ;; Hardware stack levels used:    1
   610 ;; Hardware stack levels required when called:    1
   611 ;; This function calls:
   612 ;;		Nothing
   613 ;; This function is called by:
   614 ;;		_setup
   615 ;; This function uses a non-reentrant model
   616 ;;
   617                           
   618                           
   619                           ;psect for function _I2C_Slave_Init
   620  00E2                     _I2C_Slave_Init:
   621                           
   622                           ;incstack = 0
   623                           ; Regs used in _I2C_Slave_Init: [wreg]
   624                           ;I2C_Slave_Init@address stored from wreg
   625  00E2  00F3               	movwf	I2C_Slave_Init@address
   626  00E3                     l722:
   627                           
   628                           ;I2C.c: 88: void I2C_Slave_Init(uint8_t address);I2C.c: 89: {;I2C.c: 90:     SSPADD = ad
      +                          dress;
   629  00E3  0873               	movf	I2C_Slave_Init@address,w
   630  00E4  1683               	bsf	3,5	;RP0=1, select bank1
   631  00E5  1303               	bcf	3,6	;RP1=0, select bank1
   632  00E6  0093               	movwf	19	;volatile
   633                           
   634                           ;I2C.c: 91:     SSPCON = 0x36;
   635  00E7  3036               	movlw	54
   636  00E8  1283               	bcf	3,5	;RP0=0, select bank0
   637  00E9  1303               	bcf	3,6	;RP1=0, select bank0
   638  00EA  0094               	movwf	20	;volatile
   639                           
   640                           ;I2C.c: 92:     SSPSTAT = 0x80;
   641  00EB  3080               	movlw	128
   642  00EC  1683               	bsf	3,5	;RP0=1, select bank1
   643  00ED  1303               	bcf	3,6	;RP1=0, select bank1
   644  00EE  0094               	movwf	20	;volatile
   645                           
   646                           ;I2C.c: 93:     SSPCON2 = 0x01;
   647  00EF  3001               	movlw	1
   648  00F0  0091               	movwf	17	;volatile
   649  00F1                     l724:
   650                           
   651                           ;I2C.c: 94:     TRISC3 = 1;
   652  00F1  1587               	bsf	7,3	;volatile
   653  00F2                     l726:
   654                           
   655                           ;I2C.c: 95:     TRISC4 = 1;
   656  00F2  1607               	bsf	7,4	;volatile
   657  00F3                     l728:
   658                           
   659                           ;I2C.c: 96:     GIE = 1;
   660  00F3  178B               	bsf	11,7	;volatile
   661  00F4                     l730:
   662                           
   663                           ;I2C.c: 97:     PEIE = 1;
   664  00F4  170B               	bsf	11,6	;volatile
   665  00F5                     l732:
   666                           
   667                           ;I2C.c: 98:     SSPIF = 0;
   668  00F5  1283               	bcf	3,5	;RP0=0, select bank0
   669  00F6  1303               	bcf	3,6	;RP1=0, select bank0
   670  00F7  118C               	bcf	12,3	;volatile
   671  00F8                     l734:
   672                           
   673                           ;I2C.c: 99:     SSPIE = 1;
   674  00F8  1683               	bsf	3,5	;RP0=1, select bank1
   675  00F9  1303               	bcf	3,6	;RP1=0, select bank1
   676  00FA  158C               	bsf	12,3	;volatile
   677  00FB                     l55:
   678  00FB  0008               	return
   679  00FC                     __end_of_I2C_Slave_Init:
   680                           
   681                           	psect	text3
   682  0016                     __ptext3:	
   683 ;; *************** function _isr *****************
   684 ;; Defined at:
   685 ;;		line 47 in file "I2CESCLAVO.c"
   686 ;; Parameters:    Size  Location     Type
   687 ;;		None
   688 ;; Auto vars:     Size  Location     Type
   689 ;;		None
   690 ;; Return value:  Size  Location     Type
   691 ;;                  1    wreg      void 
   692 ;; Registers used:
   693 ;;		wreg, status,2, status,0
   694 ;; Tracked objects:
   695 ;;		On entry : 0/0
   696 ;;		On exit  : 0/0
   697 ;;		Unchanged: 0/0
   698 ;; Data sizes:     COMMON   BANK0   BANK1   BANK3   BANK2
   699 ;;      Params:         0       0       0       0       0
   700 ;;      Locals:         0       0       0       0       0
   701 ;;      Temps:          3       0       0       0       0
   702 ;;      Totals:         3       0       0       0       0
   703 ;;Total ram usage:        3 bytes
   704 ;; Hardware stack levels used:    1
   705 ;; This function calls:
   706 ;;		Nothing
   707 ;; This function is called by:
   708 ;;		Interrupt level 1
   709 ;; This function uses a non-reentrant model
   710 ;;
   711                           
   712                           
   713                           ;psect for function _isr
   714  0016                     _isr:
   715  0016                     i1l818:
   716                           
   717                           ;I2CESCLAVO.c: 48:    if(PIR1bits.SSPIF == 1){
   718  0016  1283               	bcf	3,5	;RP0=0, select bank0
   719  0017  1303               	bcf	3,6	;RP1=0, select bank0
   720  0018  1D8C               	btfss	12,3	;volatile
   721  0019  281B               	goto	u5_21
   722  001A  281C               	goto	u5_20
   723  001B                     u5_21:
   724  001B  287D               	goto	i1l104
   725  001C                     u5_20:
   726  001C                     i1l820:
   727                           
   728                           ;I2CESCLAVO.c: 50:         SSPCONbits.CKP = 0;
   729  001C  1214               	bcf	20,4	;volatile
   730                           
   731                           ;I2CESCLAVO.c: 52:         if ((SSPCONbits.SSPOV) || (SSPCONbits.WCOL)){
   732  001D  1B14               	btfsc	20,6	;volatile
   733  001E  2820               	goto	u6_21
   734  001F  2821               	goto	u6_20
   735  0020                     u6_21:
   736  0020  2825               	goto	i1l824
   737  0021                     u6_20:
   738  0021                     i1l822:
   739  0021  1F94               	btfss	20,7	;volatile
   740  0022  2824               	goto	u7_21
   741  0023  2825               	goto	u7_20
   742  0024                     u7_21:
   743  0024  282C               	goto	i1l832
   744  0025                     u7_20:
   745  0025                     i1l824:
   746                           
   747                           ;I2CESCLAVO.c: 53:             z = SSPBUF;
   748  0025  0813               	movf	19,w	;volatile
   749  0026  00F0               	movwf	??_isr
   750  0027  0870               	movf	??_isr,w
   751  0028  00F9               	movwf	_z
   752  0029                     i1l826:
   753                           
   754                           ;I2CESCLAVO.c: 54:             SSPCONbits.SSPOV = 0;
   755  0029  1314               	bcf	20,6	;volatile
   756  002A                     i1l828:
   757                           
   758                           ;I2CESCLAVO.c: 55:             SSPCONbits.WCOL = 0;
   759  002A  1394               	bcf	20,7	;volatile
   760  002B                     i1l830:
   761                           
   762                           ;I2CESCLAVO.c: 56:             SSPCONbits.CKP = 1;
   763  002B  1614               	bsf	20,4	;volatile
   764  002C                     i1l832:
   765                           
   766                           ;I2CESCLAVO.c: 59:         if(!SSPSTATbits.D_nA && !SSPSTATbits.R_nW) {
   767  002C  1683               	bsf	3,5	;RP0=1, select bank1
   768  002D  1303               	bcf	3,6	;RP1=0, select bank1
   769  002E  1A94               	btfsc	20,5	;volatile
   770  002F  2831               	goto	u8_21
   771  0030  2832               	goto	u8_20
   772  0031                     u8_21:
   773  0031  2859               	goto	i1l108
   774  0032                     u8_20:
   775  0032                     i1l834:
   776  0032  1914               	btfsc	20,2	;volatile
   777  0033  2835               	goto	u9_21
   778  0034  2836               	goto	u9_20
   779  0035                     u9_21:
   780  0035  2859               	goto	i1l108
   781  0036                     u9_20:
   782  0036                     i1l836:
   783                           
   784                           ;I2CESCLAVO.c: 60:             _delay((unsigned long)((7)*(8000000/4000000.0)));
   785  0036  3004               	movlw	4
   786  0037  00F0               	movwf	??_isr
   787  0038                     u17_27:
   788  0038  0BF0               	decfsz	??_isr,f
   789  0039  2838               	goto	u17_27
   790  003A  0000               	nop
   791                           
   792                           ;I2CESCLAVO.c: 61:             z = SSPBUF;
   793  003B  1283               	bcf	3,5	;RP0=0, select bank0
   794  003C  1303               	bcf	3,6	;RP1=0, select bank0
   795  003D  0813               	movf	19,w	;volatile
   796  003E  00F0               	movwf	??_isr
   797  003F  0870               	movf	??_isr,w
   798  0040  00F9               	movwf	_z
   799  0041                     i1l838:
   800                           
   801                           ;I2CESCLAVO.c: 62:             _delay((unsigned long)((2)*(8000000/4000000.0)));
   802  0041  2842               	nop2	;2 cycle nop
   803  0042  2843               	nop2	;2 cycle nop
   804  0043                     i1l840:
   805                           
   806                           ;I2CESCLAVO.c: 63:             PIR1bits.SSPIF = 0;
   807  0043  1283               	bcf	3,5	;RP0=0, select bank0
   808  0044  1303               	bcf	3,6	;RP1=0, select bank0
   809  0045  118C               	bcf	12,3	;volatile
   810  0046                     i1l842:
   811                           
   812                           ;I2CESCLAVO.c: 64:             SSPCONbits.CKP = 1;
   813  0046  1614               	bsf	20,4	;volatile
   814  0047                     i1l109:	
   815                           ;I2CESCLAVO.c: 65:             while(!SSPSTATbits.BF);
   816                           
   817  0047  1683               	bsf	3,5	;RP0=1, select bank1
   818  0048  1303               	bcf	3,6	;RP1=0, select bank1
   819  0049  1C14               	btfss	20,0	;volatile
   820  004A  284C               	goto	u10_21
   821  004B  284D               	goto	u10_20
   822  004C                     u10_21:
   823  004C  2847               	goto	i1l109
   824  004D                     u10_20:
   825  004D                     i1l844:
   826                           
   827                           ;I2CESCLAVO.c: 66:             GUARDADO = SSPBUF;
   828  004D  1283               	bcf	3,5	;RP0=0, select bank0
   829  004E  1303               	bcf	3,6	;RP1=0, select bank0
   830  004F  0813               	movf	19,w	;volatile
   831  0050  00F0               	movwf	??_isr
   832  0051  0870               	movf	??_isr,w
   833  0052  00F7               	movwf	_GUARDADO
   834                           
   835                           ;I2CESCLAVO.c: 67:             _delay((unsigned long)((250)*(8000000/4000000.0)));
   836  0053  30A6               	movlw	166
   837  0054  00F0               	movwf	??_isr
   838  0055                     u18_27:
   839  0055  0BF0               	decfsz	??_isr,f
   840  0056  2855               	goto	u18_27
   841  0057  0000               	nop
   842                           
   843                           ;I2CESCLAVO.c: 69:         }else if(!SSPSTATbits.D_nA && SSPSTATbits.R_nW){
   844  0058  287A               	goto	i1l112
   845  0059                     i1l108:
   846  0059  1A94               	btfsc	20,5	;volatile
   847  005A  285C               	goto	u11_21
   848  005B  285D               	goto	u11_20
   849  005C                     u11_21:
   850  005C  287A               	goto	i1l112
   851  005D                     u11_20:
   852  005D                     i1l846:
   853  005D  1D14               	btfss	20,2	;volatile
   854  005E  2860               	goto	u12_21
   855  005F  2861               	goto	u12_20
   856  0060                     u12_21:
   857  0060  287A               	goto	i1l112
   858  0061                     u12_20:
   859  0061                     i1l848:
   860                           
   861                           ;I2CESCLAVO.c: 70:             z = SSPBUF;
   862  0061  1283               	bcf	3,5	;RP0=0, select bank0
   863  0062  1303               	bcf	3,6	;RP1=0, select bank0
   864  0063  0813               	movf	19,w	;volatile
   865  0064  00F0               	movwf	??_isr
   866  0065  0870               	movf	??_isr,w
   867  0066  00F9               	movwf	_z
   868  0067                     i1l850:
   869                           
   870                           ;I2CESCLAVO.c: 71:             BF = 0;
   871  0067  1683               	bsf	3,5	;RP0=1, select bank1
   872  0068  1303               	bcf	3,6	;RP1=0, select bank1
   873  0069  1014               	bcf	20,0	;volatile
   874                           
   875                           ;I2CESCLAVO.c: 72:             SSPBUF = GUARDADO;
   876  006A  0877               	movf	_GUARDADO,w
   877  006B  1283               	bcf	3,5	;RP0=0, select bank0
   878  006C  1303               	bcf	3,6	;RP1=0, select bank0
   879  006D  0093               	movwf	19	;volatile
   880  006E                     i1l852:
   881                           
   882                           ;I2CESCLAVO.c: 73:             SSPCONbits.CKP = 1;
   883  006E  1614               	bsf	20,4	;volatile
   884                           
   885                           ;I2CESCLAVO.c: 74:             _delay((unsigned long)((250)*(8000000/4000000.0)));
   886  006F  30A6               	movlw	166
   887  0070  00F0               	movwf	??_isr
   888  0071                     u19_27:
   889  0071  0BF0               	decfsz	??_isr,f
   890  0072  2871               	goto	u19_27
   891  0073  0000               	nop
   892  0074                     i1l114:	
   893                           ;I2CESCLAVO.c: 75:             while(SSPSTATbits.BF);
   894                           
   895  0074  1683               	bsf	3,5	;RP0=1, select bank1
   896  0075  1303               	bcf	3,6	;RP1=0, select bank1
   897  0076  1814               	btfsc	20,0	;volatile
   898  0077  2879               	goto	u13_21
   899  0078  287A               	goto	u13_20
   900  0079                     u13_21:
   901  0079  2874               	goto	i1l114
   902  007A                     u13_20:
   903  007A                     i1l112:
   904                           
   905                           ;I2CESCLAVO.c: 78:         PIR1bits.SSPIF = 0;
   906  007A  1283               	bcf	3,5	;RP0=0, select bank0
   907  007B  1303               	bcf	3,6	;RP1=0, select bank0
   908  007C  118C               	bcf	12,3	;volatile
   909  007D                     i1l104:	
   910                           ;I2CESCLAVO.c: 79:     }
   911                           
   912                           
   913                           ;I2CESCLAVO.c: 80:    if (PIR1bits.ADIF == 1)
   914  007D  1F0C               	btfss	12,6	;volatile
   915  007E  2880               	goto	u14_21
   916  007F  2881               	goto	u14_20
   917  0080                     u14_21:
   918  0080  2895               	goto	i1l119
   919  0081                     u14_20:
   920  0081                     i1l854:
   921                           
   922                           ;I2CESCLAVO.c: 81:     {;I2CESCLAVO.c: 82:         if (ADCON0bits.CHS == 0)
   923  0081  0C1F               	rrf	31,w	;volatile
   924  0082  00F0               	movwf	??_isr
   925  0083  0C70               	rrf	??_isr,w
   926  0084  390F               	andlw	15
   927  0085  3A00               	xorlw	0
   928  0086  1D03               	skipz
   929  0087  2889               	goto	u15_21
   930  0088  288A               	goto	u15_20
   931  0089                     u15_21:
   932  0089  288E               	goto	i1l118
   933  008A                     u15_20:
   934  008A                     i1l856:
   935                           
   936                           ;I2CESCLAVO.c: 83:         {;I2CESCLAVO.c: 84:             GUARDADO = ADRESH;
   937  008A  081E               	movf	30,w	;volatile
   938  008B  00F0               	movwf	??_isr
   939  008C  0870               	movf	??_isr,w
   940  008D  00F7               	movwf	_GUARDADO
   941  008E                     i1l118:	
   942                           ;I2CESCLAVO.c: 85:         }
   943                           
   944                           
   945                           ;I2CESCLAVO.c: 86:         _delay((unsigned long)((50)*(8000000/4000000.0)));
   946  008E  3021               	movlw	33
   947  008F  00F0               	movwf	??_isr
   948  0090                     u20_27:
   949  0090  0BF0               	decfsz	??_isr,f
   950  0091  2890               	goto	u20_27
   951  0092                     i1l858:
   952                           
   953                           ;I2CESCLAVO.c: 87:         PIR1bits.ADIF = 0;
   954  0092  1283               	bcf	3,5	;RP0=0, select bank0
   955  0093  1303               	bcf	3,6	;RP1=0, select bank0
   956  0094  130C               	bcf	12,6	;volatile
   957  0095                     i1l119:
   958  0095  0872               	movf	??_isr+2,w
   959  0096  008A               	movwf	10
   960  0097  0E71               	swapf	??_isr+1,w
   961  0098  0083               	movwf	3
   962  0099  0EFE               	swapf	btemp,f
   963  009A  0E7E               	swapf	btemp,w
   964  009B  0009               	retfie
   965  009C                     __end_of_isr:
   966  007E                     btemp	set	126	;btemp
   967  007E                     wtemp0	set	126
   968                           
   969                           	psect	intentry
   970  0004                     __pintentry:	
   971                           ;incstack = 0
   972                           ; Regs used in _isr: [wreg+status,2+status,0]
   973                           
   974  0004                     interrupt_function:
   975  007E                     saved_w	set	btemp
   976  0004  00FE               	movwf	btemp
   977  0005  0E03               	swapf	3,w
   978  0006  00F1               	movwf	??_isr+1
   979  0007  080A               	movf	10,w
   980  0008  00F2               	movwf	??_isr+2
   981  0009  120A  118A  2816   	ljmp	_isr
   982                           
   983                           	psect	config
   984                           
   985                           ;Config register CONFIG1 @ 0x2007
   986                           ;	Oscillator Selection bits
   987                           ;	FOSC = INTRC_NOCLKOUT, INTOSCIO oscillator: I/O function on RA6/OSC2/CLKOUT pin, I/O f
      +                          unction on RA7/OSC1/CLKIN
   988                           ;	Watchdog Timer Enable bit
   989                           ;	WDTE = OFF, WDT disabled and can be enabled by SWDTEN bit of the WDTCON register
   990                           ;	Power-up Timer Enable bit
   991                           ;	PWRTE = OFF, PWRT disabled
   992                           ;	RE3/MCLR pin function select bit
   993                           ;	MCLRE = OFF, RE3/MCLR pin function is digital input, MCLR internally tied to VDD
   994                           ;	Code Protection bit
   995                           ;	CP = OFF, Program memory code protection is disabled
   996                           ;	Data Code Protection bit
   997                           ;	CPD = OFF, Data memory code protection is disabled
   998                           ;	Brown Out Reset Selection bits
   999                           ;	BOREN = OFF, BOR disabled
  1000                           ;	Internal External Switchover bit
  1001                           ;	IESO = OFF, Internal/External Switchover mode is disabled
  1002                           ;	Fail-Safe Clock Monitor Enabled bit
  1003                           ;	FCMEN = OFF, Fail-Safe Clock Monitor is disabled
  1004                           ;	Low Voltage Programming Enable bit
  1005                           ;	LVP = OFF, RB3 pin has digital I/O, HV on MCLR must be used for programming
  1006                           ;	In-Circuit Debugger Mode bit
  1007                           ;	DEBUG = 0x1, unprogrammed default
  1008  2007                     	org	8199
  1009  2007  20D4               	dw	8404
  1010                           
  1011                           ;Config register CONFIG2 @ 0x2008
  1012                           ;	Brown-out Reset Selection bit
  1013                           ;	BOR4V = BOR40V, Brown-out Reset set to 4.0V
  1014                           ;	Flash Program Memory Self Write Enable bits
  1015                           ;	WRT = OFF, Write protection off
  1016  2008                     	org	8200
  1017  2008  3FFF               	dw	16383

Data Sizes:
    Strings     0
    Constant    0
    Data        0
    BSS         3
    Persistent  0
    Stack       0

Auto Spaces:
    Space          Size  Autos    Used
    COMMON           14      7      10
    BANK0            80      0       0
    BANK1            80      0       0
    BANK3            96      0       0
    BANK2            96      0       0

Pointer List with Targets:

    None.

Critical Paths under _main in COMMON

    _setup->_I2C_Slave_Init

Critical Paths under _isr in COMMON

    None.

Critical Paths under _main in BANK0

    None.

Critical Paths under _isr in BANK0

    None.

Critical Paths under _main in BANK1

    None.

Critical Paths under _isr in BANK1

    None.

Critical Paths under _main in BANK3

    None.

Critical Paths under _isr in BANK3

    None.

Critical Paths under _main in BANK2

    None.

Critical Paths under _isr in BANK2

    None.

Call Graph Tables:

 ---------------------------------------------------------------------------------
 (Depth) Function   	        Calls       Base Space   Used Autos Params    Refs
 ---------------------------------------------------------------------------------
 (0) _main                                                 3     3      0      15
                                              4 COMMON     3     3      0
                              _setup
 ---------------------------------------------------------------------------------
 (1) _setup                                                0     0      0      15
                     _I2C_Slave_Init
 ---------------------------------------------------------------------------------
 (2) _I2C_Slave_Init                                       1     1      0      15
                                              3 COMMON     1     1      0
 ---------------------------------------------------------------------------------
 Estimated maximum stack depth 2
 ---------------------------------------------------------------------------------
 (Depth) Function   	        Calls       Base Space   Used Autos Params    Refs
 ---------------------------------------------------------------------------------
 (3) _isr                                                  3     3      0       0
                                              0 COMMON     3     3      0
 ---------------------------------------------------------------------------------
 Estimated maximum stack depth 3
 ---------------------------------------------------------------------------------

 Call Graph Graphs:

 _main (ROOT)
   _setup
     _I2C_Slave_Init

 _isr (ROOT)

 Address spaces:
Name               Size   Autos  Total    Cost      Usage
BITCOMMON            E      0       0       0        0.0%
EEDATA             100      0       0       0        0.0%
NULL                 0      0       0       0        0.0%
CODE                 0      0       0       0        0.0%
COMMON               E      7       A       1       71.4%
BITSFR0              0      0       0       1        0.0%
SFR0                 0      0       0       1        0.0%
BITSFR1              0      0       0       2        0.0%
SFR1                 0      0       0       2        0.0%
STACK                0      0       0       2        0.0%
ABS                  0      0       A       3        0.0%
BITBANK0            50      0       0       4        0.0%
BITSFR3              0      0       0       4        0.0%
SFR3                 0      0       0       4        0.0%
BANK0               50      0       0       5        0.0%
BITSFR2              0      0       0       5        0.0%
SFR2                 0      0       0       5        0.0%
BITBANK1            50      0       0       6        0.0%
BANK1               50      0       0       7        0.0%
BITBANK3            60      0       0       8        0.0%
BANK3               60      0       0       9        0.0%
BITBANK2            60      0       0      10        0.0%
BANK2               60      0       0      11        0.0%
DATA                 0      0       A      12        0.0%


Microchip Technology PIC Macro Assembler V2.31 build 20201012212115 
Symbol Table                                                                                   Sun Aug 08 16:38:35 2021

                      _z 0079              _SSPSTATbits 0094                       _BF 04A0  
                     l55 00FB                      l130 00C6                      l730 00F4  
                    l722 00E3                      l732 00F5                      l724 00F1  
                    l740 009C                      l734 00F8                      l726 00F2  
                    l750 00AB                      l742 00A0                      l728 00F3  
                    l760 00B2                      l752 00AC                      l744 00A1  
                    l770 00BC                      l762 00B3                      l754 00AD  
                    l746 00A6                      l772 00BF                      l764 00B4  
                    l756 00B0                      l748 00AA                      l860 00C7  
                    l774 00C2                      l766 00B5                      l758 00B1  
                    l862 00CC                      l776 00C5                      l768 00B6  
                    l864 00CF                      l866 00D1                      _GIE 005F  
                    u167 00D7                      _isr 0016                     ?_isr 0070  
                   _PEIE 005E                     u5_20 001C                     u5_21 001B  
                   u6_20 0021                     u6_21 0020                     u7_20 0025  
                   u7_21 0024                     u8_20 0032                     u8_21 0031  
                   u9_20 0036                     u9_21 0035                     _dato 0078  
                   _main 00C7                     btemp 007E                     start 000C  
                  ??_isr 0070                    ?_main 0070                    _ANSEL 0188  
                  i1l112 007A                    i1l104 007D                    i1l114 0074  
                  i1l108 0059                    i1l109 0047                    i1l118 008E  
                  i1l119 0095                    i1l820 001C                    i1l830 002B  
                  i1l822 0021                    i1l840 0043                    i1l832 002C  
                  i1l824 0025                    i1l850 0067                    i1l842 0046  
                  i1l834 0032                    i1l826 0029                    i1l818 0016  
                  i1l852 006E                    i1l844 004D                    i1l836 0036  
                  i1l828 002A                    i1l854 0081                    i1l846 005D  
                  i1l838 0041                    i1l856 008A                    i1l848 0061  
                  i1l858 0092                    u10_20 004D                    u10_21 004C  
                  u11_20 005D                    u11_21 005C                    u12_20 0061  
                  u12_21 0060                    u20_27 0090                    u13_20 007A  
                  u13_21 0079                    u14_20 0081                    u14_21 0080  
                  u15_20 008A                    u15_21 0089                    u17_27 0038  
                  u18_27 0055                    _PORTA 0005                    _PORTB 0006  
                  u19_27 0071                    _TRISA 0085                    _TRISB 0086  
                  _SSPIE 0463                    _SSPIF 0063                    _setup 009C  
                  pclath 000A                    status 0003                    wtemp0 007E  
        __initialization 000F             __end_of_main 00E2                   ??_main 0074  
                 _ADRESH 001E                   ?_setup 0070                   _ANSELH 0189  
                 _SSPADD 0093                   _TRISC3 043B                   _TRISC4 043C  
                 _SSPCON 0014                   _SSPBUF 0013                   saved_w 007E  
__end_of__initialization 0012           __pcstackCOMMON 0070  __size_of_I2C_Slave_Init 001A  
          __end_of_setup 00C7                  ??_setup 0074    I2C_Slave_Init@address 0073  
             __pmaintext 00C7               __pintentry 0004                  _SSPCON2 0091  
                _SSPSTAT 0094                  __ptext1 009C                  __ptext2 00E2  
                __ptext3 0016             __size_of_isr 0086     end_of_initialization 0012  
         _I2C_Slave_Init 00E2                _TRISCbits 0087   __end_of_I2C_Slave_Init 00FC  
    start_initialization 000F              __end_of_isr 009C          ?_I2C_Slave_Init 0070  
            __pbssCOMMON 0077                ___latbits 0002           __size_of_setup 002B  
               _GUARDADO 0077        interrupt_function 0004                 _PIE1bits 008C  
               _PIR1bits 000C               _ADCON0bits 001F               _ADCON1bits 009F  
       ??_I2C_Slave_Init 0073            __size_of_main 001B                 intlevel1 0000  
             _OSCCONbits 008F              _SSPCON2bits 0091               _SSPCONbits 0014  
